<?xml version="1.0" encoding="UTF-8"?>
<coverage generated="1764096043350" clover="3.2.0">
  <project timestamp="1764096043350" name="All files">
    <metrics statements="306" coveredstatements="272" conditionals="121" coveredconditionals="99" methods="97" coveredmethods="80" elements="524" coveredelements="451" complexity="0" loc="306" ncloc="306" packages="4" files="12" classes="12"/>
    <package name="assets">
      <metrics statements="1" coveredstatements="1" conditionals="0" coveredconditionals="0" methods="0" coveredmethods="0"/>
      <file name="Logo.png" path="D:\Documents\School\Penn State\Fall 2025\Capstone Project\Source code\BasePaths_Capstone\frontend\src\assets\Logo.png">
        <metrics statements="1" coveredstatements="1" conditionals="0" coveredconditionals="0" methods="0" coveredmethods="0"/>
        <line num="1" count="5" type="stmt"/>
      </file>
    </package>
    <package name="components">
      <metrics statements="97" coveredstatements="82" conditionals="33" coveredconditionals="28" methods="32" coveredmethods="28"/>
      <file name="CreateTripForm.jsx" path="D:\Documents\School\Penn State\Fall 2025\Capstone Project\Source code\BasePaths_Capstone\frontend\src\components\CreateTripForm.jsx">
        <metrics statements="25" coveredstatements="24" conditionals="6" coveredconditionals="6" methods="8" coveredmethods="8"/>
        <line num="17" count="3" type="stmt"/>
        <line num="18" count="17" type="stmt"/>
        <line num="19" count="17" type="stmt"/>
        <line num="25" count="17" type="stmt"/>
        <line num="26" count="5" type="stmt"/>
        <line num="29" count="17" type="stmt"/>
        <line num="30" count="2" type="stmt"/>
        <line num="32" count="2" type="stmt"/>
        <line num="33" count="2" type="stmt"/>
        <line num="46" count="2" type="cond" truecount="2" falsecount="0"/>
        <line num="47" count="1" type="stmt"/>
        <line num="48" count="1" type="stmt"/>
        <line num="49" count="1" type="stmt"/>
        <line num="54" count="1" type="stmt"/>
        <line num="55" count="1" type="stmt"/>
        <line num="56" count="1" type="stmt"/>
        <line num="57" count="1" type="stmt"/>
        <line num="60" count="1" type="stmt"/>
        <line num="61" count="1" type="stmt"/>
        <line num="62" count="1" type="stmt"/>
        <line num="65" count="0" type="stmt"/>
        <line num="68" count="17" type="stmt"/>
        <line num="77" count="1" type="stmt"/>
        <line num="84" count="2" type="stmt"/>
        <line num="91" count="2" type="stmt"/>
      </file>
      <file name="GenerateTripForm.jsx" path="D:\Documents\School\Penn State\Fall 2025\Capstone Project\Source code\BasePaths_Capstone\frontend\src\components\GenerateTripForm.jsx">
        <metrics statements="31" coveredstatements="21" conditionals="13" coveredconditionals="10" methods="10" coveredmethods="9"/>
        <line num="17" count="3" type="stmt"/>
        <line num="18" count="23" type="stmt"/>
        <line num="19" count="23" type="stmt"/>
        <line num="27" count="23" type="stmt"/>
        <line num="28" count="5" type="stmt"/>
        <line num="31" count="23" type="stmt"/>
        <line num="32" count="1" type="stmt"/>
        <line num="34" count="1" type="stmt"/>
        <line num="43" count="1" type="cond" truecount="1" falsecount="1"/>
        <line num="50" count="0" type="stmt"/>
        <line num="51" count="0" type="stmt"/>
        <line num="54" count="1" type="stmt"/>
        <line num="55" count="1" type="stmt"/>
        <line num="64" count="1" type="cond" truecount="1" falsecount="1"/>
        <line num="65" count="0" type="stmt"/>
        <line num="66" count="0" type="stmt"/>
        <line num="67" count="0" type="stmt"/>
        <line num="74" count="0" type="stmt"/>
        <line num="75" count="0" type="stmt"/>
        <line num="76" count="0" type="stmt"/>
        <line num="77" count="0" type="stmt"/>
        <line num="80" count="1" type="stmt"/>
        <line num="81" count="1" type="stmt"/>
        <line num="82" count="1" type="stmt"/>
        <line num="85" count="0" type="stmt"/>
        <line num="88" count="23" type="stmt"/>
        <line num="96" count="1" type="stmt"/>
        <line num="103" count="1" type="stmt"/>
        <line num="110" count="1" type="stmt"/>
        <line num="117" count="1" type="stmt"/>
        <line num="124" count="1" type="stmt"/>
      </file>
      <file name="MuiNavbar.jsx" path="D:\Documents\School\Penn State\Fall 2025\Capstone Project\Source code\BasePaths_Capstone\frontend\src\components\MuiNavbar.jsx">
        <metrics statements="8" coveredstatements="7" conditionals="0" coveredconditionals="0" methods="4" coveredmethods="3"/>
        <line num="6" count="5" type="stmt"/>
        <line num="7" count="26" type="stmt"/>
        <line num="9" count="26" type="stmt"/>
        <line num="10" count="1" type="stmt"/>
        <line num="11" count="1" type="stmt"/>
        <line num="14" count="26" type="stmt"/>
        <line num="18" count="0" type="stmt"/>
        <line num="24" count="1" type="stmt"/>
      </file>
      <file name="UpdateTripForm.jsx" path="D:\Documents\School\Penn State\Fall 2025\Capstone Project\Source code\BasePaths_Capstone\frontend\src\components\UpdateTripForm.jsx">
        <metrics statements="33" coveredstatements="30" conditionals="14" coveredconditionals="12" methods="10" coveredmethods="8"/>
        <line num="18" count="3" type="stmt"/>
        <line num="19" count="24" type="stmt"/>
        <line num="20" count="24" type="stmt"/>
        <line num="26" count="24" type="stmt"/>
        <line num="27" count="2" type="stmt"/>
        <line num="30" count="24" type="stmt"/>
        <line num="31" count="2" type="stmt"/>
        <line num="33" count="2" type="stmt"/>
        <line num="40" count="2" type="stmt"/>
        <line num="41" count="2" type="stmt"/>
        <line num="50" count="2" type="cond" truecount="2" falsecount="0"/>
        <line num="51" count="1" type="stmt"/>
        <line num="52" count="1" type="stmt"/>
        <line num="53" count="1" type="stmt"/>
        <line num="58" count="1" type="stmt"/>
        <line num="59" count="1" type="stmt"/>
        <line num="60" count="1" type="stmt"/>
        <line num="61" count="1" type="stmt"/>
        <line num="64" count="1" type="stmt"/>
        <line num="65" count="1" type="stmt"/>
        <line num="66" count="1" type="stmt"/>
        <line num="69" count="0" type="stmt"/>
        <line num="73" count="24" type="stmt"/>
        <line num="74" count="4" type="cond" truecount="1" falsecount="1"/>
        <line num="75" count="4" type="stmt"/>
        <line num="76" count="4" type="stmt"/>
        <line num="79" count="24" type="stmt"/>
        <line num="80" count="10" type="cond" truecount="4" falsecount="0"/>
        <line num="81" count="2" type="stmt"/>
        <line num="89" count="24" type="stmt"/>
        <line num="101" count="2" type="stmt"/>
        <line num="108" count="0" type="stmt"/>
        <line num="115" count="0" type="stmt"/>
      </file>
    </package>
    <package name="pages">
      <metrics statements="147" coveredstatements="132" conditionals="64" coveredconditionals="49" methods="41" coveredmethods="32"/>
      <file name="CreateAccount.jsx" path="D:\Documents\School\Penn State\Fall 2025\Capstone Project\Source code\BasePaths_Capstone\frontend\src\pages\CreateAccount.jsx">
        <metrics statements="19" coveredstatements="18" conditionals="6" coveredconditionals="5" methods="4" coveredmethods="4"/>
        <line num="14" count="16" type="stmt"/>
        <line num="15" count="16" type="stmt"/>
        <line num="16" count="16" type="stmt"/>
        <line num="17" count="16" type="stmt"/>
        <line num="19" count="16" type="stmt"/>
        <line num="20" count="4" type="stmt"/>
        <line num="22" count="4" type="stmt"/>
        <line num="23" count="4" type="stmt"/>
        <line num="31" count="4" type="cond" truecount="2" falsecount="0"/>
        <line num="32" count="1" type="stmt"/>
        <line num="33" count="1" type="stmt"/>
        <line num="34" count="1" type="stmt"/>
        <line num="35" count="1" type="stmt"/>
        <line num="37" count="3" type="stmt"/>
        <line num="38" count="3" type="stmt"/>
        <line num="41" count="0" type="stmt"/>
        <line num="45" count="16" type="stmt"/>
        <line num="58" count="4" type="stmt"/>
        <line num="66" count="4" type="stmt"/>
      </file>
      <file name="Home.jsx" path="D:\Documents\School\Penn State\Fall 2025\Capstone Project\Source code\BasePaths_Capstone\frontend\src\pages\Home.jsx">
        <metrics statements="1" coveredstatements="1" conditionals="0" coveredconditionals="0" methods="1" coveredmethods="1"/>
        <line num="6" count="2" type="stmt"/>
      </file>
      <file name="Login.jsx" path="D:\Documents\School\Penn State\Fall 2025\Capstone Project\Source code\BasePaths_Capstone\frontend\src\pages\Login.jsx">
        <metrics statements="21" coveredstatements="21" conditionals="6" coveredconditionals="5" methods="5" coveredmethods="5"/>
        <line num="15" count="12" type="stmt"/>
        <line num="16" count="12" type="stmt"/>
        <line num="17" count="12" type="stmt"/>
        <line num="18" count="12" type="stmt"/>
        <line num="20" count="12" type="stmt"/>
        <line num="21" count="3" type="stmt"/>
        <line num="23" count="3" type="stmt"/>
        <line num="24" count="3" type="stmt"/>
        <line num="32" count="2" type="cond" truecount="2" falsecount="0"/>
        <line num="33" count="1" type="stmt"/>
        <line num="34" count="1" type="stmt"/>
        <line num="35" count="1" type="stmt"/>
        <line num="36" count="1" type="stmt"/>
        <line num="38" count="1" type="stmt"/>
        <line num="39" count="1" type="stmt"/>
        <line num="40" count="1" type="stmt"/>
        <line num="43" count="1" type="stmt"/>
        <line num="47" count="12" type="stmt"/>
        <line num="60" count="3" type="stmt"/>
        <line num="68" count="3" type="stmt"/>
        <line num="81" count="1" type="stmt"/>
      </file>
      <file name="TripsDetailsPage.jsx" path="D:\Documents\School\Penn State\Fall 2025\Capstone Project\Source code\BasePaths_Capstone\frontend\src\pages\TripsDetailsPage.jsx">
        <metrics statements="71" coveredstatements="63" conditionals="42" coveredconditionals="33" methods="19" coveredmethods="13"/>
        <line num="13" count="24" type="stmt"/>
        <line num="14" count="24" type="stmt"/>
        <line num="15" count="24" type="stmt"/>
        <line num="16" count="24" type="cond" truecount="2" falsecount="0"/>
        <line num="17" count="24" type="stmt"/>
        <line num="18" count="24" type="stmt"/>
        <line num="20" count="24" type="stmt"/>
        <line num="21" count="24" type="stmt"/>
        <line num="22" count="24" type="stmt"/>
        <line num="24" count="24" type="stmt"/>
        <line num="25" count="24" type="stmt"/>
        <line num="27" count="24" type="stmt"/>
        <line num="28" count="24" type="stmt"/>
        <line num="30" count="24" type="stmt"/>
        <line num="31" count="0" type="stmt"/>
        <line num="34" count="24" type="stmt"/>
        <line num="35" count="0" type="stmt"/>
        <line num="38" count="24" type="stmt"/>
        <line num="39" count="2" type="stmt"/>
        <line num="40" count="2" type="stmt"/>
        <line num="45" count="1" type="cond" truecount="1" falsecount="1"/>
        <line num="46" count="0" type="stmt"/>
        <line num="47" count="0" type="cond" truecount="0" falsecount="2"/>
        <line num="50" count="1" type="stmt"/>
        <line num="53" count="1" type="stmt"/>
        <line num="54" count="1" type="stmt"/>
        <line num="58" count="24" type="stmt"/>
        <line num="59" count="16" type="cond" truecount="2" falsecount="0"/>
        <line num="60" count="8" type="stmt"/>
        <line num="61" count="8" type="stmt"/>
        <line num="62" count="8" type="stmt"/>
        <line num="66" count="8" type="cond" truecount="1" falsecount="1"/>
        <line num="67" count="0" type="stmt"/>
        <line num="68" count="0" type="cond" truecount="0" falsecount="2"/>
        <line num="71" count="8" type="stmt"/>
        <line num="72" count="8" type="stmt"/>
        <line num="74" count="0" type="stmt"/>
        <line num="78" count="8" type="stmt"/>
        <line num="82" count="24" type="stmt"/>
        <line num="83" count="16" type="cond" truecount="2" falsecount="0"/>
        <line num="84" count="8" type="stmt"/>
        <line num="87" count="8" type="stmt"/>
        <line num="88" count="8" type="stmt"/>
        <line num="90" count="30" type="stmt"/>
        <line num="91" count="30" type="stmt"/>
        <line num="93" count="30" type="cond" truecount="2" falsecount="0"/>
        <line num="94" count="18" type="stmt"/>
        <line num="95" count="18" type="stmt"/>
        <line num="98" count="18" type="cond" truecount="1" falsecount="1"/>
        <line num="99" count="18" type="stmt"/>
        <line num="100" count="18" type="stmt"/>
        <line num="105" count="30" type="cond" truecount="2" falsecount="0"/>
        <line num="106" count="18" type="stmt"/>
        <line num="107" count="18" type="stmt"/>
        <line num="110" count="18" type="cond" truecount="1" falsecount="1"/>
        <line num="111" count="18" type="stmt"/>
        <line num="112" count="18" type="stmt"/>
        <line num="117" count="30" type="stmt"/>
        <line num="125" count="8" type="stmt"/>
        <line num="128" count="8" type="stmt"/>
        <line num="131" count="24" type="stmt"/>
        <line num="135" count="70" type="stmt"/>
        <line num="137" count="70" type="cond" truecount="1" falsecount="1"/>
        <line num="142" count="24" type="stmt"/>
        <line num="143" count="102" type="stmt"/>
        <line num="144" count="102" type="stmt"/>
        <line num="152" count="24" type="cond" truecount="2" falsecount="0"/>
        <line num="154" count="16" type="stmt"/>
        <line num="168" count="4" type="stmt"/>
        <line num="225" count="0" type="stmt"/>
        <line num="235" count="1" type="stmt"/>
      </file>
      <file name="TripsPage.jsx" path="D:\Documents\School\Penn State\Fall 2025\Capstone Project\Source code\BasePaths_Capstone\frontend\src\pages\TripsPage.jsx">
        <metrics statements="35" coveredstatements="29" conditionals="10" coveredconditionals="6" methods="12" coveredmethods="9"/>
        <line num="11" count="8" type="stmt"/>
        <line num="13" count="8" type="stmt"/>
        <line num="14" count="8" type="stmt"/>
        <line num="15" count="8" type="stmt"/>
        <line num="17" count="8" type="stmt"/>
        <line num="18" count="8" type="stmt"/>
        <line num="20" count="8" type="stmt"/>
        <line num="21" count="0" type="stmt"/>
        <line num="24" count="8" type="stmt"/>
        <line num="25" count="4" type="stmt"/>
        <line num="28" count="8" type="stmt"/>
        <line num="29" count="4" type="stmt"/>
        <line num="30" count="4" type="stmt"/>
        <line num="33" count="3" type="cond" truecount="1" falsecount="1"/>
        <line num="34" count="2" type="stmt"/>
        <line num="35" count="2" type="stmt"/>
        <line num="38" count="0" type="stmt"/>
        <line num="39" count="0" type="stmt"/>
        <line num="40" count="0" type="stmt"/>
        <line num="43" count="2" type="stmt"/>
        <line num="47" count="8" type="stmt"/>
        <line num="48" count="16" type="stmt"/>
        <line num="49" count="16" type="stmt"/>
        <line num="57" count="8" type="stmt"/>
        <line num="63" count="8" type="stmt"/>
        <line num="64" count="8" type="cond" truecount="1" falsecount="1"/>
        <line num="65" count="0" type="stmt"/>
        <line num="67" count="8" type="stmt"/>
        <line num="74" count="8" type="stmt"/>
        <line num="75" count="8" type="cond" truecount="1" falsecount="1"/>
        <line num="76" count="0" type="stmt"/>
        <line num="78" count="8" type="stmt"/>
        <line num="83" count="8" type="stmt"/>
        <line num="109" count="8" type="stmt"/>
        <line num="110" count="1" type="stmt"/>
      </file>
    </package>
    <package name="utils">
      <metrics statements="61" coveredstatements="57" conditionals="24" coveredconditionals="22" methods="24" coveredmethods="20"/>
      <file name="authUtils.js" path="D:\Documents\School\Penn State\Fall 2025\Capstone Project\Source code\BasePaths_Capstone\frontend\src\utils\authUtils.js">
        <metrics statements="8" coveredstatements="6" conditionals="0" coveredconditionals="0" methods="4" coveredmethods="2"/>
        <line num="1" count="3" type="stmt"/>
        <line num="2" count="2" type="stmt"/>
        <line num="5" count="3" type="stmt"/>
        <line num="6" count="0" type="stmt"/>
        <line num="9" count="3" type="stmt"/>
        <line num="10" count="1" type="stmt"/>
        <line num="13" count="3" type="stmt"/>
        <line num="14" count="0" type="stmt"/>
      </file>
      <file name="test-utils.js" path="D:\Documents\School\Penn State\Fall 2025\Capstone Project\Source code\BasePaths_Capstone\frontend\src\utils\test-utils.js">
        <metrics statements="53" coveredstatements="51" conditionals="24" coveredconditionals="22" methods="20" coveredmethods="18"/>
        <line num="1" count="3" type="stmt"/>
        <line num="52" count="3" type="stmt"/>
        <line num="67" count="3" type="stmt"/>
        <line num="73" count="3" type="stmt"/>
        <line num="79" count="3" type="stmt"/>
        <line num="85" count="3" type="stmt"/>
        <line num="91" count="3" type="stmt"/>
        <line num="97" count="3" type="stmt"/>
        <line num="104" count="3" type="stmt"/>
        <line num="105" count="2" type="stmt"/>
        <line num="107" count="2" type="stmt"/>
        <line num="111" count="3" type="stmt"/>
        <line num="112" count="6" type="stmt"/>
        <line num="113" count="42" type="cond" truecount="2" falsecount="0"/>
        <line num="114" count="6" type="stmt"/>
        <line num="116" count="6" type="stmt"/>
        <line num="120" count="36" type="cond" truecount="2" falsecount="0"/>
        <line num="121" count="6" type="stmt"/>
        <line num="123" count="6" type="stmt"/>
        <line num="127" count="30" type="cond" truecount="2" falsecount="0"/>
        <line num="128" count="6" type="stmt"/>
        <line num="130" count="6" type="stmt"/>
        <line num="134" count="24" type="cond" truecount="2" falsecount="0"/>
        <line num="135" count="6" type="stmt"/>
        <line num="137" count="6" type="stmt"/>
        <line num="141" count="18" type="cond" truecount="2" falsecount="0"/>
        <line num="142" count="6" type="stmt"/>
        <line num="144" count="6" type="stmt"/>
        <line num="148" count="12" type="cond" truecount="2" falsecount="0"/>
        <line num="149" count="6" type="stmt"/>
        <line num="151" count="6" type="stmt"/>
        <line num="155" count="6" type="cond" truecount="1" falsecount="1"/>
        <line num="156" count="6" type="stmt"/>
        <line num="158" count="6" type="stmt"/>
        <line num="162" count="0" type="stmt"/>
        <line num="166" count="3" type="stmt"/>
        <line num="167" count="2" type="stmt"/>
        <line num="168" count="2" type="cond" truecount="1" falsecount="1"/>
        <line num="169" count="2" type="stmt"/>
        <line num="171" count="2" type="stmt"/>
        <line num="175" count="0" type="stmt"/>
        <line num="179" count="3" type="stmt"/>
        <line num="180" count="1" type="stmt"/>
        <line num="181" count="1" type="stmt"/>
        <line num="182" count="8" type="cond" truecount="4" falsecount="0"/>
        <line num="183" count="1" type="stmt"/>
        <line num="188" count="7" type="stmt"/>
        <line num="192" count="3" type="stmt"/>
        <line num="193" count="1" type="stmt"/>
        <line num="194" count="1" type="stmt"/>
        <line num="195" count="8" type="cond" truecount="4" falsecount="0"/>
        <line num="196" count="1" type="stmt"/>
        <line num="198" count="7" type="stmt"/>
      </file>
    </package>
  </project>
</coverage>
