<?xml version="1.0" encoding="UTF-8"?>
<coverage generated="1759035738241" clover="3.2.0">
  <project timestamp="1759035738241" name="All files">
    <metrics statements="56" coveredstatements="53" conditionals="12" coveredconditionals="10" methods="16" coveredmethods="14" elements="84" coveredelements="77" complexity="0" loc="56" ncloc="56" packages="4" files="6" classes="6"/>
    <package name="assets">
      <metrics statements="1" coveredstatements="1" conditionals="0" coveredconditionals="0" methods="0" coveredmethods="0"/>
      <file name="Logo.png" path="D:\Documents\School\Penn State\Fall 2025\Capstone Project\Source code\BasePaths_Capstone\frontend\src\assets\Logo.png">
        <metrics statements="1" coveredstatements="1" conditionals="0" coveredconditionals="0" methods="0" coveredmethods="0"/>
        <line num="1" count="3" type="stmt"/>
      </file>
    </package>
    <package name="components">
      <metrics statements="6" coveredstatements="6" conditionals="0" coveredconditionals="0" methods="2" coveredmethods="2"/>
      <file name="MuiNavbar.jsx" path="D:\Documents\School\Penn State\Fall 2025\Capstone Project\Source code\BasePaths_Capstone\frontend\src\components\MuiNavbar.jsx">
        <metrics statements="6" coveredstatements="6" conditionals="0" coveredconditionals="0" methods="2" coveredmethods="2"/>
        <line num="6" count="3" type="stmt"/>
        <line num="7" count="1" type="stmt"/>
        <line num="9" count="1" type="stmt"/>
        <line num="10" count="1" type="stmt"/>
        <line num="11" count="1" type="stmt"/>
        <line num="13" count="1" type="stmt"/>
      </file>
    </package>
    <package name="pages">
      <metrics statements="41" coveredstatements="40" conditionals="12" coveredconditionals="10" methods="10" coveredmethods="10"/>
      <file name="CreateAccount.jsx" path="D:\Documents\School\Penn State\Fall 2025\Capstone Project\Source code\BasePaths_Capstone\frontend\src\pages\CreateAccount.jsx">
        <metrics statements="19" coveredstatements="18" conditionals="6" coveredconditionals="5" methods="4" coveredmethods="4"/>
        <line num="13" count="16" type="stmt"/>
        <line num="14" count="16" type="stmt"/>
        <line num="15" count="16" type="stmt"/>
        <line num="16" count="16" type="stmt"/>
        <line num="18" count="16" type="stmt"/>
        <line num="19" count="4" type="stmt"/>
        <line num="21" count="4" type="stmt"/>
        <line num="22" count="4" type="stmt"/>
        <line num="30" count="4" type="cond" truecount="2" falsecount="0"/>
        <line num="31" count="1" type="stmt"/>
        <line num="32" count="1" type="stmt"/>
        <line num="33" count="1" type="stmt"/>
        <line num="34" count="1" type="stmt"/>
        <line num="36" count="3" type="stmt"/>
        <line num="37" count="3" type="stmt"/>
        <line num="40" count="0" type="stmt"/>
        <line num="44" count="16" type="stmt"/>
        <line num="57" count="4" type="stmt"/>
        <line num="65" count="4" type="stmt"/>
      </file>
      <file name="Home.jsx" path="D:\Documents\School\Penn State\Fall 2025\Capstone Project\Source code\BasePaths_Capstone\frontend\src\pages\Home.jsx">
        <metrics statements="1" coveredstatements="1" conditionals="0" coveredconditionals="0" methods="1" coveredmethods="1"/>
        <line num="6" count="1" type="stmt"/>
      </file>
      <file name="Login.jsx" path="D:\Documents\School\Penn State\Fall 2025\Capstone Project\Source code\BasePaths_Capstone\frontend\src\pages\Login.jsx">
        <metrics statements="21" coveredstatements="21" conditionals="6" coveredconditionals="5" methods="5" coveredmethods="5"/>
        <line num="14" count="12" type="stmt"/>
        <line num="15" count="12" type="stmt"/>
        <line num="16" count="12" type="stmt"/>
        <line num="17" count="12" type="stmt"/>
        <line num="19" count="12" type="stmt"/>
        <line num="20" count="3" type="stmt"/>
        <line num="22" count="3" type="stmt"/>
        <line num="23" count="3" type="stmt"/>
        <line num="31" count="2" type="cond" truecount="2" falsecount="0"/>
        <line num="32" count="1" type="stmt"/>
        <line num="33" count="1" type="stmt"/>
        <line num="34" count="1" type="stmt"/>
        <line num="35" count="1" type="stmt"/>
        <line num="37" count="1" type="stmt"/>
        <line num="38" count="1" type="stmt"/>
        <line num="39" count="1" type="stmt"/>
        <line num="42" count="1" type="stmt"/>
        <line num="46" count="12" type="stmt"/>
        <line num="59" count="3" type="stmt"/>
        <line num="67" count="3" type="stmt"/>
        <line num="80" count="1" type="stmt"/>
      </file>
    </package>
    <package name="utils">
      <metrics statements="8" coveredstatements="6" conditionals="0" coveredconditionals="0" methods="4" coveredmethods="2"/>
      <file name="authUtils.js" path="D:\Documents\School\Penn State\Fall 2025\Capstone Project\Source code\BasePaths_Capstone\frontend\src\utils\authUtils.js">
        <metrics statements="8" coveredstatements="6" conditionals="0" coveredconditionals="0" methods="4" coveredmethods="2"/>
        <line num="1" count="3" type="stmt"/>
        <line num="2" count="2" type="stmt"/>
        <line num="5" count="3" type="stmt"/>
        <line num="6" count="0" type="stmt"/>
        <line num="9" count="3" type="stmt"/>
        <line num="10" count="1" type="stmt"/>
        <line num="13" count="3" type="stmt"/>
        <line num="14" count="0" type="stmt"/>
      </file>
    </package>
  </project>
</coverage>
