{"D:\\Documents\\School\\Penn State\\Fall 2025\\Capstone Project\\Source code\\BasePaths_Capstone\\frontend\\src\\assets\\Logo.png": {"path":"D:\\Documents\\School\\Penn State\\Fall 2025\\Capstone Project\\Source code\\BasePaths_Capstone\\frontend\\src\\assets\\Logo.png","statementMap":{"0":{"start":{"line":1,"column":0},"end":{"line":1,"column":19}}},"fnMap":{},"branchMap":{},"s":{"0":5},"f":{},"b":{},"_coverageSchema":"1a1c01bbd47fc00a2c39e90264f33305004495a9","hash":"ec3d6f955eb4c46b4d5455402e8baa878800b251"}
,"D:\\Documents\\School\\Penn State\\Fall 2025\\Capstone Project\\Source code\\BasePaths_Capstone\\frontend\\src\\components\\CreateTripForm.jsx": {"path":"D:\\Documents\\School\\Penn State\\Fall 2025\\Capstone Project\\Source code\\BasePaths_Capstone\\frontend\\src\\components\\CreateTripForm.jsx","statementMap":{"0":{"start":{"line":17,"column":23},"end":{"line":110,"column":1}},"1":{"start":{"line":18,"column":32},"end":{"line":18,"column":44}},"2":{"start":{"line":19,"column":34},"end":{"line":23,"column":4}},"3":{"start":{"line":25,"column":23},"end":{"line":27,"column":3}},"4":{"start":{"line":26,"column":6},"end":{"line":26,"column":54}},"5":{"start":{"line":26,"column":29},"end":{"line":26,"column":52}},"6":{"start":{"line":29,"column":23},"end":{"line":67,"column":5}},"7":{"start":{"line":30,"column":6},"end":{"line":30,"column":25}},"8":{"start":{"line":32,"column":6},"end":{"line":66,"column":7}},"9":{"start":{"line":33,"column":25},"end":{"line":44,"column":10}},"10":{"start":{"line":46,"column":8},"end":{"line":63,"column":9}},"11":{"start":{"line":47,"column":26},"end":{"line":47,"column":47}},"12":{"start":{"line":48,"column":10},"end":{"line":48,"column":33}},"13":{"start":{"line":49,"column":10},"end":{"line":53,"column":13}},"14":{"start":{"line":54,"column":10},"end":{"line":54,"column":51}},"15":{"start":{"line":55,"column":10},"end":{"line":58,"column":19}},"16":{"start":{"line":56,"column":12},"end":{"line":56,"column":22}},"17":{"start":{"line":57,"column":12},"end":{"line":57,"column":27}},"18":{"start":{"line":60,"column":28},"end":{"line":60,"column":49}},"19":{"start":{"line":61,"column":24},"end":{"line":61,"column":39}},"20":{"start":{"line":62,"column":10},"end":{"line":62,"column":40}},"21":{"start":{"line":65,"column":8},"end":{"line":65,"column":46}},"22":{"start":{"line":68,"column":2},"end":{"line":109,"column":3}},"23":{"start":{"line":77,"column":29},"end":{"line":77,"column":65}},"24":{"start":{"line":84,"column":38},"end":{"line":84,"column":73}},"25":{"start":{"line":91,"column":38},"end":{"line":91,"column":71}}},"fnMap":{"0":{"name":"(anonymous_0)","decl":{"start":{"line":17,"column":23},"end":{"line":17,"column":24}},"loc":{"start":{"line":17,"column":62},"end":{"line":110,"column":1}},"line":17},"1":{"name":"(anonymous_1)","decl":{"start":{"line":25,"column":23},"end":{"line":25,"column":24}},"loc":{"start":{"line":25,"column":39},"end":{"line":27,"column":3}},"line":25},"2":{"name":"(anonymous_2)","decl":{"start":{"line":26,"column":18},"end":{"line":26,"column":19}},"loc":{"start":{"line":26,"column":29},"end":{"line":26,"column":52}},"line":26},"3":{"name":"(anonymous_3)","decl":{"start":{"line":29,"column":23},"end":{"line":29,"column":24}},"loc":{"start":{"line":29,"column":36},"end":{"line":67,"column":5}},"line":29},"4":{"name":"(anonymous_4)","decl":{"start":{"line":55,"column":21},"end":{"line":55,"column":22}},"loc":{"start":{"line":55,"column":27},"end":{"line":58,"column":11}},"line":55},"5":{"name":"(anonymous_5)","decl":{"start":{"line":77,"column":22},"end":{"line":77,"column":23}},"loc":{"start":{"line":77,"column":29},"end":{"line":77,"column":65}},"line":77},"6":{"name":"(anonymous_6)","decl":{"start":{"line":84,"column":24},"end":{"line":84,"column":25}},"loc":{"start":{"line":84,"column":38},"end":{"line":84,"column":73}},"line":84},"7":{"name":"(anonymous_7)","decl":{"start":{"line":91,"column":24},"end":{"line":91,"column":25}},"loc":{"start":{"line":91,"column":38},"end":{"line":91,"column":71}},"line":91}},"branchMap":{"0":{"loc":{"start":{"line":46,"column":8},"end":{"line":63,"column":9}},"type":"if","locations":[{"start":{"line":46,"column":8},"end":{"line":63,"column":9}},{"start":{"line":59,"column":15},"end":{"line":63,"column":9}}],"line":46},"1":{"loc":{"start":{"line":95,"column":11},"end":{"line":99,"column":11}},"type":"binary-expr","locations":[{"start":{"line":95,"column":11},"end":{"line":95,"column":18}},{"start":{"line":96,"column":12},"end":{"line":98,"column":20}}],"line":95},"2":{"loc":{"start":{"line":96,"column":29},"end":{"line":96,"column":78}},"type":"cond-expr","locations":[{"start":{"line":96,"column":59},"end":{"line":96,"column":66}},{"start":{"line":96,"column":69},"end":{"line":96,"column":78}}],"line":96}},"s":{"0":3,"1":17,"2":17,"3":17,"4":5,"5":5,"6":17,"7":2,"8":2,"9":2,"10":2,"11":1,"12":1,"13":1,"14":1,"15":1,"16":1,"17":1,"18":1,"19":1,"20":1,"21":0,"22":17,"23":1,"24":2,"25":2},"f":{"0":17,"1":5,"2":5,"3":2,"4":1,"5":1,"6":2,"7":2},"b":{"0":[1,1],"1":[17,2],"2":[1,1]},"_coverageSchema":"1a1c01bbd47fc00a2c39e90264f33305004495a9","hash":"5f1651a9996ca4dc50cdbedb0518727aa5e99869"}
,"D:\\Documents\\School\\Penn State\\Fall 2025\\Capstone Project\\Source code\\BasePaths_Capstone\\frontend\\src\\components\\GenerateTripForm.jsx": {"path":"D:\\Documents\\School\\Penn State\\Fall 2025\\Capstone Project\\Source code\\BasePaths_Capstone\\frontend\\src\\components\\GenerateTripForm.jsx","statementMap":{"0":{"start":{"line":17,"column":25},"end":{"line":143,"column":1}},"1":{"start":{"line":18,"column":32},"end":{"line":18,"column":44}},"2":{"start":{"line":19,"column":34},"end":{"line":25,"column":4}},"3":{"start":{"line":27,"column":23},"end":{"line":29,"column":3}},"4":{"start":{"line":28,"column":6},"end":{"line":28,"column":54}},"5":{"start":{"line":28,"column":29},"end":{"line":28,"column":52}},"6":{"start":{"line":31,"column":23},"end":{"line":87,"column":5}},"7":{"start":{"line":32,"column":6},"end":{"line":32,"column":25}},"8":{"start":{"line":34,"column":18},"end":{"line":41,"column":7}},"9":{"start":{"line":43,"column":6},"end":{"line":52,"column":7}},"10":{"start":{"line":50,"column":8},"end":{"line":50,"column":63}},"11":{"start":{"line":51,"column":8},"end":{"line":51,"column":15}},"12":{"start":{"line":54,"column":6},"end":{"line":86,"column":7}},"13":{"start":{"line":55,"column":25},"end":{"line":62,"column":10}},"14":{"start":{"line":64,"column":8},"end":{"line":83,"column":9}},"15":{"start":{"line":65,"column":26},"end":{"line":65,"column":47}},"16":{"start":{"line":66,"column":10},"end":{"line":66,"column":35}},"17":{"start":{"line":67,"column":10},"end":{"line":73,"column":13}},"18":{"start":{"line":74,"column":10},"end":{"line":74,"column":53}},"19":{"start":{"line":75,"column":10},"end":{"line":78,"column":19}},"20":{"start":{"line":76,"column":12},"end":{"line":76,"column":22}},"21":{"start":{"line":77,"column":12},"end":{"line":77,"column":27}},"22":{"start":{"line":80,"column":28},"end":{"line":80,"column":49}},"23":{"start":{"line":81,"column":24},"end":{"line":81,"column":39}},"24":{"start":{"line":82,"column":10},"end":{"line":82,"column":40}},"25":{"start":{"line":85,"column":8},"end":{"line":85,"column":46}},"26":{"start":{"line":88,"column":2},"end":{"line":142,"column":3}},"27":{"start":{"line":96,"column":29},"end":{"line":96,"column":74}},"28":{"start":{"line":103,"column":29},"end":{"line":103,"column":75}},"29":{"start":{"line":110,"column":29},"end":{"line":110,"column":72}},"30":{"start":{"line":117,"column":29},"end":{"line":117,"column":73}},"31":{"start":{"line":124,"column":29},"end":{"line":124,"column":75}}},"fnMap":{"0":{"name":"(anonymous_0)","decl":{"start":{"line":17,"column":25},"end":{"line":17,"column":26}},"loc":{"start":{"line":17,"column":72},"end":{"line":143,"column":1}},"line":17},"1":{"name":"(anonymous_1)","decl":{"start":{"line":27,"column":23},"end":{"line":27,"column":24}},"loc":{"start":{"line":27,"column":39},"end":{"line":29,"column":3}},"line":27},"2":{"name":"(anonymous_2)","decl":{"start":{"line":28,"column":18},"end":{"line":28,"column":19}},"loc":{"start":{"line":28,"column":29},"end":{"line":28,"column":52}},"line":28},"3":{"name":"(anonymous_3)","decl":{"start":{"line":31,"column":23},"end":{"line":31,"column":24}},"loc":{"start":{"line":31,"column":36},"end":{"line":87,"column":5}},"line":31},"4":{"name":"(anonymous_4)","decl":{"start":{"line":75,"column":21},"end":{"line":75,"column":22}},"loc":{"start":{"line":75,"column":27},"end":{"line":78,"column":11}},"line":75},"5":{"name":"(anonymous_5)","decl":{"start":{"line":96,"column":22},"end":{"line":96,"column":23}},"loc":{"start":{"line":96,"column":29},"end":{"line":96,"column":74}},"line":96},"6":{"name":"(anonymous_6)","decl":{"start":{"line":103,"column":22},"end":{"line":103,"column":23}},"loc":{"start":{"line":103,"column":29},"end":{"line":103,"column":75}},"line":103},"7":{"name":"(anonymous_7)","decl":{"start":{"line":110,"column":22},"end":{"line":110,"column":23}},"loc":{"start":{"line":110,"column":29},"end":{"line":110,"column":72}},"line":110},"8":{"name":"(anonymous_8)","decl":{"start":{"line":117,"column":22},"end":{"line":117,"column":23}},"loc":{"start":{"line":117,"column":29},"end":{"line":117,"column":73}},"line":117},"9":{"name":"(anonymous_9)","decl":{"start":{"line":124,"column":22},"end":{"line":124,"column":23}},"loc":{"start":{"line":124,"column":29},"end":{"line":124,"column":75}},"line":124}},"branchMap":{"0":{"loc":{"start":{"line":43,"column":6},"end":{"line":52,"column":7}},"type":"if","locations":[{"start":{"line":43,"column":6},"end":{"line":52,"column":7}},{"start":{},"end":{}}],"line":43},"1":{"loc":{"start":{"line":44,"column":8},"end":{"line":48,"column":33}},"type":"binary-expr","locations":[{"start":{"line":44,"column":8},"end":{"line":44,"column":32}},{"start":{"line":45,"column":8},"end":{"line":45,"column":33}},{"start":{"line":46,"column":8},"end":{"line":46,"column":30}},{"start":{"line":47,"column":8},"end":{"line":47,"column":31}},{"start":{"line":48,"column":8},"end":{"line":48,"column":33}}],"line":44},"2":{"loc":{"start":{"line":64,"column":8},"end":{"line":83,"column":9}},"type":"if","locations":[{"start":{"line":64,"column":8},"end":{"line":83,"column":9}},{"start":{"line":79,"column":15},"end":{"line":83,"column":9}}],"line":64},"3":{"loc":{"start":{"line":128,"column":11},"end":{"line":132,"column":11}},"type":"binary-expr","locations":[{"start":{"line":128,"column":11},"end":{"line":128,"column":18}},{"start":{"line":129,"column":12},"end":{"line":131,"column":20}}],"line":128},"4":{"loc":{"start":{"line":129,"column":29},"end":{"line":129,"column":78}},"type":"cond-expr","locations":[{"start":{"line":129,"column":59},"end":{"line":129,"column":66}},{"start":{"line":129,"column":69},"end":{"line":129,"column":78}}],"line":129}},"s":{"0":3,"1":23,"2":23,"3":23,"4":5,"5":5,"6":23,"7":1,"8":1,"9":1,"10":0,"11":0,"12":1,"13":1,"14":1,"15":0,"16":0,"17":0,"18":0,"19":0,"20":0,"21":0,"22":1,"23":1,"24":1,"25":0,"26":23,"27":1,"28":1,"29":1,"30":1,"31":1},"f":{"0":23,"1":5,"2":5,"3":1,"4":0,"5":1,"6":1,"7":1,"8":1,"9":1},"b":{"0":[0,1],"1":[1,1,1,1,1],"2":[0,1],"3":[23,1],"4":[1,0]},"_coverageSchema":"1a1c01bbd47fc00a2c39e90264f33305004495a9","hash":"ba2072594f01cdf1984f1c9420bbae3e4077b9a1"}
,"D:\\Documents\\School\\Penn State\\Fall 2025\\Capstone Project\\Source code\\BasePaths_Capstone\\frontend\\src\\components\\MuiNavbar.jsx": {"path":"D:\\Documents\\School\\Penn State\\Fall 2025\\Capstone Project\\Source code\\BasePaths_Capstone\\frontend\\src\\components\\MuiNavbar.jsx","statementMap":{"0":{"start":{"line":6,"column":25},"end":{"line":36,"column":1}},"1":{"start":{"line":7,"column":21},"end":{"line":7,"column":34}},"2":{"start":{"line":9,"column":25},"end":{"line":12,"column":5}},"3":{"start":{"line":10,"column":8},"end":{"line":10,"column":21}},"4":{"start":{"line":11,"column":8},"end":{"line":11,"column":27}},"5":{"start":{"line":14,"column":4},"end":{"line":35,"column":5}},"6":{"start":{"line":18,"column":74},"end":{"line":18,"column":91}},"7":{"start":{"line":24,"column":59},"end":{"line":24,"column":77}}},"fnMap":{"0":{"name":"(anonymous_0)","decl":{"start":{"line":6,"column":25},"end":{"line":6,"column":26}},"loc":{"start":{"line":6,"column":31},"end":{"line":36,"column":1}},"line":6},"1":{"name":"(anonymous_1)","decl":{"start":{"line":9,"column":25},"end":{"line":9,"column":26}},"loc":{"start":{"line":9,"column":31},"end":{"line":12,"column":5}},"line":9},"2":{"name":"(anonymous_2)","decl":{"start":{"line":18,"column":68},"end":{"line":18,"column":69}},"loc":{"start":{"line":18,"column":74},"end":{"line":18,"column":91}},"line":18},"3":{"name":"(anonymous_3)","decl":{"start":{"line":24,"column":53},"end":{"line":24,"column":54}},"loc":{"start":{"line":24,"column":59},"end":{"line":24,"column":77}},"line":24}},"branchMap":{},"s":{"0":5,"1":26,"2":26,"3":1,"4":1,"5":26,"6":0,"7":1},"f":{"0":26,"1":1,"2":0,"3":1},"b":{},"_coverageSchema":"1a1c01bbd47fc00a2c39e90264f33305004495a9","hash":"6d7030e7b35bc4d1e81a41772c81197f4a9c5e02"}
,"D:\\Documents\\School\\Penn State\\Fall 2025\\Capstone Project\\Source code\\BasePaths_Capstone\\frontend\\src\\components\\UpdateTripForm.jsx": {"path":"D:\\Documents\\School\\Penn State\\Fall 2025\\Capstone Project\\Source code\\BasePaths_Capstone\\frontend\\src\\components\\UpdateTripForm.jsx","statementMap":{"0":{"start":{"line":18,"column":23},"end":{"line":134,"column":1}},"1":{"start":{"line":19,"column":32},"end":{"line":19,"column":44}},"2":{"start":{"line":20,"column":34},"end":{"line":24,"column":4}},"3":{"start":{"line":26,"column":23},"end":{"line":28,"column":3}},"4":{"start":{"line":27,"column":6},"end":{"line":27,"column":54}},"5":{"start":{"line":27,"column":29},"end":{"line":27,"column":52}},"6":{"start":{"line":30,"column":23},"end":{"line":71,"column":3}},"7":{"start":{"line":31,"column":6},"end":{"line":31,"column":25}},"8":{"start":{"line":33,"column":22},"end":{"line":38,"column":9}},"9":{"start":{"line":40,"column":6},"end":{"line":70,"column":7}},"10":{"start":{"line":41,"column":25},"end":{"line":48,"column":10}},"11":{"start":{"line":50,"column":8},"end":{"line":67,"column":9}},"12":{"start":{"line":51,"column":26},"end":{"line":51,"column":47}},"13":{"start":{"line":52,"column":10},"end":{"line":52,"column":33}},"14":{"start":{"line":53,"column":10},"end":{"line":57,"column":13}},"15":{"start":{"line":58,"column":10},"end":{"line":58,"column":51}},"16":{"start":{"line":59,"column":10},"end":{"line":62,"column":19}},"17":{"start":{"line":60,"column":12},"end":{"line":60,"column":22}},"18":{"start":{"line":61,"column":12},"end":{"line":61,"column":27}},"19":{"start":{"line":64,"column":28},"end":{"line":64,"column":49}},"20":{"start":{"line":65,"column":24},"end":{"line":65,"column":39}},"21":{"start":{"line":66,"column":10},"end":{"line":66,"column":40}},"22":{"start":{"line":69,"column":8},"end":{"line":69,"column":46}},"23":{"start":{"line":73,"column":24},"end":{"line":77,"column":3}},"24":{"start":{"line":74,"column":4},"end":{"line":74,"column":32}},"25":{"start":{"line":74,"column":20},"end":{"line":74,"column":32}},"26":{"start":{"line":75,"column":31},"end":{"line":75,"column":77}},"27":{"start":{"line":76,"column":4},"end":{"line":76,"column":42}},"28":{"start":{"line":79,"column":2},"end":{"line":87,"column":19}},"29":{"start":{"line":80,"column":4},"end":{"line":86,"column":5}},"30":{"start":{"line":81,"column":6},"end":{"line":85,"column":9}},"31":{"start":{"line":89,"column":2},"end":{"line":133,"column":3}},"32":{"start":{"line":101,"column":29},"end":{"line":101,"column":65}},"33":{"start":{"line":108,"column":38},"end":{"line":108,"column":73}},"34":{"start":{"line":115,"column":38},"end":{"line":115,"column":71}}},"fnMap":{"0":{"name":"(anonymous_0)","decl":{"start":{"line":18,"column":23},"end":{"line":18,"column":24}},"loc":{"start":{"line":18,"column":68},"end":{"line":134,"column":1}},"line":18},"1":{"name":"(anonymous_1)","decl":{"start":{"line":26,"column":23},"end":{"line":26,"column":24}},"loc":{"start":{"line":26,"column":39},"end":{"line":28,"column":3}},"line":26},"2":{"name":"(anonymous_2)","decl":{"start":{"line":27,"column":18},"end":{"line":27,"column":19}},"loc":{"start":{"line":27,"column":29},"end":{"line":27,"column":52}},"line":27},"3":{"name":"(anonymous_3)","decl":{"start":{"line":30,"column":23},"end":{"line":30,"column":24}},"loc":{"start":{"line":30,"column":36},"end":{"line":71,"column":3}},"line":30},"4":{"name":"(anonymous_4)","decl":{"start":{"line":59,"column":21},"end":{"line":59,"column":22}},"loc":{"start":{"line":59,"column":27},"end":{"line":62,"column":11}},"line":59},"5":{"name":"(anonymous_5)","decl":{"start":{"line":73,"column":24},"end":{"line":73,"column":25}},"loc":{"start":{"line":73,"column":39},"end":{"line":77,"column":3}},"line":73},"6":{"name":"(anonymous_6)","decl":{"start":{"line":79,"column":12},"end":{"line":79,"column":13}},"loc":{"start":{"line":79,"column":18},"end":{"line":87,"column":3}},"line":79},"7":{"name":"(anonymous_7)","decl":{"start":{"line":101,"column":22},"end":{"line":101,"column":23}},"loc":{"start":{"line":101,"column":29},"end":{"line":101,"column":65}},"line":101},"8":{"name":"(anonymous_8)","decl":{"start":{"line":108,"column":24},"end":{"line":108,"column":25}},"loc":{"start":{"line":108,"column":38},"end":{"line":108,"column":73}},"line":108},"9":{"name":"(anonymous_9)","decl":{"start":{"line":115,"column":24},"end":{"line":115,"column":25}},"loc":{"start":{"line":115,"column":38},"end":{"line":115,"column":71}},"line":115}},"branchMap":{"0":{"loc":{"start":{"line":50,"column":8},"end":{"line":67,"column":9}},"type":"if","locations":[{"start":{"line":50,"column":8},"end":{"line":67,"column":9}},{"start":{"line":63,"column":15},"end":{"line":67,"column":9}}],"line":50},"1":{"loc":{"start":{"line":74,"column":4},"end":{"line":74,"column":32}},"type":"if","locations":[{"start":{"line":74,"column":4},"end":{"line":74,"column":32}},{"start":{},"end":{}}],"line":74},"2":{"loc":{"start":{"line":80,"column":4},"end":{"line":86,"column":5}},"type":"if","locations":[{"start":{"line":80,"column":4},"end":{"line":86,"column":5}},{"start":{},"end":{}}],"line":80},"3":{"loc":{"start":{"line":80,"column":8},"end":{"line":80,"column":20}},"type":"binary-expr","locations":[{"start":{"line":80,"column":8},"end":{"line":80,"column":12}},{"start":{"line":80,"column":16},"end":{"line":80,"column":20}}],"line":80},"4":{"loc":{"start":{"line":82,"column":14},"end":{"line":82,"column":29}},"type":"binary-expr","locations":[{"start":{"line":82,"column":14},"end":{"line":82,"column":23}},{"start":{"line":82,"column":27},"end":{"line":82,"column":29}}],"line":82},"5":{"loc":{"start":{"line":119,"column":11},"end":{"line":123,"column":11}},"type":"binary-expr","locations":[{"start":{"line":119,"column":11},"end":{"line":119,"column":18}},{"start":{"line":120,"column":12},"end":{"line":122,"column":20}}],"line":119},"6":{"loc":{"start":{"line":120,"column":29},"end":{"line":120,"column":78}},"type":"cond-expr","locations":[{"start":{"line":120,"column":59},"end":{"line":120,"column":66}},{"start":{"line":120,"column":69},"end":{"line":120,"column":78}}],"line":120}},"s":{"0":3,"1":24,"2":24,"3":24,"4":2,"5":2,"6":24,"7":2,"8":2,"9":2,"10":2,"11":2,"12":1,"13":1,"14":1,"15":1,"16":1,"17":1,"18":1,"19":1,"20":1,"21":1,"22":0,"23":24,"24":4,"25":0,"26":4,"27":4,"28":24,"29":10,"30":2,"31":24,"32":2,"33":0,"34":0},"f":{"0":24,"1":2,"2":2,"3":2,"4":1,"5":4,"6":10,"7":2,"8":0,"9":0},"b":{"0":[1,1],"1":[0,4],"2":[2,8],"3":[10,10],"4":[2,0],"5":[24,2],"6":[1,1]},"_coverageSchema":"1a1c01bbd47fc00a2c39e90264f33305004495a9","hash":"9885e2d7cbbcd1b1bdda59cdf10f0b3f580ddef0"}
,"D:\\Documents\\School\\Penn State\\Fall 2025\\Capstone Project\\Source code\\BasePaths_Capstone\\frontend\\src\\pages\\CreateAccount.jsx": {"path":"D:\\Documents\\School\\Penn State\\Fall 2025\\Capstone Project\\Source code\\BasePaths_Capstone\\frontend\\src\\pages\\CreateAccount.jsx","statementMap":{"0":{"start":{"line":14,"column":34},"end":{"line":14,"column":46}},"1":{"start":{"line":15,"column":34},"end":{"line":15,"column":46}},"2":{"start":{"line":16,"column":32},"end":{"line":16,"column":44}},"3":{"start":{"line":17,"column":19},"end":{"line":17,"column":32}},"4":{"start":{"line":19,"column":23},"end":{"line":43,"column":3}},"5":{"start":{"line":20,"column":4},"end":{"line":20,"column":23}},"6":{"start":{"line":22,"column":4},"end":{"line":42,"column":5}},"7":{"start":{"line":23,"column":23},"end":{"line":29,"column":8}},"8":{"start":{"line":31,"column":6},"end":{"line":39,"column":7}},"9":{"start":{"line":32,"column":21},"end":{"line":32,"column":42}},"10":{"start":{"line":33,"column":22},"end":{"line":33,"column":32}},"11":{"start":{"line":34,"column":8},"end":{"line":34,"column":25}},"12":{"start":{"line":35,"column":8},"end":{"line":35,"column":26}},"13":{"start":{"line":37,"column":22},"end":{"line":37,"column":43}},"14":{"start":{"line":38,"column":8},"end":{"line":38,"column":38}},"15":{"start":{"line":41,"column":6},"end":{"line":41,"column":42}},"16":{"start":{"line":45,"column":2},"end":{"line":84,"column":4}},"17":{"start":{"line":58,"column":37},"end":{"line":58,"column":64}},"18":{"start":{"line":66,"column":37},"end":{"line":66,"column":64}}},"fnMap":{"0":{"name":"CreateAccount","decl":{"start":{"line":13,"column":9},"end":{"line":13,"column":22}},"loc":{"start":{"line":13,"column":25},"end":{"line":85,"column":1}},"line":13},"1":{"name":"(anonymous_1)","decl":{"start":{"line":19,"column":23},"end":{"line":19,"column":24}},"loc":{"start":{"line":19,"column":36},"end":{"line":43,"column":3}},"line":19},"2":{"name":"(anonymous_2)","decl":{"start":{"line":58,"column":30},"end":{"line":58,"column":31}},"loc":{"start":{"line":58,"column":37},"end":{"line":58,"column":64}},"line":58},"3":{"name":"(anonymous_3)","decl":{"start":{"line":66,"column":30},"end":{"line":66,"column":31}},"loc":{"start":{"line":66,"column":37},"end":{"line":66,"column":64}},"line":66}},"branchMap":{"0":{"loc":{"start":{"line":31,"column":6},"end":{"line":39,"column":7}},"type":"if","locations":[{"start":{"line":31,"column":6},"end":{"line":39,"column":7}},{"start":{"line":36,"column":13},"end":{"line":39,"column":7}}],"line":31},"1":{"loc":{"start":{"line":77,"column":13},"end":{"line":81,"column":13}},"type":"binary-expr","locations":[{"start":{"line":77,"column":13},"end":{"line":77,"column":20}},{"start":{"line":78,"column":16},"end":{"line":80,"column":24}}],"line":77},"2":{"loc":{"start":{"line":78,"column":33},"end":{"line":78,"column":82}},"type":"cond-expr","locations":[{"start":{"line":78,"column":63},"end":{"line":78,"column":70}},{"start":{"line":78,"column":73},"end":{"line":78,"column":82}}],"line":78}},"s":{"0":16,"1":16,"2":16,"3":16,"4":16,"5":4,"6":4,"7":4,"8":4,"9":1,"10":1,"11":1,"12":1,"13":3,"14":3,"15":0,"16":16,"17":4,"18":4},"f":{"0":16,"1":4,"2":4,"3":4},"b":{"0":[1,3],"1":[16,3],"2":[3,0]},"_coverageSchema":"1a1c01bbd47fc00a2c39e90264f33305004495a9","hash":"9e28ac9514d2c0c17049506c45561c1205bc6745"}
,"D:\\Documents\\School\\Penn State\\Fall 2025\\Capstone Project\\Source code\\BasePaths_Capstone\\frontend\\src\\pages\\Home.jsx": {"path":"D:\\Documents\\School\\Penn State\\Fall 2025\\Capstone Project\\Source code\\BasePaths_Capstone\\frontend\\src\\pages\\Home.jsx","statementMap":{"0":{"start":{"line":6,"column":2},"end":{"line":15,"column":4}}},"fnMap":{"0":{"name":"Home","decl":{"start":{"line":4,"column":9},"end":{"line":4,"column":13}},"loc":{"start":{"line":4,"column":16},"end":{"line":16,"column":1}},"line":4}},"branchMap":{},"s":{"0":2},"f":{"0":2},"b":{},"_coverageSchema":"1a1c01bbd47fc00a2c39e90264f33305004495a9","hash":"ce18ac49cbb36c8f03a586eee33585c7398822a7"}
,"D:\\Documents\\School\\Penn State\\Fall 2025\\Capstone Project\\Source code\\BasePaths_Capstone\\frontend\\src\\pages\\Login.jsx": {"path":"D:\\Documents\\School\\Penn State\\Fall 2025\\Capstone Project\\Source code\\BasePaths_Capstone\\frontend\\src\\pages\\Login.jsx","statementMap":{"0":{"start":{"line":15,"column":34},"end":{"line":15,"column":46}},"1":{"start":{"line":16,"column":34},"end":{"line":16,"column":46}},"2":{"start":{"line":17,"column":32},"end":{"line":17,"column":44}},"3":{"start":{"line":18,"column":19},"end":{"line":18,"column":32}},"4":{"start":{"line":20,"column":23},"end":{"line":45,"column":3}},"5":{"start":{"line":21,"column":4},"end":{"line":21,"column":23}},"6":{"start":{"line":23,"column":4},"end":{"line":44,"column":5}},"7":{"start":{"line":24,"column":23},"end":{"line":30,"column":8}},"8":{"start":{"line":32,"column":6},"end":{"line":41,"column":7}},"9":{"start":{"line":33,"column":21},"end":{"line":33,"column":42}},"10":{"start":{"line":34,"column":22},"end":{"line":34,"column":32}},"11":{"start":{"line":35,"column":8},"end":{"line":35,"column":25}},"12":{"start":{"line":36,"column":8},"end":{"line":36,"column":26}},"13":{"start":{"line":38,"column":26},"end":{"line":38,"column":47}},"14":{"start":{"line":39,"column":22},"end":{"line":39,"column":37}},"15":{"start":{"line":40,"column":8},"end":{"line":40,"column":38}},"16":{"start":{"line":43,"column":6},"end":{"line":43,"column":42}},"17":{"start":{"line":47,"column":2},"end":{"line":92,"column":4}},"18":{"start":{"line":60,"column":37},"end":{"line":60,"column":64}},"19":{"start":{"line":68,"column":37},"end":{"line":68,"column":64}},"20":{"start":{"line":81,"column":35},"end":{"line":81,"column":61}}},"fnMap":{"0":{"name":"Login","decl":{"start":{"line":14,"column":9},"end":{"line":14,"column":14}},"loc":{"start":{"line":14,"column":17},"end":{"line":93,"column":1}},"line":14},"1":{"name":"(anonymous_1)","decl":{"start":{"line":20,"column":23},"end":{"line":20,"column":24}},"loc":{"start":{"line":20,"column":36},"end":{"line":45,"column":3}},"line":20},"2":{"name":"(anonymous_2)","decl":{"start":{"line":60,"column":30},"end":{"line":60,"column":31}},"loc":{"start":{"line":60,"column":37},"end":{"line":60,"column":64}},"line":60},"3":{"name":"(anonymous_3)","decl":{"start":{"line":68,"column":30},"end":{"line":68,"column":31}},"loc":{"start":{"line":68,"column":37},"end":{"line":68,"column":64}},"line":68},"4":{"name":"(anonymous_4)","decl":{"start":{"line":81,"column":29},"end":{"line":81,"column":30}},"loc":{"start":{"line":81,"column":35},"end":{"line":81,"column":61}},"line":81}},"branchMap":{"0":{"loc":{"start":{"line":32,"column":6},"end":{"line":41,"column":7}},"type":"if","locations":[{"start":{"line":32,"column":6},"end":{"line":41,"column":7}},{"start":{"line":37,"column":13},"end":{"line":41,"column":7}}],"line":32},"1":{"loc":{"start":{"line":85,"column":13},"end":{"line":89,"column":13}},"type":"binary-expr","locations":[{"start":{"line":85,"column":13},"end":{"line":85,"column":20}},{"start":{"line":86,"column":16},"end":{"line":88,"column":24}}],"line":85},"2":{"loc":{"start":{"line":86,"column":33},"end":{"line":86,"column":82}},"type":"cond-expr","locations":[{"start":{"line":86,"column":63},"end":{"line":86,"column":70}},{"start":{"line":86,"column":73},"end":{"line":86,"column":82}}],"line":86}},"s":{"0":12,"1":12,"2":12,"3":12,"4":12,"5":3,"6":3,"7":3,"8":2,"9":1,"10":1,"11":1,"12":1,"13":1,"14":1,"15":1,"16":1,"17":12,"18":3,"19":3,"20":1},"f":{"0":12,"1":3,"2":3,"3":3,"4":1},"b":{"0":[1,1],"1":[12,2],"2":[2,0]},"_coverageSchema":"1a1c01bbd47fc00a2c39e90264f33305004495a9","hash":"30a2abb008868f403cedb655f04f74c442b4d15a"}
,"D:\\Documents\\School\\Penn State\\Fall 2025\\Capstone Project\\Source code\\BasePaths_Capstone\\frontend\\src\\pages\\TripsDetailsPage.jsx": {"path":"D:\\Documents\\School\\Penn State\\Fall 2025\\Capstone Project\\Source code\\BasePaths_Capstone\\frontend\\src\\pages\\TripsDetailsPage.jsx","statementMap":{"0":{"start":{"line":13,"column":23},"end":{"line":13,"column":34}},"1":{"start":{"line":14,"column":22},"end":{"line":14,"column":35}},"2":{"start":{"line":15,"column":21},"end":{"line":15,"column":34}},"3":{"start":{"line":16,"column":28},"end":{"line":16,"column":57}},"4":{"start":{"line":17,"column":30},"end":{"line":17,"column":42}},"5":{"start":{"line":18,"column":30},"end":{"line":18,"column":42}},"6":{"start":{"line":20,"column":52},"end":{"line":20,"column":67}},"7":{"start":{"line":21,"column":48},"end":{"line":21,"column":63}},"8":{"start":{"line":22,"column":40},"end":{"line":22,"column":55}},"9":{"start":{"line":24,"column":31},"end":{"line":24,"column":62}},"10":{"start":{"line":24,"column":37},"end":{"line":24,"column":62}},"11":{"start":{"line":25,"column":32},"end":{"line":25,"column":64}},"12":{"start":{"line":25,"column":38},"end":{"line":25,"column":64}},"13":{"start":{"line":27,"column":29},"end":{"line":27,"column":58}},"14":{"start":{"line":27,"column":35},"end":{"line":27,"column":58}},"15":{"start":{"line":28,"column":30},"end":{"line":28,"column":60}},"16":{"start":{"line":28,"column":36},"end":{"line":28,"column":60}},"17":{"start":{"line":30,"column":32},"end":{"line":32,"column":5}},"18":{"start":{"line":31,"column":8},"end":{"line":31,"column":25}},"19":{"start":{"line":34,"column":30},"end":{"line":36,"column":5}},"20":{"start":{"line":35,"column":8},"end":{"line":35,"column":25}},"21":{"start":{"line":38,"column":29},"end":{"line":56,"column":5}},"22":{"start":{"line":39,"column":8},"end":{"line":55,"column":9}},"23":{"start":{"line":40,"column":29},"end":{"line":43,"column":14}},"24":{"start":{"line":45,"column":12},"end":{"line":48,"column":13}},"25":{"start":{"line":46,"column":26},"end":{"line":46,"column":47}},"26":{"start":{"line":47,"column":16},"end":{"line":47,"column":68}},"27":{"start":{"line":50,"column":12},"end":{"line":50,"column":31}},"28":{"start":{"line":53,"column":12},"end":{"line":53,"column":52}},"29":{"start":{"line":54,"column":12},"end":{"line":54,"column":33}},"30":{"start":{"line":58,"column":4},"end":{"line":80,"column":23}},"31":{"start":{"line":59,"column":8},"end":{"line":79,"column":9}},"32":{"start":{"line":60,"column":37},"end":{"line":76,"column":13}},"33":{"start":{"line":61,"column":16},"end":{"line":75,"column":17}},"34":{"start":{"line":62,"column":37},"end":{"line":64,"column":22}},"35":{"start":{"line":66,"column":20},"end":{"line":69,"column":21}},"36":{"start":{"line":67,"column":42},"end":{"line":67,"column":63}},"37":{"start":{"line":68,"column":24},"end":{"line":68,"column":90}},"38":{"start":{"line":71,"column":33},"end":{"line":71,"column":54}},"39":{"start":{"line":72,"column":20},"end":{"line":72,"column":34}},"40":{"start":{"line":74,"column":20},"end":{"line":74,"column":40}},"41":{"start":{"line":78,"column":12},"end":{"line":78,"column":31}},"42":{"start":{"line":82,"column":4},"end":{"line":129,"column":15}},"43":{"start":{"line":83,"column":8},"end":{"line":85,"column":9}},"44":{"start":{"line":84,"column":12},"end":{"line":84,"column":19}},"45":{"start":{"line":87,"column":33},"end":{"line":126,"column":9}},"46":{"start":{"line":88,"column":32},"end":{"line":123,"column":13}},"47":{"start":{"line":90,"column":39},"end":{"line":90,"column":44}},"48":{"start":{"line":91,"column":38},"end":{"line":91,"column":43}},"49":{"start":{"line":93,"column":20},"end":{"line":103,"column":21}},"50":{"start":{"line":94,"column":24},"end":{"line":102,"column":37}},"51":{"start":{"line":95,"column":53},"end":{"line":97,"column":30}},"52":{"start":{"line":98,"column":28},"end":{"line":101,"column":29}},"53":{"start":{"line":99,"column":45},"end":{"line":99,"column":74}},"54":{"start":{"line":100,"column":32},"end":{"line":100,"column":57}},"55":{"start":{"line":105,"column":20},"end":{"line":115,"column":21}},"56":{"start":{"line":106,"column":24},"end":{"line":114,"column":37}},"57":{"start":{"line":107,"column":49},"end":{"line":109,"column":30}},"58":{"start":{"line":110,"column":28},"end":{"line":113,"column":29}},"59":{"start":{"line":111,"column":45},"end":{"line":111,"column":70}},"60":{"start":{"line":112,"column":32},"end":{"line":112,"column":84}},"61":{"start":{"line":117,"column":20},"end":{"line":121,"column":21}},"62":{"start":{"line":125,"column":12},"end":{"line":125,"column":34}},"63":{"start":{"line":128,"column":8},"end":{"line":128,"column":27}},"64":{"start":{"line":131,"column":20},"end":{"line":140,"column":5}},"65":{"start":{"line":135,"column":32},"end":{"line":135,"column":59}},"66":{"start":{"line":137,"column":75},"end":{"line":137,"column":99}},"67":{"start":{"line":142,"column":23},"end":{"line":150,"column":5}},"68":{"start":{"line":143,"column":21},"end":{"line":143,"column":70}},"69":{"start":{"line":144,"column":8},"end":{"line":149,"column":11}},"70":{"start":{"line":152,"column":4},"end":{"line":152,"column":26}},"71":{"start":{"line":152,"column":14},"end":{"line":152,"column":26}},"72":{"start":{"line":154,"column":4},"end":{"line":243,"column":6}},"73":{"start":{"line":168,"column":43},"end":{"line":168,"column":62}},"74":{"start":{"line":225,"column":57},"end":{"line":225,"column":77}},"75":{"start":{"line":235,"column":47},"end":{"line":235,"column":67}}},"fnMap":{"0":{"name":"TripsDetailsPage","decl":{"start":{"line":12,"column":9},"end":{"line":12,"column":25}},"loc":{"start":{"line":12,"column":28},"end":{"line":244,"column":1}},"line":12},"1":{"name":"(anonymous_1)","decl":{"start":{"line":24,"column":31},"end":{"line":24,"column":32}},"loc":{"start":{"line":24,"column":37},"end":{"line":24,"column":62}},"line":24},"2":{"name":"(anonymous_2)","decl":{"start":{"line":25,"column":32},"end":{"line":25,"column":33}},"loc":{"start":{"line":25,"column":38},"end":{"line":25,"column":64}},"line":25},"3":{"name":"(anonymous_3)","decl":{"start":{"line":27,"column":29},"end":{"line":27,"column":30}},"loc":{"start":{"line":27,"column":35},"end":{"line":27,"column":58}},"line":27},"4":{"name":"(anonymous_4)","decl":{"start":{"line":28,"column":30},"end":{"line":28,"column":31}},"loc":{"start":{"line":28,"column":36},"end":{"line":28,"column":60}},"line":28},"5":{"name":"(anonymous_5)","decl":{"start":{"line":30,"column":32},"end":{"line":30,"column":33}},"loc":{"start":{"line":30,"column":45},"end":{"line":32,"column":5}},"line":30},"6":{"name":"(anonymous_6)","decl":{"start":{"line":34,"column":30},"end":{"line":34,"column":31}},"loc":{"start":{"line":34,"column":43},"end":{"line":36,"column":5}},"line":34},"7":{"name":"(anonymous_7)","decl":{"start":{"line":38,"column":29},"end":{"line":38,"column":30}},"loc":{"start":{"line":38,"column":41},"end":{"line":56,"column":5}},"line":38},"8":{"name":"(anonymous_8)","decl":{"start":{"line":58,"column":14},"end":{"line":58,"column":15}},"loc":{"start":{"line":58,"column":20},"end":{"line":80,"column":5}},"line":58},"9":{"name":"(anonymous_9)","decl":{"start":{"line":60,"column":37},"end":{"line":60,"column":38}},"loc":{"start":{"line":60,"column":49},"end":{"line":76,"column":13}},"line":60},"10":{"name":"(anonymous_10)","decl":{"start":{"line":82,"column":14},"end":{"line":82,"column":15}},"loc":{"start":{"line":82,"column":21},"end":{"line":129,"column":5}},"line":82},"11":{"name":"(anonymous_11)","decl":{"start":{"line":87,"column":33},"end":{"line":87,"column":34}},"loc":{"start":{"line":87,"column":45},"end":{"line":126,"column":9}},"line":87},"12":{"name":"(anonymous_12)","decl":{"start":{"line":89,"column":35},"end":{"line":89,"column":36}},"loc":{"start":{"line":89,"column":51},"end":{"line":122,"column":17}},"line":89},"13":{"name":"(anonymous_13)","decl":{"start":{"line":135,"column":18},"end":{"line":135,"column":19}},"loc":{"start":{"line":135,"column":32},"end":{"line":135,"column":59}},"line":135},"14":{"name":"(anonymous_14)","decl":{"start":{"line":137,"column":61},"end":{"line":137,"column":62}},"loc":{"start":{"line":137,"column":75},"end":{"line":137,"column":99}},"line":137},"15":{"name":"(anonymous_15)","decl":{"start":{"line":142,"column":23},"end":{"line":142,"column":24}},"loc":{"start":{"line":142,"column":39},"end":{"line":150,"column":5}},"line":142},"16":{"name":"(anonymous_16)","decl":{"start":{"line":168,"column":37},"end":{"line":168,"column":38}},"loc":{"start":{"line":168,"column":43},"end":{"line":168,"column":62}},"line":168},"17":{"name":"(anonymous_17)","decl":{"start":{"line":225,"column":51},"end":{"line":225,"column":52}},"loc":{"start":{"line":225,"column":57},"end":{"line":225,"column":77}},"line":225},"18":{"name":"(anonymous_18)","decl":{"start":{"line":235,"column":41},"end":{"line":235,"column":42}},"loc":{"start":{"line":235,"column":47},"end":{"line":235,"column":67}},"line":235}},"branchMap":{"0":{"loc":{"start":{"line":16,"column":37},"end":{"line":16,"column":56}},"type":"binary-expr","locations":[{"start":{"line":16,"column":37},"end":{"line":16,"column":48}},{"start":{"line":16,"column":52},"end":{"line":16,"column":56}}],"line":16},"1":{"loc":{"start":{"line":45,"column":12},"end":{"line":48,"column":13}},"type":"if","locations":[{"start":{"line":45,"column":12},"end":{"line":48,"column":13}},{"start":{},"end":{}}],"line":45},"2":{"loc":{"start":{"line":47,"column":32},"end":{"line":47,"column":66}},"type":"binary-expr","locations":[{"start":{"line":47,"column":32},"end":{"line":47,"column":39}},{"start":{"line":47,"column":43},"end":{"line":47,"column":66}}],"line":47},"3":{"loc":{"start":{"line":59,"column":8},"end":{"line":79,"column":9}},"type":"if","locations":[{"start":{"line":59,"column":8},"end":{"line":79,"column":9}},{"start":{},"end":{}}],"line":59},"4":{"loc":{"start":{"line":66,"column":20},"end":{"line":69,"column":21}},"type":"if","locations":[{"start":{"line":66,"column":20},"end":{"line":69,"column":21}},{"start":{},"end":{}}],"line":66},"5":{"loc":{"start":{"line":68,"column":40},"end":{"line":68,"column":89}},"type":"binary-expr","locations":[{"start":{"line":68,"column":40},"end":{"line":68,"column":55}},{"start":{"line":68,"column":59},"end":{"line":68,"column":89}}],"line":68},"6":{"loc":{"start":{"line":83,"column":8},"end":{"line":85,"column":9}},"type":"if","locations":[{"start":{"line":83,"column":8},"end":{"line":85,"column":9}},{"start":{},"end":{}}],"line":83},"7":{"loc":{"start":{"line":93,"column":20},"end":{"line":103,"column":21}},"type":"if","locations":[{"start":{"line":93,"column":20},"end":{"line":103,"column":21}},{"start":{},"end":{}}],"line":93},"8":{"loc":{"start":{"line":98,"column":28},"end":{"line":101,"column":29}},"type":"if","locations":[{"start":{"line":98,"column":28},"end":{"line":101,"column":29}},{"start":{},"end":{}}],"line":98},"9":{"loc":{"start":{"line":105,"column":20},"end":{"line":115,"column":21}},"type":"if","locations":[{"start":{"line":105,"column":20},"end":{"line":115,"column":21}},{"start":{},"end":{}}],"line":105},"10":{"loc":{"start":{"line":110,"column":28},"end":{"line":113,"column":29}},"type":"if","locations":[{"start":{"line":110,"column":28},"end":{"line":113,"column":29}},{"start":{},"end":{}}],"line":110},"11":{"loc":{"start":{"line":137,"column":75},"end":{"line":137,"column":99}},"type":"binary-expr","locations":[{"start":{"line":137,"column":75},"end":{"line":137,"column":90}},{"start":{"line":137,"column":94},"end":{"line":137,"column":99}}],"line":137},"12":{"loc":{"start":{"line":152,"column":4},"end":{"line":152,"column":26}},"type":"if","locations":[{"start":{"line":152,"column":4},"end":{"line":152,"column":26}},{"start":{},"end":{}}],"line":152},"13":{"loc":{"start":{"line":173,"column":17},"end":{"line":177,"column":17}},"type":"binary-expr","locations":[{"start":{"line":173,"column":17},"end":{"line":173,"column":22}},{"start":{"line":174,"column":20},"end":{"line":176,"column":26}}],"line":173},"14":{"loc":{"start":{"line":198,"column":69},"end":{"line":198,"column":100}},"type":"cond-expr","locations":[{"start":{"line":198,"column":88},"end":{"line":198,"column":93}},{"start":{"line":198,"column":96},"end":{"line":198,"column":100}}],"line":198},"15":{"loc":{"start":{"line":199,"column":77},"end":{"line":199,"column":126}},"type":"cond-expr","locations":[{"start":{"line":199,"column":99},"end":{"line":199,"column":118}},{"start":{"line":199,"column":121},"end":{"line":199,"column":126}}],"line":199},"16":{"loc":{"start":{"line":200,"column":76},"end":{"line":201,"column":89}},"type":"cond-expr","locations":[{"start":{"line":201,"column":34},"end":{"line":201,"column":81}},{"start":{"line":201,"column":84},"end":{"line":201,"column":89}}],"line":200},"17":{"loc":{"start":{"line":200,"column":76},"end":{"line":200,"column":133}},"type":"binary-expr","locations":[{"start":{"line":200,"column":76},"end":{"line":200,"column":102}},{"start":{"line":200,"column":106},"end":{"line":200,"column":133}}],"line":200},"18":{"loc":{"start":{"line":202,"column":74},"end":{"line":203,"column":85}},"type":"cond-expr","locations":[{"start":{"line":203,"column":34},"end":{"line":203,"column":77}},{"start":{"line":203,"column":80},"end":{"line":203,"column":85}}],"line":202},"19":{"loc":{"start":{"line":202,"column":74},"end":{"line":202,"column":127}},"type":"binary-expr","locations":[{"start":{"line":202,"column":74},"end":{"line":202,"column":98}},{"start":{"line":202,"column":102},"end":{"line":202,"column":127}}],"line":202},"20":{"loc":{"start":{"line":210,"column":21},"end":{"line":223,"column":21}},"type":"cond-expr","locations":[{"start":{"line":211,"column":24},"end":{"line":218,"column":26}},{"start":{"line":220,"column":24},"end":{"line":222,"column":37}}],"line":210}},"s":{"0":24,"1":24,"2":24,"3":24,"4":24,"5":24,"6":24,"7":24,"8":24,"9":24,"10":1,"11":24,"12":0,"13":24,"14":0,"15":24,"16":0,"17":24,"18":0,"19":24,"20":0,"21":24,"22":2,"23":2,"24":1,"25":0,"26":0,"27":1,"28":1,"29":1,"30":24,"31":16,"32":8,"33":8,"34":8,"35":8,"36":0,"37":0,"38":8,"39":8,"40":0,"41":8,"42":24,"43":16,"44":8,"45":8,"46":8,"47":30,"48":30,"49":30,"50":18,"51":18,"52":18,"53":18,"54":18,"55":30,"56":18,"57":18,"58":18,"59":18,"60":18,"61":30,"62":8,"63":8,"64":24,"65":70,"66":70,"67":24,"68":102,"69":102,"70":24,"71":8,"72":16,"73":4,"74":0,"75":1},"f":{"0":24,"1":1,"2":0,"3":0,"4":0,"5":0,"6":0,"7":2,"8":16,"9":8,"10":16,"11":8,"12":30,"13":70,"14":70,"15":102,"16":4,"17":0,"18":1},"b":{"0":[24,24],"1":[0,1],"2":[0,0],"3":[8,8],"4":[0,8],"5":[0,0],"6":[8,8],"7":[18,12],"8":[18,0],"9":[18,12],"10":[18,0],"11":[70,0],"12":[8,16],"13":[16,1],"14":[14,2],"15":[14,2],"16":[14,2],"17":[16,14],"18":[14,2],"19":[16,14],"20":[8,8]},"_coverageSchema":"1a1c01bbd47fc00a2c39e90264f33305004495a9","hash":"3d3421bf6874aaaed723b704497b645397f56e55"}
,"D:\\Documents\\School\\Penn State\\Fall 2025\\Capstone Project\\Source code\\BasePaths_Capstone\\frontend\\src\\pages\\TripsPage.jsx": {"path":"D:\\Documents\\School\\Penn State\\Fall 2025\\Capstone Project\\Source code\\BasePaths_Capstone\\frontend\\src\\pages\\TripsPage.jsx","statementMap":{"0":{"start":{"line":11,"column":21},"end":{"line":11,"column":34}},"1":{"start":{"line":13,"column":30},"end":{"line":13,"column":42}},"2":{"start":{"line":14,"column":36},"end":{"line":14,"column":51}},"3":{"start":{"line":15,"column":34},"end":{"line":15,"column":46}},"4":{"start":{"line":17,"column":23},"end":{"line":17,"column":46}},"5":{"start":{"line":17,"column":29},"end":{"line":17,"column":46}},"6":{"start":{"line":18,"column":24},"end":{"line":18,"column":48}},"7":{"start":{"line":18,"column":30},"end":{"line":18,"column":48}},"8":{"start":{"line":20,"column":30},"end":{"line":22,"column":5}},"9":{"start":{"line":21,"column":8},"end":{"line":21,"column":57}},"10":{"start":{"line":21,"column":32},"end":{"line":21,"column":55}},"11":{"start":{"line":24,"column":4},"end":{"line":26,"column":11}},"12":{"start":{"line":25,"column":8},"end":{"line":25,"column":21}},"13":{"start":{"line":28,"column":23},"end":{"line":45,"column":5}},"14":{"start":{"line":29,"column":8},"end":{"line":44,"column":9}},"15":{"start":{"line":30,"column":29},"end":{"line":32,"column":14}},"16":{"start":{"line":33,"column":12},"end":{"line":41,"column":13}},"17":{"start":{"line":34,"column":29},"end":{"line":34,"column":50}},"18":{"start":{"line":35,"column":16},"end":{"line":35,"column":31}},"19":{"start":{"line":38,"column":34},"end":{"line":38,"column":55}},"20":{"start":{"line":39,"column":30},"end":{"line":39,"column":45}},"21":{"start":{"line":40,"column":16},"end":{"line":40,"column":46}},"22":{"start":{"line":43,"column":12},"end":{"line":43,"column":50}},"23":{"start":{"line":47,"column":23},"end":{"line":55,"column":5}},"24":{"start":{"line":48,"column":21},"end":{"line":48,"column":55}},"25":{"start":{"line":49,"column":8},"end":{"line":54,"column":11}},"26":{"start":{"line":57,"column":20},"end":{"line":81,"column":5}},"27":{"start":{"line":63,"column":29},"end":{"line":63,"column":44}},"28":{"start":{"line":64,"column":16},"end":{"line":66,"column":17}},"29":{"start":{"line":65,"column":20},"end":{"line":65,"column":33}},"30":{"start":{"line":67,"column":16},"end":{"line":67,"column":54}},"31":{"start":{"line":74,"column":29},"end":{"line":74,"column":44}},"32":{"start":{"line":75,"column":16},"end":{"line":77,"column":17}},"33":{"start":{"line":76,"column":20},"end":{"line":76,"column":33}},"34":{"start":{"line":78,"column":16},"end":{"line":78,"column":54}},"35":{"start":{"line":83,"column":4},"end":{"line":116,"column":6}},"36":{"start":{"line":109,"column":56},"end":{"line":112,"column":21}},"37":{"start":{"line":110,"column":45},"end":{"line":110,"column":120}}},"fnMap":{"0":{"name":"TripsPage","decl":{"start":{"line":10,"column":9},"end":{"line":10,"column":18}},"loc":{"start":{"line":10,"column":21},"end":{"line":117,"column":1}},"line":10},"1":{"name":"(anonymous_1)","decl":{"start":{"line":17,"column":23},"end":{"line":17,"column":24}},"loc":{"start":{"line":17,"column":29},"end":{"line":17,"column":46}},"line":17},"2":{"name":"(anonymous_2)","decl":{"start":{"line":18,"column":24},"end":{"line":18,"column":25}},"loc":{"start":{"line":18,"column":30},"end":{"line":18,"column":48}},"line":18},"3":{"name":"(anonymous_3)","decl":{"start":{"line":20,"column":30},"end":{"line":20,"column":31}},"loc":{"start":{"line":20,"column":43},"end":{"line":22,"column":5}},"line":20},"4":{"name":"(anonymous_4)","decl":{"start":{"line":21,"column":17},"end":{"line":21,"column":18}},"loc":{"start":{"line":21,"column":32},"end":{"line":21,"column":55}},"line":21},"5":{"name":"(anonymous_5)","decl":{"start":{"line":24,"column":14},"end":{"line":24,"column":15}},"loc":{"start":{"line":24,"column":20},"end":{"line":26,"column":5}},"line":24},"6":{"name":"(anonymous_6)","decl":{"start":{"line":28,"column":23},"end":{"line":28,"column":24}},"loc":{"start":{"line":28,"column":35},"end":{"line":45,"column":5}},"line":28},"7":{"name":"(anonymous_7)","decl":{"start":{"line":47,"column":23},"end":{"line":47,"column":24}},"loc":{"start":{"line":47,"column":39},"end":{"line":55,"column":5}},"line":47},"8":{"name":"(anonymous_8)","decl":{"start":{"line":62,"column":18},"end":{"line":62,"column":19}},"loc":{"start":{"line":62,"column":32},"end":{"line":68,"column":13}},"line":62},"9":{"name":"(anonymous_9)","decl":{"start":{"line":73,"column":18},"end":{"line":73,"column":19}},"loc":{"start":{"line":73,"column":32},"end":{"line":79,"column":13}},"line":73},"10":{"name":"(anonymous_10)","decl":{"start":{"line":109,"column":42},"end":{"line":109,"column":43}},"loc":{"start":{"line":109,"column":56},"end":{"line":112,"column":21}},"line":109},"11":{"name":"(anonymous_11)","decl":{"start":{"line":110,"column":39},"end":{"line":110,"column":40}},"loc":{"start":{"line":110,"column":45},"end":{"line":110,"column":120}},"line":110}},"branchMap":{"0":{"loc":{"start":{"line":33,"column":12},"end":{"line":41,"column":13}},"type":"if","locations":[{"start":{"line":33,"column":12},"end":{"line":41,"column":13}},{"start":{"line":37,"column":17},"end":{"line":41,"column":13}}],"line":33},"1":{"loc":{"start":{"line":64,"column":16},"end":{"line":66,"column":17}},"type":"if","locations":[{"start":{"line":64,"column":16},"end":{"line":66,"column":17}},{"start":{},"end":{}}],"line":64},"2":{"loc":{"start":{"line":75,"column":16},"end":{"line":77,"column":17}},"type":"if","locations":[{"start":{"line":75,"column":16},"end":{"line":77,"column":17}},{"start":{},"end":{}}],"line":75},"3":{"loc":{"start":{"line":100,"column":17},"end":{"line":104,"column":17}},"type":"binary-expr","locations":[{"start":{"line":100,"column":17},"end":{"line":100,"column":24}},{"start":{"line":101,"column":20},"end":{"line":103,"column":28}}],"line":100},"4":{"loc":{"start":{"line":101,"column":37},"end":{"line":101,"column":86}},"type":"cond-expr","locations":[{"start":{"line":101,"column":67},"end":{"line":101,"column":74}},{"start":{"line":101,"column":77},"end":{"line":101,"column":86}}],"line":101}},"s":{"0":8,"1":8,"2":8,"3":8,"4":8,"5":1,"6":8,"7":0,"8":8,"9":0,"10":0,"11":8,"12":4,"13":8,"14":4,"15":4,"16":3,"17":2,"18":2,"19":0,"20":0,"21":0,"22":2,"23":8,"24":16,"25":16,"26":8,"27":8,"28":8,"29":0,"30":8,"31":8,"32":8,"33":0,"34":8,"35":8,"36":8,"37":1},"f":{"0":8,"1":1,"2":0,"3":0,"4":0,"5":4,"6":4,"7":16,"8":8,"9":8,"10":8,"11":1},"b":{"0":[2,0],"1":[0,8],"2":[0,8],"3":[8,1],"4":[1,0]},"_coverageSchema":"1a1c01bbd47fc00a2c39e90264f33305004495a9","hash":"5ad7815808c18fbfa1bd1952a1dd5b882982caff"}
,"D:\\Documents\\School\\Penn State\\Fall 2025\\Capstone Project\\Source code\\BasePaths_Capstone\\frontend\\src\\utils\\authUtils.js": {"path":"D:\\Documents\\School\\Penn State\\Fall 2025\\Capstone Project\\Source code\\BasePaths_Capstone\\frontend\\src\\utils\\authUtils.js","statementMap":{"0":{"start":{"line":1,"column":25},"end":{"line":3,"column":1}},"1":{"start":{"line":2,"column":4},"end":{"line":2,"column":41}},"2":{"start":{"line":5,"column":24},"end":{"line":7,"column":1}},"3":{"start":{"line":6,"column":4},"end":{"line":6,"column":41}},"4":{"start":{"line":9,"column":26},"end":{"line":11,"column":1}},"5":{"start":{"line":10,"column":4},"end":{"line":10,"column":37}},"6":{"start":{"line":13,"column":26},"end":{"line":15,"column":1}},"7":{"start":{"line":14,"column":4},"end":{"line":14,"column":24}}},"fnMap":{"0":{"name":"(anonymous_0)","decl":{"start":{"line":1,"column":25},"end":{"line":1,"column":26}},"loc":{"start":{"line":1,"column":36},"end":{"line":3,"column":1}},"line":1},"1":{"name":"(anonymous_1)","decl":{"start":{"line":5,"column":24},"end":{"line":5,"column":25}},"loc":{"start":{"line":5,"column":30},"end":{"line":7,"column":1}},"line":5},"2":{"name":"(anonymous_2)","decl":{"start":{"line":9,"column":26},"end":{"line":9,"column":27}},"loc":{"start":{"line":9,"column":32},"end":{"line":11,"column":1}},"line":9},"3":{"name":"(anonymous_3)","decl":{"start":{"line":13,"column":26},"end":{"line":13,"column":27}},"loc":{"start":{"line":13,"column":32},"end":{"line":15,"column":1}},"line":13}},"branchMap":{},"s":{"0":3,"1":2,"2":3,"3":0,"4":3,"5":1,"6":3,"7":0},"f":{"0":2,"1":0,"2":1,"3":0},"b":{},"_coverageSchema":"1a1c01bbd47fc00a2c39e90264f33305004495a9","hash":"8268626de334d567f67d99796e3d22d49d581ea4"}
,"D:\\Documents\\School\\Penn State\\Fall 2025\\Capstone Project\\Source code\\BasePaths_Capstone\\frontend\\src\\utils\\test-utils.js": {"path":"D:\\Documents\\School\\Penn State\\Fall 2025\\Capstone Project\\Source code\\BasePaths_Capstone\\frontend\\src\\utils\\test-utils.js","statementMap":{"0":{"start":{"line":1,"column":28},"end":{"line":50,"column":1}},"1":{"start":{"line":52,"column":32},"end":{"line":65,"column":1}},"2":{"start":{"line":67,"column":30},"end":{"line":71,"column":1}},"3":{"start":{"line":73,"column":30},"end":{"line":77,"column":1}},"4":{"start":{"line":79,"column":30},"end":{"line":83,"column":1}},"5":{"start":{"line":85,"column":26},"end":{"line":89,"column":1}},"6":{"start":{"line":91,"column":26},"end":{"line":95,"column":1}},"7":{"start":{"line":97,"column":26},"end":{"line":101,"column":1}},"8":{"start":{"line":104,"column":30},"end":{"line":109,"column":1}},"9":{"start":{"line":105,"column":2},"end":{"line":108,"column":5}},"10":{"start":{"line":107,"column":16},"end":{"line":107,"column":38}},"11":{"start":{"line":111,"column":39},"end":{"line":164,"column":1}},"12":{"start":{"line":112,"column":2},"end":{"line":163,"column":5}},"13":{"start":{"line":113,"column":4},"end":{"line":118,"column":5}},"14":{"start":{"line":114,"column":6},"end":{"line":117,"column":9}},"15":{"start":{"line":116,"column":27},"end":{"line":116,"column":39}},"16":{"start":{"line":120,"column":4},"end":{"line":125,"column":5}},"17":{"start":{"line":121,"column":6},"end":{"line":124,"column":9}},"18":{"start":{"line":123,"column":27},"end":{"line":123,"column":41}},"19":{"start":{"line":127,"column":4},"end":{"line":132,"column":5}},"20":{"start":{"line":128,"column":6},"end":{"line":131,"column":9}},"21":{"start":{"line":130,"column":27},"end":{"line":130,"column":41}},"22":{"start":{"line":134,"column":4},"end":{"line":139,"column":5}},"23":{"start":{"line":135,"column":6},"end":{"line":138,"column":9}},"24":{"start":{"line":137,"column":27},"end":{"line":137,"column":41}},"25":{"start":{"line":141,"column":4},"end":{"line":146,"column":5}},"26":{"start":{"line":142,"column":6},"end":{"line":145,"column":9}},"27":{"start":{"line":144,"column":27},"end":{"line":144,"column":37}},"28":{"start":{"line":148,"column":4},"end":{"line":153,"column":5}},"29":{"start":{"line":149,"column":6},"end":{"line":152,"column":9}},"30":{"start":{"line":151,"column":27},"end":{"line":151,"column":37}},"31":{"start":{"line":155,"column":4},"end":{"line":160,"column":5}},"32":{"start":{"line":156,"column":6},"end":{"line":159,"column":9}},"33":{"start":{"line":158,"column":27},"end":{"line":158,"column":37}},"34":{"start":{"line":162,"column":4},"end":{"line":162,"column":88}},"35":{"start":{"line":162,"column":59},"end":{"line":162,"column":83}},"36":{"start":{"line":166,"column":43},"end":{"line":177,"column":1}},"37":{"start":{"line":167,"column":2},"end":{"line":176,"column":5}},"38":{"start":{"line":168,"column":4},"end":{"line":173,"column":5}},"39":{"start":{"line":169,"column":6},"end":{"line":172,"column":9}},"40":{"start":{"line":171,"column":27},"end":{"line":171,"column":43}},"41":{"start":{"line":175,"column":4},"end":{"line":175,"column":88}},"42":{"start":{"line":175,"column":59},"end":{"line":175,"column":83}},"43":{"start":{"line":179,"column":37},"end":{"line":190,"column":1}},"44":{"start":{"line":180,"column":20},"end":{"line":180,"column":32}},"45":{"start":{"line":181,"column":2},"end":{"line":189,"column":5}},"46":{"start":{"line":182,"column":4},"end":{"line":187,"column":5}},"47":{"start":{"line":183,"column":6},"end":{"line":186,"column":9}},"48":{"start":{"line":188,"column":4},"end":{"line":188,"column":35}},"49":{"start":{"line":192,"column":37},"end":{"line":200,"column":1}},"50":{"start":{"line":193,"column":20},"end":{"line":193,"column":32}},"51":{"start":{"line":194,"column":2},"end":{"line":199,"column":5}},"52":{"start":{"line":195,"column":4},"end":{"line":197,"column":5}},"53":{"start":{"line":196,"column":6},"end":{"line":196,"column":56}},"54":{"start":{"line":198,"column":4},"end":{"line":198,"column":35}}},"fnMap":{"0":{"name":"(anonymous_0)","decl":{"start":{"line":104,"column":30},"end":{"line":104,"column":31}},"loc":{"start":{"line":104,"column":41},"end":{"line":109,"column":1}},"line":104},"1":{"name":"(anonymous_1)","decl":{"start":{"line":107,"column":10},"end":{"line":107,"column":11}},"loc":{"start":{"line":107,"column":16},"end":{"line":107,"column":38}},"line":107},"2":{"name":"(anonymous_2)","decl":{"start":{"line":111,"column":39},"end":{"line":111,"column":40}},"loc":{"start":{"line":111,"column":45},"end":{"line":164,"column":1}},"line":111},"3":{"name":"(anonymous_3)","decl":{"start":{"line":112,"column":25},"end":{"line":112,"column":26}},"loc":{"start":{"line":112,"column":34},"end":{"line":163,"column":3}},"line":112},"4":{"name":"(anonymous_4)","decl":{"start":{"line":116,"column":14},"end":{"line":116,"column":15}},"loc":{"start":{"line":116,"column":27},"end":{"line":116,"column":39}},"line":116},"5":{"name":"(anonymous_5)","decl":{"start":{"line":123,"column":14},"end":{"line":123,"column":15}},"loc":{"start":{"line":123,"column":27},"end":{"line":123,"column":41}},"line":123},"6":{"name":"(anonymous_6)","decl":{"start":{"line":130,"column":14},"end":{"line":130,"column":15}},"loc":{"start":{"line":130,"column":27},"end":{"line":130,"column":41}},"line":130},"7":{"name":"(anonymous_7)","decl":{"start":{"line":137,"column":14},"end":{"line":137,"column":15}},"loc":{"start":{"line":137,"column":27},"end":{"line":137,"column":41}},"line":137},"8":{"name":"(anonymous_8)","decl":{"start":{"line":144,"column":14},"end":{"line":144,"column":15}},"loc":{"start":{"line":144,"column":27},"end":{"line":144,"column":37}},"line":144},"9":{"name":"(anonymous_9)","decl":{"start":{"line":151,"column":14},"end":{"line":151,"column":15}},"loc":{"start":{"line":151,"column":27},"end":{"line":151,"column":37}},"line":151},"10":{"name":"(anonymous_10)","decl":{"start":{"line":158,"column":14},"end":{"line":158,"column":15}},"loc":{"start":{"line":158,"column":27},"end":{"line":158,"column":37}},"line":158},"11":{"name":"(anonymous_11)","decl":{"start":{"line":162,"column":46},"end":{"line":162,"column":47}},"loc":{"start":{"line":162,"column":59},"end":{"line":162,"column":83}},"line":162},"12":{"name":"(anonymous_12)","decl":{"start":{"line":166,"column":43},"end":{"line":166,"column":44}},"loc":{"start":{"line":166,"column":49},"end":{"line":177,"column":1}},"line":166},"13":{"name":"(anonymous_13)","decl":{"start":{"line":167,"column":25},"end":{"line":167,"column":26}},"loc":{"start":{"line":167,"column":34},"end":{"line":176,"column":3}},"line":167},"14":{"name":"(anonymous_14)","decl":{"start":{"line":171,"column":14},"end":{"line":171,"column":15}},"loc":{"start":{"line":171,"column":27},"end":{"line":171,"column":43}},"line":171},"15":{"name":"(anonymous_15)","decl":{"start":{"line":175,"column":46},"end":{"line":175,"column":47}},"loc":{"start":{"line":175,"column":59},"end":{"line":175,"column":83}},"line":175},"16":{"name":"(anonymous_16)","decl":{"start":{"line":179,"column":37},"end":{"line":179,"column":38}},"loc":{"start":{"line":179,"column":43},"end":{"line":190,"column":1}},"line":179},"17":{"name":"(anonymous_17)","decl":{"start":{"line":181,"column":25},"end":{"line":181,"column":26}},"loc":{"start":{"line":181,"column":43},"end":{"line":189,"column":3}},"line":181},"18":{"name":"(anonymous_18)","decl":{"start":{"line":192,"column":37},"end":{"line":192,"column":38}},"loc":{"start":{"line":192,"column":43},"end":{"line":200,"column":1}},"line":192},"19":{"name":"(anonymous_19)","decl":{"start":{"line":194,"column":25},"end":{"line":194,"column":26}},"loc":{"start":{"line":194,"column":43},"end":{"line":199,"column":3}},"line":194}},"branchMap":{"0":{"loc":{"start":{"line":113,"column":4},"end":{"line":118,"column":5}},"type":"if","locations":[{"start":{"line":113,"column":4},"end":{"line":118,"column":5}},{"start":{},"end":{}}],"line":113},"1":{"loc":{"start":{"line":120,"column":4},"end":{"line":125,"column":5}},"type":"if","locations":[{"start":{"line":120,"column":4},"end":{"line":125,"column":5}},{"start":{},"end":{}}],"line":120},"2":{"loc":{"start":{"line":127,"column":4},"end":{"line":132,"column":5}},"type":"if","locations":[{"start":{"line":127,"column":4},"end":{"line":132,"column":5}},{"start":{},"end":{}}],"line":127},"3":{"loc":{"start":{"line":134,"column":4},"end":{"line":139,"column":5}},"type":"if","locations":[{"start":{"line":134,"column":4},"end":{"line":139,"column":5}},{"start":{},"end":{}}],"line":134},"4":{"loc":{"start":{"line":141,"column":4},"end":{"line":146,"column":5}},"type":"if","locations":[{"start":{"line":141,"column":4},"end":{"line":146,"column":5}},{"start":{},"end":{}}],"line":141},"5":{"loc":{"start":{"line":148,"column":4},"end":{"line":153,"column":5}},"type":"if","locations":[{"start":{"line":148,"column":4},"end":{"line":153,"column":5}},{"start":{},"end":{}}],"line":148},"6":{"loc":{"start":{"line":155,"column":4},"end":{"line":160,"column":5}},"type":"if","locations":[{"start":{"line":155,"column":4},"end":{"line":160,"column":5}},{"start":{},"end":{}}],"line":155},"7":{"loc":{"start":{"line":168,"column":4},"end":{"line":173,"column":5}},"type":"if","locations":[{"start":{"line":168,"column":4},"end":{"line":173,"column":5}},{"start":{},"end":{}}],"line":168},"8":{"loc":{"start":{"line":182,"column":4},"end":{"line":187,"column":5}},"type":"if","locations":[{"start":{"line":182,"column":4},"end":{"line":187,"column":5}},{"start":{},"end":{}}],"line":182},"9":{"loc":{"start":{"line":182,"column":8},"end":{"line":182,"column":74}},"type":"binary-expr","locations":[{"start":{"line":182,"column":8},"end":{"line":182,"column":36}},{"start":{"line":182,"column":40},"end":{"line":182,"column":74}}],"line":182},"10":{"loc":{"start":{"line":195,"column":4},"end":{"line":197,"column":5}},"type":"if","locations":[{"start":{"line":195,"column":4},"end":{"line":197,"column":5}},{"start":{},"end":{}}],"line":195},"11":{"loc":{"start":{"line":195,"column":8},"end":{"line":195,"column":74}},"type":"binary-expr","locations":[{"start":{"line":195,"column":8},"end":{"line":195,"column":36}},{"start":{"line":195,"column":40},"end":{"line":195,"column":74}}],"line":195}},"s":{"0":3,"1":3,"2":3,"3":3,"4":3,"5":3,"6":3,"7":3,"8":3,"9":2,"10":2,"11":3,"12":6,"13":42,"14":6,"15":6,"16":36,"17":6,"18":6,"19":30,"20":6,"21":6,"22":24,"23":6,"24":6,"25":18,"26":6,"27":6,"28":12,"29":6,"30":6,"31":6,"32":6,"33":6,"34":0,"35":0,"36":3,"37":2,"38":2,"39":2,"40":2,"41":0,"42":0,"43":3,"44":1,"45":1,"46":8,"47":1,"48":7,"49":3,"50":1,"51":1,"52":8,"53":1,"54":7},"f":{"0":2,"1":2,"2":6,"3":42,"4":6,"5":6,"6":6,"7":6,"8":6,"9":6,"10":6,"11":0,"12":2,"13":2,"14":2,"15":0,"16":1,"17":8,"18":1,"19":8},"b":{"0":[6,36],"1":[6,30],"2":[6,24],"3":[6,18],"4":[6,12],"5":[6,6],"6":[6,0],"7":[2,0],"8":[1,7],"9":[8,1],"10":[1,7],"11":[8,1]},"_coverageSchema":"1a1c01bbd47fc00a2c39e90264f33305004495a9","hash":"2ea9055ed034a6b0e7e2dc463c042d5b3ce86f3f"}
}
