{"D:\\Documents\\School\\Penn State\\Fall 2025\\Capstone Project\\Source code\\BasePaths_Capstone\\frontend\\src\\assets\\Logo.png": {"path":"D:\\Documents\\School\\Penn State\\Fall 2025\\Capstone Project\\Source code\\BasePaths_Capstone\\frontend\\src\\assets\\Logo.png","statementMap":{"0":{"start":{"line":1,"column":0},"end":{"line":1,"column":19}}},"fnMap":{},"branchMap":{},"s":{"0":3},"f":{},"b":{},"_coverageSchema":"1a1c01bbd47fc00a2c39e90264f33305004495a9","hash":"ec3d6f955eb4c46b4d5455402e8baa878800b251"}
,"D:\\Documents\\School\\Penn State\\Fall 2025\\Capstone Project\\Source code\\BasePaths_Capstone\\frontend\\src\\components\\MuiNavbar.jsx": {"path":"D:\\Documents\\School\\Penn State\\Fall 2025\\Capstone Project\\Source code\\BasePaths_Capstone\\frontend\\src\\components\\MuiNavbar.jsx","statementMap":{"0":{"start":{"line":6,"column":25},"end":{"line":30,"column":1}},"1":{"start":{"line":7,"column":21},"end":{"line":7,"column":34}},"2":{"start":{"line":9,"column":25},"end":{"line":12,"column":5}},"3":{"start":{"line":10,"column":8},"end":{"line":10,"column":21}},"4":{"start":{"line":11,"column":8},"end":{"line":11,"column":27}},"5":{"start":{"line":13,"column":4},"end":{"line":29,"column":5}}},"fnMap":{"0":{"name":"(anonymous_0)","decl":{"start":{"line":6,"column":25},"end":{"line":6,"column":26}},"loc":{"start":{"line":6,"column":31},"end":{"line":30,"column":1}},"line":6},"1":{"name":"(anonymous_1)","decl":{"start":{"line":9,"column":25},"end":{"line":9,"column":26}},"loc":{"start":{"line":9,"column":31},"end":{"line":12,"column":5}},"line":9}},"branchMap":{},"s":{"0":3,"1":1,"2":1,"3":1,"4":1,"5":1},"f":{"0":1,"1":1},"b":{},"_coverageSchema":"1a1c01bbd47fc00a2c39e90264f33305004495a9","hash":"314640bc9b03aa3e7b852d8a66f60040ea4c77b2"}
,"D:\\Documents\\School\\Penn State\\Fall 2025\\Capstone Project\\Source code\\BasePaths_Capstone\\frontend\\src\\pages\\CreateAccount.jsx": {"path":"D:\\Documents\\School\\Penn State\\Fall 2025\\Capstone Project\\Source code\\BasePaths_Capstone\\frontend\\src\\pages\\CreateAccount.jsx","statementMap":{"0":{"start":{"line":13,"column":34},"end":{"line":13,"column":46}},"1":{"start":{"line":14,"column":34},"end":{"line":14,"column":46}},"2":{"start":{"line":15,"column":32},"end":{"line":15,"column":44}},"3":{"start":{"line":16,"column":19},"end":{"line":16,"column":32}},"4":{"start":{"line":18,"column":23},"end":{"line":42,"column":3}},"5":{"start":{"line":19,"column":4},"end":{"line":19,"column":23}},"6":{"start":{"line":21,"column":4},"end":{"line":41,"column":5}},"7":{"start":{"line":22,"column":23},"end":{"line":28,"column":8}},"8":{"start":{"line":30,"column":6},"end":{"line":38,"column":7}},"9":{"start":{"line":31,"column":21},"end":{"line":31,"column":42}},"10":{"start":{"line":32,"column":22},"end":{"line":32,"column":32}},"11":{"start":{"line":33,"column":8},"end":{"line":33,"column":25}},"12":{"start":{"line":34,"column":8},"end":{"line":34,"column":26}},"13":{"start":{"line":36,"column":22},"end":{"line":36,"column":43}},"14":{"start":{"line":37,"column":8},"end":{"line":37,"column":38}},"15":{"start":{"line":40,"column":6},"end":{"line":40,"column":42}},"16":{"start":{"line":44,"column":2},"end":{"line":83,"column":4}},"17":{"start":{"line":57,"column":37},"end":{"line":57,"column":64}},"18":{"start":{"line":65,"column":37},"end":{"line":65,"column":64}}},"fnMap":{"0":{"name":"CreateAccount","decl":{"start":{"line":12,"column":9},"end":{"line":12,"column":22}},"loc":{"start":{"line":12,"column":25},"end":{"line":84,"column":1}},"line":12},"1":{"name":"(anonymous_1)","decl":{"start":{"line":18,"column":23},"end":{"line":18,"column":24}},"loc":{"start":{"line":18,"column":36},"end":{"line":42,"column":3}},"line":18},"2":{"name":"(anonymous_2)","decl":{"start":{"line":57,"column":30},"end":{"line":57,"column":31}},"loc":{"start":{"line":57,"column":37},"end":{"line":57,"column":64}},"line":57},"3":{"name":"(anonymous_3)","decl":{"start":{"line":65,"column":30},"end":{"line":65,"column":31}},"loc":{"start":{"line":65,"column":37},"end":{"line":65,"column":64}},"line":65}},"branchMap":{"0":{"loc":{"start":{"line":30,"column":6},"end":{"line":38,"column":7}},"type":"if","locations":[{"start":{"line":30,"column":6},"end":{"line":38,"column":7}},{"start":{"line":35,"column":13},"end":{"line":38,"column":7}}],"line":30},"1":{"loc":{"start":{"line":76,"column":13},"end":{"line":80,"column":13}},"type":"binary-expr","locations":[{"start":{"line":76,"column":13},"end":{"line":76,"column":20}},{"start":{"line":77,"column":16},"end":{"line":79,"column":24}}],"line":76},"2":{"loc":{"start":{"line":77,"column":33},"end":{"line":77,"column":82}},"type":"cond-expr","locations":[{"start":{"line":77,"column":63},"end":{"line":77,"column":70}},{"start":{"line":77,"column":73},"end":{"line":77,"column":82}}],"line":77}},"s":{"0":16,"1":16,"2":16,"3":16,"4":16,"5":4,"6":4,"7":4,"8":4,"9":1,"10":1,"11":1,"12":1,"13":3,"14":3,"15":0,"16":16,"17":4,"18":4},"f":{"0":16,"1":4,"2":4,"3":4},"b":{"0":[1,3],"1":[16,3],"2":[3,0]},"_coverageSchema":"1a1c01bbd47fc00a2c39e90264f33305004495a9","hash":"f46d7b7e860cfe9aa46a4a3fe8ca7295867a9686"}
,"D:\\Documents\\School\\Penn State\\Fall 2025\\Capstone Project\\Source code\\BasePaths_Capstone\\frontend\\src\\pages\\Home.jsx": {"path":"D:\\Documents\\School\\Penn State\\Fall 2025\\Capstone Project\\Source code\\BasePaths_Capstone\\frontend\\src\\pages\\Home.jsx","statementMap":{"0":{"start":{"line":6,"column":2},"end":{"line":15,"column":4}}},"fnMap":{"0":{"name":"Home","decl":{"start":{"line":4,"column":9},"end":{"line":4,"column":13}},"loc":{"start":{"line":4,"column":16},"end":{"line":16,"column":1}},"line":4}},"branchMap":{},"s":{"0":1},"f":{"0":1},"b":{},"_coverageSchema":"1a1c01bbd47fc00a2c39e90264f33305004495a9","hash":"ce18ac49cbb36c8f03a586eee33585c7398822a7"}
,"D:\\Documents\\School\\Penn State\\Fall 2025\\Capstone Project\\Source code\\BasePaths_Capstone\\frontend\\src\\pages\\Login.jsx": {"path":"D:\\Documents\\School\\Penn State\\Fall 2025\\Capstone Project\\Source code\\BasePaths_Capstone\\frontend\\src\\pages\\Login.jsx","statementMap":{"0":{"start":{"line":14,"column":34},"end":{"line":14,"column":46}},"1":{"start":{"line":15,"column":34},"end":{"line":15,"column":46}},"2":{"start":{"line":16,"column":32},"end":{"line":16,"column":44}},"3":{"start":{"line":17,"column":19},"end":{"line":17,"column":32}},"4":{"start":{"line":19,"column":23},"end":{"line":44,"column":3}},"5":{"start":{"line":20,"column":4},"end":{"line":20,"column":23}},"6":{"start":{"line":22,"column":4},"end":{"line":43,"column":5}},"7":{"start":{"line":23,"column":23},"end":{"line":29,"column":8}},"8":{"start":{"line":31,"column":6},"end":{"line":40,"column":7}},"9":{"start":{"line":32,"column":21},"end":{"line":32,"column":42}},"10":{"start":{"line":33,"column":22},"end":{"line":33,"column":32}},"11":{"start":{"line":34,"column":8},"end":{"line":34,"column":25}},"12":{"start":{"line":35,"column":8},"end":{"line":35,"column":26}},"13":{"start":{"line":37,"column":26},"end":{"line":37,"column":47}},"14":{"start":{"line":38,"column":22},"end":{"line":38,"column":37}},"15":{"start":{"line":39,"column":8},"end":{"line":39,"column":38}},"16":{"start":{"line":42,"column":6},"end":{"line":42,"column":42}},"17":{"start":{"line":46,"column":2},"end":{"line":91,"column":4}},"18":{"start":{"line":59,"column":37},"end":{"line":59,"column":64}},"19":{"start":{"line":67,"column":37},"end":{"line":67,"column":64}},"20":{"start":{"line":80,"column":35},"end":{"line":80,"column":61}}},"fnMap":{"0":{"name":"Login","decl":{"start":{"line":13,"column":9},"end":{"line":13,"column":14}},"loc":{"start":{"line":13,"column":17},"end":{"line":92,"column":1}},"line":13},"1":{"name":"(anonymous_1)","decl":{"start":{"line":19,"column":23},"end":{"line":19,"column":24}},"loc":{"start":{"line":19,"column":36},"end":{"line":44,"column":3}},"line":19},"2":{"name":"(anonymous_2)","decl":{"start":{"line":59,"column":30},"end":{"line":59,"column":31}},"loc":{"start":{"line":59,"column":37},"end":{"line":59,"column":64}},"line":59},"3":{"name":"(anonymous_3)","decl":{"start":{"line":67,"column":30},"end":{"line":67,"column":31}},"loc":{"start":{"line":67,"column":37},"end":{"line":67,"column":64}},"line":67},"4":{"name":"(anonymous_4)","decl":{"start":{"line":80,"column":29},"end":{"line":80,"column":30}},"loc":{"start":{"line":80,"column":35},"end":{"line":80,"column":61}},"line":80}},"branchMap":{"0":{"loc":{"start":{"line":31,"column":6},"end":{"line":40,"column":7}},"type":"if","locations":[{"start":{"line":31,"column":6},"end":{"line":40,"column":7}},{"start":{"line":36,"column":13},"end":{"line":40,"column":7}}],"line":31},"1":{"loc":{"start":{"line":84,"column":13},"end":{"line":88,"column":13}},"type":"binary-expr","locations":[{"start":{"line":84,"column":13},"end":{"line":84,"column":20}},{"start":{"line":85,"column":16},"end":{"line":87,"column":24}}],"line":84},"2":{"loc":{"start":{"line":85,"column":33},"end":{"line":85,"column":82}},"type":"cond-expr","locations":[{"start":{"line":85,"column":63},"end":{"line":85,"column":70}},{"start":{"line":85,"column":73},"end":{"line":85,"column":82}}],"line":85}},"s":{"0":12,"1":12,"2":12,"3":12,"4":12,"5":3,"6":3,"7":3,"8":2,"9":1,"10":1,"11":1,"12":1,"13":1,"14":1,"15":1,"16":1,"17":12,"18":3,"19":3,"20":1},"f":{"0":12,"1":3,"2":3,"3":3,"4":1},"b":{"0":[1,1],"1":[12,2],"2":[2,0]},"_coverageSchema":"1a1c01bbd47fc00a2c39e90264f33305004495a9","hash":"55cbee14aac05b6eaa2c241cf01291a3e9e9f069"}
,"D:\\Documents\\School\\Penn State\\Fall 2025\\Capstone Project\\Source code\\BasePaths_Capstone\\frontend\\src\\utils\\authUtils.js": {"path":"D:\\Documents\\School\\Penn State\\Fall 2025\\Capstone Project\\Source code\\BasePaths_Capstone\\frontend\\src\\utils\\authUtils.js","statementMap":{"0":{"start":{"line":1,"column":25},"end":{"line":3,"column":1}},"1":{"start":{"line":2,"column":4},"end":{"line":2,"column":41}},"2":{"start":{"line":5,"column":24},"end":{"line":7,"column":1}},"3":{"start":{"line":6,"column":4},"end":{"line":6,"column":41}},"4":{"start":{"line":9,"column":26},"end":{"line":11,"column":1}},"5":{"start":{"line":10,"column":4},"end":{"line":10,"column":37}},"6":{"start":{"line":13,"column":26},"end":{"line":15,"column":1}},"7":{"start":{"line":14,"column":4},"end":{"line":14,"column":24}}},"fnMap":{"0":{"name":"(anonymous_0)","decl":{"start":{"line":1,"column":25},"end":{"line":1,"column":26}},"loc":{"start":{"line":1,"column":36},"end":{"line":3,"column":1}},"line":1},"1":{"name":"(anonymous_1)","decl":{"start":{"line":5,"column":24},"end":{"line":5,"column":25}},"loc":{"start":{"line":5,"column":30},"end":{"line":7,"column":1}},"line":5},"2":{"name":"(anonymous_2)","decl":{"start":{"line":9,"column":26},"end":{"line":9,"column":27}},"loc":{"start":{"line":9,"column":32},"end":{"line":11,"column":1}},"line":9},"3":{"name":"(anonymous_3)","decl":{"start":{"line":13,"column":26},"end":{"line":13,"column":27}},"loc":{"start":{"line":13,"column":32},"end":{"line":15,"column":1}},"line":13}},"branchMap":{},"s":{"0":3,"1":2,"2":3,"3":0,"4":3,"5":1,"6":3,"7":0},"f":{"0":2,"1":0,"2":1,"3":0},"b":{},"_coverageSchema":"1a1c01bbd47fc00a2c39e90264f33305004495a9","hash":"8268626de334d567f67d99796e3d22d49d581ea4"}
}
