TN:
SF:src\assets\Logo.png
FNF:0
FNH:0
DA:1,4
LF:1
LH:1
BRF:0
BRH:0
end_of_record
TN:
SF:src\components\CreateTripForm.jsx
FN:17,(anonymous_0)
FN:25,(anonymous_1)
FN:26,(anonymous_2)
FN:29,(anonymous_3)
FN:55,(anonymous_4)
FN:77,(anonymous_5)
FN:84,(anonymous_6)
FN:91,(anonymous_7)
FNF:8
FNH:8
FNDA:17,(anonymous_0)
FNDA:5,(anonymous_1)
FNDA:5,(anonymous_2)
FNDA:2,(anonymous_3)
FNDA:1,(anonymous_4)
FNDA:1,(anonymous_5)
FNDA:2,(anonymous_6)
FNDA:2,(anonymous_7)
DA:17,3
DA:18,17
DA:19,17
DA:25,17
DA:26,5
DA:29,17
DA:30,2
DA:32,2
DA:33,2
DA:46,2
DA:47,1
DA:48,1
DA:49,1
DA:54,1
DA:55,1
DA:56,1
DA:57,1
DA:60,1
DA:61,1
DA:62,1
DA:65,0
DA:68,17
DA:77,1
DA:84,2
DA:91,2
LF:25
LH:24
BRDA:46,0,0,1
BRDA:46,0,1,1
BRDA:95,1,0,17
BRDA:95,1,1,2
BRDA:96,2,0,1
BRDA:96,2,1,1
BRF:6
BRH:6
end_of_record
TN:
SF:src\components\GenerateTripForm.jsx
FN:17,(anonymous_0)
FN:27,(anonymous_1)
FN:28,(anonymous_2)
FN:31,(anonymous_3)
FN:75,(anonymous_4)
FN:96,(anonymous_5)
FN:102,(anonymous_6)
FN:108,(anonymous_7)
FN:114,(anonymous_8)
FN:120,(anonymous_9)
FNF:10
FNH:0
FNDA:0,(anonymous_0)
FNDA:0,(anonymous_1)
FNDA:0,(anonymous_2)
FNDA:0,(anonymous_3)
FNDA:0,(anonymous_4)
FNDA:0,(anonymous_5)
FNDA:0,(anonymous_6)
FNDA:0,(anonymous_7)
FNDA:0,(anonymous_8)
FNDA:0,(anonymous_9)
DA:17,1
DA:18,0
DA:19,0
DA:27,0
DA:28,0
DA:31,0
DA:32,0
DA:34,0
DA:43,0
DA:50,0
DA:51,0
DA:54,0
DA:55,0
DA:64,0
DA:65,0
DA:66,0
DA:67,0
DA:74,0
DA:75,0
DA:76,0
DA:77,0
DA:80,0
DA:81,0
DA:82,0
DA:85,0
DA:88,0
DA:96,0
DA:102,0
DA:108,0
DA:114,0
DA:120,0
LF:31
LH:1
BRDA:43,0,0,0
BRDA:43,0,1,0
BRDA:44,1,0,0
BRDA:44,1,1,0
BRDA:44,1,2,0
BRDA:44,1,3,0
BRDA:44,1,4,0
BRDA:64,2,0,0
BRDA:64,2,1,0
BRDA:123,3,0,0
BRDA:123,3,1,0
BRDA:124,4,0,0
BRDA:124,4,1,0
BRF:13
BRH:0
end_of_record
TN:
SF:src\components\MuiNavbar.jsx
FN:6,(anonymous_0)
FN:9,(anonymous_1)
FN:18,(anonymous_2)
FN:24,(anonymous_3)
FNF:4
FNH:3
FNDA:10,(anonymous_0)
FNDA:1,(anonymous_1)
FNDA:0,(anonymous_2)
FNDA:1,(anonymous_3)
DA:6,4
DA:7,10
DA:9,10
DA:10,1
DA:11,1
DA:14,10
DA:18,0
DA:24,1
LF:8
LH:7
BRF:0
BRH:0
end_of_record
TN:
SF:src\pages\CreateAccount.jsx
FN:13,CreateAccount
FN:19,(anonymous_1)
FN:58,(anonymous_2)
FN:66,(anonymous_3)
FNF:4
FNH:4
FNDA:16,CreateAccount
FNDA:4,(anonymous_1)
FNDA:4,(anonymous_2)
FNDA:4,(anonymous_3)
DA:14,16
DA:15,16
DA:16,16
DA:17,16
DA:19,16
DA:20,4
DA:22,4
DA:23,4
DA:31,4
DA:32,1
DA:33,1
DA:34,1
DA:35,1
DA:37,3
DA:38,3
DA:41,0
DA:45,16
DA:58,4
DA:66,4
LF:19
LH:18
BRDA:31,0,0,1
BRDA:31,0,1,3
BRDA:77,1,0,16
BRDA:77,1,1,3
BRDA:78,2,0,3
BRDA:78,2,1,0
BRF:6
BRH:5
end_of_record
TN:
SF:src\pages\Home.jsx
FN:4,Home
FNF:1
FNH:1
FNDA:2,Home
DA:6,2
LF:1
LH:1
BRF:0
BRH:0
end_of_record
TN:
SF:src\pages\Login.jsx
FN:14,Login
FN:20,(anonymous_1)
FN:60,(anonymous_2)
FN:68,(anonymous_3)
FN:81,(anonymous_4)
FNF:5
FNH:5
FNDA:12,Login
FNDA:3,(anonymous_1)
FNDA:3,(anonymous_2)
FNDA:3,(anonymous_3)
FNDA:1,(anonymous_4)
DA:15,12
DA:16,12
DA:17,12
DA:18,12
DA:20,12
DA:21,3
DA:23,3
DA:24,3
DA:32,2
DA:33,1
DA:34,1
DA:35,1
DA:36,1
DA:38,1
DA:39,1
DA:40,1
DA:43,1
DA:47,12
DA:60,3
DA:68,3
DA:81,1
LF:21
LH:21
BRDA:32,0,0,1
BRDA:32,0,1,1
BRDA:85,1,0,12
BRDA:85,1,1,2
BRDA:86,2,0,2
BRDA:86,2,1,0
BRF:6
BRH:5
end_of_record
TN:
SF:src\pages\TripsDetailsPage.jsx
FN:11,TripsDetailsPage
FN:20,(anonymous_1)
FN:21,(anonymous_2)
FN:23,(anonymous_3)
FN:27,(anonymous_4)
FN:29,(anonymous_5)
FN:51,(anonymous_6)
FN:56,(anonymous_7)
FN:58,(anonymous_8)
FN:104,(anonymous_9)
FN:106,(anonymous_10)
FN:111,(anonymous_11)
FNF:12
FNH:0
FNDA:0,TripsDetailsPage
FNDA:0,(anonymous_1)
FNDA:0,(anonymous_2)
FNDA:0,(anonymous_3)
FNDA:0,(anonymous_4)
FNDA:0,(anonymous_5)
FNDA:0,(anonymous_6)
FNDA:0,(anonymous_7)
FNDA:0,(anonymous_8)
FNDA:0,(anonymous_9)
FNDA:0,(anonymous_10)
FNDA:0,(anonymous_11)
DA:12,0
DA:13,0
DA:14,0
DA:15,0
DA:16,0
DA:18,0
DA:20,0
DA:21,0
DA:23,0
DA:24,0
DA:27,0
DA:28,0
DA:29,0
DA:30,0
DA:31,0
DA:35,0
DA:36,0
DA:37,0
DA:40,0
DA:41,0
DA:43,0
DA:47,0
DA:51,0
DA:52,0
DA:53,0
DA:56,0
DA:57,0
DA:59,0
DA:60,0
DA:62,0
DA:63,0
DA:64,0
DA:67,0
DA:68,0
DA:69,0
DA:74,0
DA:75,0
DA:76,0
DA:79,0
DA:80,0
DA:81,0
DA:86,0
DA:94,0
DA:97,0
DA:100,0
DA:104,0
DA:106,0
DA:111,0
DA:112,0
DA:119,0
DA:120,0
DA:127,0
DA:129,0
LF:53
LH:0
BRDA:14,0,0,0
BRDA:14,0,1,0
BRDA:28,1,0,0
BRDA:28,1,1,0
BRDA:35,2,0,0
BRDA:35,2,1,0
BRDA:37,3,0,0
BRDA:37,3,1,0
BRDA:52,4,0,0
BRDA:52,4,1,0
BRDA:62,5,0,0
BRDA:62,5,1,0
BRDA:67,6,0,0
BRDA:67,6,1,0
BRDA:74,7,0,0
BRDA:74,7,1,0
BRDA:79,8,0,0
BRDA:79,8,1,0
BRDA:106,9,0,0
BRDA:106,9,1,0
BRDA:112,10,0,0
BRDA:112,10,1,0
BRDA:119,11,0,0
BRDA:119,11,1,0
BRDA:127,12,0,0
BRDA:127,12,1,0
BRDA:154,13,0,0
BRDA:154,13,1,0
BRDA:155,14,0,0
BRDA:155,14,1,0
BRDA:156,15,0,0
BRDA:156,15,1,0
BRDA:156,16,0,0
BRDA:156,16,1,0
BRDA:158,17,0,0
BRDA:158,17,1,0
BRDA:158,18,0,0
BRDA:158,18,1,0
BRDA:166,19,0,0
BRDA:166,19,1,0
BRF:40
BRH:0
end_of_record
TN:
SF:src\pages\TripsPage.jsx
FN:10,TripsPage
FN:17,(anonymous_1)
FN:18,(anonymous_2)
FN:20,(anonymous_3)
FN:21,(anonymous_4)
FN:24,(anonymous_5)
FN:28,(anonymous_6)
FN:47,(anonymous_7)
FN:62,(anonymous_8)
FN:73,(anonymous_9)
FN:109,(anonymous_10)
FN:110,(anonymous_11)
FNF:12
FNH:9
FNDA:8,TripsPage
FNDA:1,(anonymous_1)
FNDA:0,(anonymous_2)
FNDA:0,(anonymous_3)
FNDA:0,(anonymous_4)
FNDA:4,(anonymous_5)
FNDA:4,(anonymous_6)
FNDA:16,(anonymous_7)
FNDA:8,(anonymous_8)
FNDA:8,(anonymous_9)
FNDA:8,(anonymous_10)
FNDA:1,(anonymous_11)
DA:11,8
DA:13,8
DA:14,8
DA:15,8
DA:17,8
DA:18,8
DA:20,8
DA:21,0
DA:24,8
DA:25,4
DA:28,8
DA:29,4
DA:30,4
DA:33,3
DA:34,2
DA:35,2
DA:38,0
DA:39,0
DA:40,0
DA:43,2
DA:47,8
DA:48,16
DA:49,16
DA:57,8
DA:63,8
DA:64,8
DA:65,0
DA:67,8
DA:74,8
DA:75,8
DA:76,0
DA:78,8
DA:83,8
DA:109,8
DA:110,1
LF:35
LH:29
BRDA:33,0,0,2
BRDA:33,0,1,0
BRDA:64,1,0,0
BRDA:64,1,1,8
BRDA:75,2,0,0
BRDA:75,2,1,8
BRDA:100,3,0,8
BRDA:100,3,1,1
BRDA:101,4,0,1
BRDA:101,4,1,0
BRF:10
BRH:6
end_of_record
TN:
SF:src\utils\authUtils.js
FN:1,(anonymous_0)
FN:5,(anonymous_1)
FN:9,(anonymous_2)
FN:13,(anonymous_3)
FNF:4
FNH:2
FNDA:2,(anonymous_0)
FNDA:0,(anonymous_1)
FNDA:1,(anonymous_2)
FNDA:0,(anonymous_3)
DA:1,3
DA:2,2
DA:5,3
DA:6,0
DA:9,3
DA:10,1
DA:13,3
DA:14,0
LF:8
LH:6
BRF:0
BRH:0
end_of_record
TN:
SF:src\utils\test-utils.js
FN:1,(anonymous_0)
FN:4,(anonymous_1)
FNF:2
FNH:2
FNDA:2,(anonymous_0)
FNDA:2,(anonymous_1)
DA:1,1
DA:2,2
DA:4,2
LF:3
LH:3
BRF:0
BRH:0
end_of_record
