TN:
SF:src\assets\Logo.png
FNF:0
FNH:0
DA:1,5
LF:1
LH:1
BRF:0
BRH:0
end_of_record
TN:
SF:src\components\CreateTripForm.jsx
FN:17,(anonymous_0)
FN:25,(anonymous_1)
FN:26,(anonymous_2)
FN:29,(anonymous_3)
FN:55,(anonymous_4)
FN:77,(anonymous_5)
FN:84,(anonymous_6)
FN:91,(anonymous_7)
FNF:8
FNH:8
FNDA:17,(anonymous_0)
FNDA:5,(anonymous_1)
FNDA:5,(anonymous_2)
FNDA:2,(anonymous_3)
FNDA:1,(anonymous_4)
FNDA:1,(anonymous_5)
FNDA:2,(anonymous_6)
FNDA:2,(anonymous_7)
DA:17,3
DA:18,17
DA:19,17
DA:25,17
DA:26,5
DA:29,17
DA:30,2
DA:32,2
DA:33,2
DA:46,2
DA:47,1
DA:48,1
DA:49,1
DA:54,1
DA:55,1
DA:56,1
DA:57,1
DA:60,1
DA:61,1
DA:62,1
DA:65,0
DA:68,17
DA:77,1
DA:84,2
DA:91,2
LF:25
LH:24
BRDA:46,0,0,1
BRDA:46,0,1,1
BRDA:95,1,0,17
BRDA:95,1,1,2
BRDA:96,2,0,1
BRDA:96,2,1,1
BRF:6
BRH:6
end_of_record
TN:
SF:src\components\GenerateTripForm.jsx
FN:17,(anonymous_0)
FN:27,(anonymous_1)
FN:28,(anonymous_2)
FN:31,(anonymous_3)
FN:75,(anonymous_4)
FN:96,(anonymous_5)
FN:103,(anonymous_6)
FN:110,(anonymous_7)
FN:117,(anonymous_8)
FN:124,(anonymous_9)
FNF:10
FNH:9
FNDA:23,(anonymous_0)
FNDA:5,(anonymous_1)
FNDA:5,(anonymous_2)
FNDA:1,(anonymous_3)
FNDA:0,(anonymous_4)
FNDA:1,(anonymous_5)
FNDA:1,(anonymous_6)
FNDA:1,(anonymous_7)
FNDA:1,(anonymous_8)
FNDA:1,(anonymous_9)
DA:17,3
DA:18,23
DA:19,23
DA:27,23
DA:28,5
DA:31,23
DA:32,1
DA:34,1
DA:43,1
DA:50,0
DA:51,0
DA:54,1
DA:55,1
DA:64,1
DA:65,0
DA:66,0
DA:67,0
DA:74,0
DA:75,0
DA:76,0
DA:77,0
DA:80,1
DA:81,1
DA:82,1
DA:85,0
DA:88,23
DA:96,1
DA:103,1
DA:110,1
DA:117,1
DA:124,1
LF:31
LH:21
BRDA:43,0,0,0
BRDA:43,0,1,1
BRDA:44,1,0,1
BRDA:44,1,1,1
BRDA:44,1,2,1
BRDA:44,1,3,1
BRDA:44,1,4,1
BRDA:64,2,0,0
BRDA:64,2,1,1
BRDA:128,3,0,23
BRDA:128,3,1,1
BRDA:129,4,0,1
BRDA:129,4,1,0
BRF:13
BRH:10
end_of_record
TN:
SF:src\components\MuiNavbar.jsx
FN:6,(anonymous_0)
FN:9,(anonymous_1)
FN:18,(anonymous_2)
FN:24,(anonymous_3)
FNF:4
FNH:3
FNDA:26,(anonymous_0)
FNDA:1,(anonymous_1)
FNDA:0,(anonymous_2)
FNDA:1,(anonymous_3)
DA:6,5
DA:7,26
DA:9,26
DA:10,1
DA:11,1
DA:14,26
DA:18,0
DA:24,1
LF:8
LH:7
BRF:0
BRH:0
end_of_record
TN:
SF:src\components\UpdateTripForm.jsx
FN:18,(anonymous_0)
FN:26,(anonymous_1)
FN:27,(anonymous_2)
FN:30,(anonymous_3)
FN:59,(anonymous_4)
FN:73,(anonymous_5)
FN:79,(anonymous_6)
FN:101,(anonymous_7)
FN:108,(anonymous_8)
FN:115,(anonymous_9)
FNF:10
FNH:8
FNDA:24,(anonymous_0)
FNDA:2,(anonymous_1)
FNDA:2,(anonymous_2)
FNDA:2,(anonymous_3)
FNDA:1,(anonymous_4)
FNDA:4,(anonymous_5)
FNDA:10,(anonymous_6)
FNDA:2,(anonymous_7)
FNDA:0,(anonymous_8)
FNDA:0,(anonymous_9)
DA:18,3
DA:19,24
DA:20,24
DA:26,24
DA:27,2
DA:30,24
DA:31,2
DA:33,2
DA:40,2
DA:41,2
DA:50,2
DA:51,1
DA:52,1
DA:53,1
DA:58,1
DA:59,1
DA:60,1
DA:61,1
DA:64,1
DA:65,1
DA:66,1
DA:69,0
DA:73,24
DA:74,4
DA:75,4
DA:76,4
DA:79,24
DA:80,10
DA:81,2
DA:89,24
DA:101,2
DA:108,0
DA:115,0
LF:33
LH:30
BRDA:50,0,0,1
BRDA:50,0,1,1
BRDA:74,1,0,0
BRDA:74,1,1,4
BRDA:80,2,0,2
BRDA:80,2,1,8
BRDA:80,3,0,10
BRDA:80,3,1,10
BRDA:82,4,0,2
BRDA:82,4,1,0
BRDA:119,5,0,24
BRDA:119,5,1,2
BRDA:120,6,0,1
BRDA:120,6,1,1
BRF:14
BRH:12
end_of_record
TN:
SF:src\pages\CreateAccount.jsx
FN:13,CreateAccount
FN:19,(anonymous_1)
FN:58,(anonymous_2)
FN:66,(anonymous_3)
FNF:4
FNH:4
FNDA:16,CreateAccount
FNDA:4,(anonymous_1)
FNDA:4,(anonymous_2)
FNDA:4,(anonymous_3)
DA:14,16
DA:15,16
DA:16,16
DA:17,16
DA:19,16
DA:20,4
DA:22,4
DA:23,4
DA:31,4
DA:32,1
DA:33,1
DA:34,1
DA:35,1
DA:37,3
DA:38,3
DA:41,0
DA:45,16
DA:58,4
DA:66,4
LF:19
LH:18
BRDA:31,0,0,1
BRDA:31,0,1,3
BRDA:77,1,0,16
BRDA:77,1,1,3
BRDA:78,2,0,3
BRDA:78,2,1,0
BRF:6
BRH:5
end_of_record
TN:
SF:src\pages\Home.jsx
FN:4,Home
FNF:1
FNH:1
FNDA:2,Home
DA:6,2
LF:1
LH:1
BRF:0
BRH:0
end_of_record
TN:
SF:src\pages\Login.jsx
FN:14,Login
FN:20,(anonymous_1)
FN:60,(anonymous_2)
FN:68,(anonymous_3)
FN:81,(anonymous_4)
FNF:5
FNH:5
FNDA:12,Login
FNDA:3,(anonymous_1)
FNDA:3,(anonymous_2)
FNDA:3,(anonymous_3)
FNDA:1,(anonymous_4)
DA:15,12
DA:16,12
DA:17,12
DA:18,12
DA:20,12
DA:21,3
DA:23,3
DA:24,3
DA:32,2
DA:33,1
DA:34,1
DA:35,1
DA:36,1
DA:38,1
DA:39,1
DA:40,1
DA:43,1
DA:47,12
DA:60,3
DA:68,3
DA:81,1
LF:21
LH:21
BRDA:32,0,0,1
BRDA:32,0,1,1
BRDA:85,1,0,12
BRDA:85,1,1,2
BRDA:86,2,0,2
BRDA:86,2,1,0
BRF:6
BRH:5
end_of_record
TN:
SF:src\pages\TripsDetailsPage.jsx
FN:12,TripsDetailsPage
FN:24,(anonymous_1)
FN:25,(anonymous_2)
FN:27,(anonymous_3)
FN:28,(anonymous_4)
FN:30,(anonymous_5)
FN:34,(anonymous_6)
FN:38,(anonymous_7)
FN:58,(anonymous_8)
FN:60,(anonymous_9)
FN:82,(anonymous_10)
FN:87,(anonymous_11)
FN:89,(anonymous_12)
FN:135,(anonymous_13)
FN:137,(anonymous_14)
FN:142,(anonymous_15)
FN:168,(anonymous_16)
FN:225,(anonymous_17)
FN:235,(anonymous_18)
FNF:19
FNH:13
FNDA:24,TripsDetailsPage
FNDA:1,(anonymous_1)
FNDA:0,(anonymous_2)
FNDA:0,(anonymous_3)
FNDA:0,(anonymous_4)
FNDA:0,(anonymous_5)
FNDA:0,(anonymous_6)
FNDA:2,(anonymous_7)
FNDA:16,(anonymous_8)
FNDA:8,(anonymous_9)
FNDA:16,(anonymous_10)
FNDA:8,(anonymous_11)
FNDA:30,(anonymous_12)
FNDA:70,(anonymous_13)
FNDA:70,(anonymous_14)
FNDA:102,(anonymous_15)
FNDA:4,(anonymous_16)
FNDA:0,(anonymous_17)
FNDA:1,(anonymous_18)
DA:13,24
DA:14,24
DA:15,24
DA:16,24
DA:17,24
DA:18,24
DA:20,24
DA:21,24
DA:22,24
DA:24,24
DA:25,24
DA:27,24
DA:28,24
DA:30,24
DA:31,0
DA:34,24
DA:35,0
DA:38,24
DA:39,2
DA:40,2
DA:45,1
DA:46,0
DA:47,0
DA:50,1
DA:53,1
DA:54,1
DA:58,24
DA:59,16
DA:60,8
DA:61,8
DA:62,8
DA:66,8
DA:67,0
DA:68,0
DA:71,8
DA:72,8
DA:74,0
DA:78,8
DA:82,24
DA:83,16
DA:84,8
DA:87,8
DA:88,8
DA:90,30
DA:91,30
DA:93,30
DA:94,18
DA:95,18
DA:98,18
DA:99,18
DA:100,18
DA:105,30
DA:106,18
DA:107,18
DA:110,18
DA:111,18
DA:112,18
DA:117,30
DA:125,8
DA:128,8
DA:131,24
DA:135,70
DA:137,70
DA:142,24
DA:143,102
DA:144,102
DA:152,24
DA:154,16
DA:168,4
DA:225,0
DA:235,1
LF:71
LH:63
BRDA:16,0,0,24
BRDA:16,0,1,24
BRDA:45,1,0,0
BRDA:45,1,1,1
BRDA:47,2,0,0
BRDA:47,2,1,0
BRDA:59,3,0,8
BRDA:59,3,1,8
BRDA:66,4,0,0
BRDA:66,4,1,8
BRDA:68,5,0,0
BRDA:68,5,1,0
BRDA:83,6,0,8
BRDA:83,6,1,8
BRDA:93,7,0,18
BRDA:93,7,1,12
BRDA:98,8,0,18
BRDA:98,8,1,0
BRDA:105,9,0,18
BRDA:105,9,1,12
BRDA:110,10,0,18
BRDA:110,10,1,0
BRDA:137,11,0,70
BRDA:137,11,1,0
BRDA:152,12,0,8
BRDA:152,12,1,16
BRDA:173,13,0,16
BRDA:173,13,1,1
BRDA:198,14,0,14
BRDA:198,14,1,2
BRDA:199,15,0,14
BRDA:199,15,1,2
BRDA:200,16,0,14
BRDA:200,16,1,2
BRDA:200,17,0,16
BRDA:200,17,1,14
BRDA:202,18,0,14
BRDA:202,18,1,2
BRDA:202,19,0,16
BRDA:202,19,1,14
BRDA:210,20,0,8
BRDA:210,20,1,8
BRF:42
BRH:33
end_of_record
TN:
SF:src\pages\TripsPage.jsx
FN:10,TripsPage
FN:17,(anonymous_1)
FN:18,(anonymous_2)
FN:20,(anonymous_3)
FN:21,(anonymous_4)
FN:24,(anonymous_5)
FN:28,(anonymous_6)
FN:47,(anonymous_7)
FN:62,(anonymous_8)
FN:73,(anonymous_9)
FN:109,(anonymous_10)
FN:110,(anonymous_11)
FNF:12
FNH:9
FNDA:8,TripsPage
FNDA:1,(anonymous_1)
FNDA:0,(anonymous_2)
FNDA:0,(anonymous_3)
FNDA:0,(anonymous_4)
FNDA:4,(anonymous_5)
FNDA:4,(anonymous_6)
FNDA:16,(anonymous_7)
FNDA:8,(anonymous_8)
FNDA:8,(anonymous_9)
FNDA:8,(anonymous_10)
FNDA:1,(anonymous_11)
DA:11,8
DA:13,8
DA:14,8
DA:15,8
DA:17,8
DA:18,8
DA:20,8
DA:21,0
DA:24,8
DA:25,4
DA:28,8
DA:29,4
DA:30,4
DA:33,3
DA:34,2
DA:35,2
DA:38,0
DA:39,0
DA:40,0
DA:43,2
DA:47,8
DA:48,16
DA:49,16
DA:57,8
DA:63,8
DA:64,8
DA:65,0
DA:67,8
DA:74,8
DA:75,8
DA:76,0
DA:78,8
DA:83,8
DA:109,8
DA:110,1
LF:35
LH:29
BRDA:33,0,0,2
BRDA:33,0,1,0
BRDA:64,1,0,0
BRDA:64,1,1,8
BRDA:75,2,0,0
BRDA:75,2,1,8
BRDA:100,3,0,8
BRDA:100,3,1,1
BRDA:101,4,0,1
BRDA:101,4,1,0
BRF:10
BRH:6
end_of_record
TN:
SF:src\utils\authUtils.js
FN:1,(anonymous_0)
FN:5,(anonymous_1)
FN:9,(anonymous_2)
FN:13,(anonymous_3)
FNF:4
FNH:2
FNDA:2,(anonymous_0)
FNDA:0,(anonymous_1)
FNDA:1,(anonymous_2)
FNDA:0,(anonymous_3)
DA:1,3
DA:2,2
DA:5,3
DA:6,0
DA:9,3
DA:10,1
DA:13,3
DA:14,0
LF:8
LH:6
BRF:0
BRH:0
end_of_record
TN:
SF:src\utils\test-utils.js
FN:104,(anonymous_0)
FN:107,(anonymous_1)
FN:111,(anonymous_2)
FN:112,(anonymous_3)
FN:116,(anonymous_4)
FN:123,(anonymous_5)
FN:130,(anonymous_6)
FN:137,(anonymous_7)
FN:144,(anonymous_8)
FN:151,(anonymous_9)
FN:158,(anonymous_10)
FN:162,(anonymous_11)
FN:166,(anonymous_12)
FN:167,(anonymous_13)
FN:171,(anonymous_14)
FN:175,(anonymous_15)
FN:179,(anonymous_16)
FN:181,(anonymous_17)
FN:192,(anonymous_18)
FN:194,(anonymous_19)
FNF:20
FNH:18
FNDA:2,(anonymous_0)
FNDA:2,(anonymous_1)
FNDA:6,(anonymous_2)
FNDA:42,(anonymous_3)
FNDA:6,(anonymous_4)
FNDA:6,(anonymous_5)
FNDA:6,(anonymous_6)
FNDA:6,(anonymous_7)
FNDA:6,(anonymous_8)
FNDA:6,(anonymous_9)
FNDA:6,(anonymous_10)
FNDA:0,(anonymous_11)
FNDA:2,(anonymous_12)
FNDA:2,(anonymous_13)
FNDA:2,(anonymous_14)
FNDA:0,(anonymous_15)
FNDA:1,(anonymous_16)
FNDA:8,(anonymous_17)
FNDA:1,(anonymous_18)
FNDA:8,(anonymous_19)
DA:1,3
DA:52,3
DA:67,3
DA:73,3
DA:79,3
DA:85,3
DA:91,3
DA:97,3
DA:104,3
DA:105,2
DA:107,2
DA:111,3
DA:112,6
DA:113,42
DA:114,6
DA:116,6
DA:120,36
DA:121,6
DA:123,6
DA:127,30
DA:128,6
DA:130,6
DA:134,24
DA:135,6
DA:137,6
DA:141,18
DA:142,6
DA:144,6
DA:148,12
DA:149,6
DA:151,6
DA:155,6
DA:156,6
DA:158,6
DA:162,0
DA:166,3
DA:167,2
DA:168,2
DA:169,2
DA:171,2
DA:175,0
DA:179,3
DA:180,1
DA:181,1
DA:182,8
DA:183,1
DA:188,7
DA:192,3
DA:193,1
DA:194,1
DA:195,8
DA:196,1
DA:198,7
LF:53
LH:51
BRDA:113,0,0,6
BRDA:113,0,1,36
BRDA:120,1,0,6
BRDA:120,1,1,30
BRDA:127,2,0,6
BRDA:127,2,1,24
BRDA:134,3,0,6
BRDA:134,3,1,18
BRDA:141,4,0,6
BRDA:141,4,1,12
BRDA:148,5,0,6
BRDA:148,5,1,6
BRDA:155,6,0,6
BRDA:155,6,1,0
BRDA:168,7,0,2
BRDA:168,7,1,0
BRDA:182,8,0,1
BRDA:182,8,1,7
BRDA:182,9,0,8
BRDA:182,9,1,1
BRDA:195,10,0,1
BRDA:195,10,1,7
BRDA:195,11,0,8
BRDA:195,11,1,1
BRF:24
BRH:22
end_of_record
