{
  "D:/Documents/School/Penn State/Fall 2025/Capstone Project/Source code/BasePaths_Capstone/frontend/src/utils/authUtils.js": {
    "path": "D:/Documents/School/Penn State/Fall 2025/Capstone Project/Source code/BasePaths_Capstone/frontend/src/utils/authUtils.js",
    "statementMap": {
      "0": {
        "start": {
          "line": 1,
          "column": 25
        },
        "end": {
          "line": 3,
          "column": 1
        }
      },
      "1": {
        "start": {
          "line": 2,
          "column": 4
        },
        "end": {
          "line": 2,
          "column": 41
        }
      },
      "2": {
        "start": {
          "line": 5,
          "column": 24
        },
        "end": {
          "line": 7,
          "column": 1
        }
      },
      "3": {
        "start": {
          "line": 6,
          "column": 4
        },
        "end": {
          "line": 6,
          "column": 41
        }
      },
      "4": {
        "start": {
          "line": 9,
          "column": 26
        },
        "end": {
          "line": 11,
          "column": 1
        }
      },
      "5": {
        "start": {
          "line": 10,
          "column": 4
        },
        "end": {
          "line": 10,
          "column": 37
        }
      },
      "6": {
        "start": {
          "line": 13,
          "column": 26
        },
        "end": {
          "line": 15,
          "column": 1
        }
      },
      "7": {
        "start": {
          "line": 14,
          "column": 4
        },
        "end": {
          "line": 14,
          "column": 24
        }
      }
    },
    "fnMap": {
      "0": {
        "name": "(anonymous_0)",
        "decl": {
          "start": {
            "line": 1,
            "column": 25
          },
          "end": {
            "line": 1,
            "column": 26
          }
        },
        "loc": {
          "start": {
            "line": 1,
            "column": 36
          },
          "end": {
            "line": 3,
            "column": 1
          }
        },
        "line": 1
      },
      "1": {
        "name": "(anonymous_1)",
        "decl": {
          "start": {
            "line": 5,
            "column": 24
          },
          "end": {
            "line": 5,
            "column": 25
          }
        },
        "loc": {
          "start": {
            "line": 5,
            "column": 30
          },
          "end": {
            "line": 7,
            "column": 1
          }
        },
        "line": 5
      },
      "2": {
        "name": "(anonymous_2)",
        "decl": {
          "start": {
            "line": 9,
            "column": 26
          },
          "end": {
            "line": 9,
            "column": 27
          }
        },
        "loc": {
          "start": {
            "line": 9,
            "column": 32
          },
          "end": {
            "line": 11,
            "column": 1
          }
        },
        "line": 9
      },
      "3": {
        "name": "(anonymous_3)",
        "decl": {
          "start": {
            "line": 13,
            "column": 26
          },
          "end": {
            "line": 13,
            "column": 27
          }
        },
        "loc": {
          "start": {
            "line": 13,
            "column": 32
          },
          "end": {
            "line": 15,
            "column": 1
          }
        },
        "line": 13
      }
    },
    "branchMap": {},
    "s": {
      "0": 9,
      "1": 2,
      "2": 9,
      "3": 20,
      "4": 9,
      "5": 1,
      "6": 9,
      "7": 12
    },
    "f": {
      "0": 2,
      "1": 20,
      "2": 1,
      "3": 12
    },
    "b": {},
    "inputSourceMap": {
      "version": 3,
      "sources": [
        "D:/Documents/School/Penn State/Fall 2025/Capstone Project/Source code/BasePaths_Capstone/frontend/src/utils/authUtils.js"
      ],
      "names": [],
      "mappings": "AAAA,MAAM,CAAC,KAAK,CAAC,SAAS,CAAC,CAAC,CAAC,CAAC,KAAK,CAAC,CAAC,CAAC,CAAC,CAAC,CAAC;AACrC,CAAC,CAAC,CAAC,CAAC,YAAY,CAAC,OAAO,CAAC,CAAC,KAAK,CAAC,CAAC,CAAC,KAAK,CAAC,CAAC;AACzC,CAAC,CAAC;AACF;AACA,MAAM,CAAC,KAAK,CAAC,QAAQ,CAAC,CAAC,CAAC,CAAC,CAAC,CAAC,CAAC,CAAC,CAAC,CAAC;AAC/B,CAAC,CAAC,CAAC,CAAC,MAAM,CAAC,YAAY,CAAC,OAAO,CAAC,CAAC,KAAK,CAAC,CAAC,CAAC;AACzC,CAAC,CAAC;AACF;AACA,MAAM,CAAC,KAAK,CAAC,UAAU,CAAC,CAAC,CAAC,CAAC,CAAC,CAAC,CAAC,CAAC,CAAC,CAAC;AACjC,CAAC,CAAC,CAAC,CAAC,YAAY,CAAC,UAAU,CAAC,CAAC,KAAK,CAAC,CAAC,CAAC;AACrC,CAAC,CAAC;AACF;AACA,MAAM,CAAC,KAAK,CAAC,UAAU,CAAC,CAAC,CAAC,CAAC,CAAC,CAAC,CAAC,CAAC,CAAC,CAAC;AACjC,CAAC,CAAC,CAAC,CAAC,MAAM,CAAC,CAAC,CAAC,QAAQ,CAAC,CAAC,CAAC;AACxB,CAAC"
    },
    "_coverageSchema": "1a1c01bbd47fc00a2c39e90264f33305004495a9",
    "hash": "a5b6ff90583001bdf6401e391231837c38389e50"
  },
  "D:/Documents/School/Penn State/Fall 2025/Capstone Project/Source code/BasePaths_Capstone/frontend/src/config.js": {
    "path": "D:/Documents/School/Penn State/Fall 2025/Capstone Project/Source code/BasePaths_Capstone/frontend/src/config.js",
    "statementMap": {
      "0": {
        "start": {
          "line": 1,
          "column": 28
        },
        "end": {
          "line": 1,
          "column": 89
        }
      }
    },
    "fnMap": {},
    "branchMap": {
      "0": {
        "loc": {
          "start": {
            "line": 1,
            "column": 28
          },
          "end": {
            "line": 1,
            "column": 89
          }
        },
        "type": "binary-expr",
        "locations": [
          {
            "start": {
              "line": 1,
              "column": 28
            },
            "end": {
              "line": 1,
              "column": 62
            }
          },
          {
            "start": {
              "line": 1,
              "column": 66
            },
            "end": {
              "line": 1,
              "column": 89
            }
          }
        ],
        "line": 1
      }
    },
    "s": {
      "0": 9
    },
    "f": {},
    "b": {
      "0": [
        9,
        0
      ]
    },
    "inputSourceMap": {
      "version": 3,
      "sources": [
        "D:/Documents/School/Penn State/Fall 2025/Capstone Project/Source code/BasePaths_Capstone/frontend/src/config.js"
      ],
      "names": [],
      "mappings": "AAAA,MAAM,CAAC,KAAK,CAAC,YAAY,CAAC,CAAC,CAAC,MAAM,CAAC,IAAI,CAAC,GAAG,CAAC,CAAC,iBAAiB,CAAC,CAAC,CAAC,CAAC,CAAC,IAAI,CAAC,CAAC,CAAC,SAAS,CAAC,IAAI"
    },
    "_coverageSchema": "1a1c01bbd47fc00a2c39e90264f33305004495a9",
    "hash": "8c50156b73b00e7daacf4502810109a6bf79fb85"
  },
  "D:/Documents/School/Penn State/Fall 2025/Capstone Project/Source code/BasePaths_Capstone/frontend/src/pages/CreateAccount.jsx": {
    "path": "D:/Documents/School/Penn State/Fall 2025/Capstone Project/Source code/BasePaths_Capstone/frontend/src/pages/CreateAccount.jsx",
    "statementMap": {
      "0": {
        "start": {
          "line": 2,
          "column": 9
        },
        "end": {
          "line": 2,
          "column": 23
        }
      },
      "1": {
        "start": {
          "line": 15,
          "column": 2
        },
        "end": {
          "line": 15,
          "column": 7
        }
      },
      "2": {
        "start": {
          "line": 16,
          "column": 34
        },
        "end": {
          "line": 16,
          "column": 46
        }
      },
      "3": {
        "start": {
          "line": 17,
          "column": 34
        },
        "end": {
          "line": 17,
          "column": 46
        }
      },
      "4": {
        "start": {
          "line": 18,
          "column": 32
        },
        "end": {
          "line": 18,
          "column": 44
        }
      },
      "5": {
        "start": {
          "line": 19,
          "column": 19
        },
        "end": {
          "line": 19,
          "column": 32
        }
      },
      "6": {
        "start": {
          "line": 20,
          "column": 23
        },
        "end": {
          "line": 42,
          "column": 3
        }
      },
      "7": {
        "start": {
          "line": 21,
          "column": 4
        },
        "end": {
          "line": 21,
          "column": 23
        }
      },
      "8": {
        "start": {
          "line": 22,
          "column": 4
        },
        "end": {
          "line": 41,
          "column": 5
        }
      },
      "9": {
        "start": {
          "line": 23,
          "column": 23
        },
        "end": {
          "line": 29,
          "column": 8
        }
      },
      "10": {
        "start": {
          "line": 30,
          "column": 6
        },
        "end": {
          "line": 38,
          "column": 7
        }
      },
      "11": {
        "start": {
          "line": 31,
          "column": 21
        },
        "end": {
          "line": 31,
          "column": 42
        }
      },
      "12": {
        "start": {
          "line": 32,
          "column": 22
        },
        "end": {
          "line": 32,
          "column": 32
        }
      },
      "13": {
        "start": {
          "line": 33,
          "column": 8
        },
        "end": {
          "line": 33,
          "column": 25
        }
      },
      "14": {
        "start": {
          "line": 34,
          "column": 8
        },
        "end": {
          "line": 34,
          "column": 26
        }
      },
      "15": {
        "start": {
          "line": 36,
          "column": 22
        },
        "end": {
          "line": 36,
          "column": 43
        }
      },
      "16": {
        "start": {
          "line": 37,
          "column": 8
        },
        "end": {
          "line": 37,
          "column": 38
        }
      },
      "17": {
        "start": {
          "line": 40,
          "column": 6
        },
        "end": {
          "line": 40,
          "column": 42
        }
      },
      "18": {
        "start": {
          "line": 43,
          "column": 2
        },
        "end": {
          "line": 127,
          "column": 11
        }
      },
      "19": {
        "start": {
          "line": 58,
          "column": 27
        },
        "end": {
          "line": 58,
          "column": 54
        }
      },
      "20": {
        "start": {
          "line": 78,
          "column": 27
        },
        "end": {
          "line": 78,
          "column": 54
        }
      },
      "21": {
        "start": {
          "line": 129,
          "column": 0
        },
        "end": {
          "line": 131,
          "column": 3
        }
      },
      "22": {
        "start": {
          "line": 130,
          "column": 2
        },
        "end": {
          "line": 130,
          "column": 23
        }
      },
      "23": {
        "start": {
          "line": 132,
          "column": 0
        },
        "end": {
          "line": 132,
          "column": 19
        }
      },
      "24": {
        "start": {
          "line": 135,
          "column": 0
        },
        "end": {
          "line": 135,
          "column": 34
        }
      },
      "25": {
        "start": {
          "line": 137,
          "column": 20
        },
        "end": {
          "line": 137,
          "column": 97
        }
      },
      "26": {
        "start": {
          "line": 138,
          "column": 0
        },
        "end": {
          "line": 152,
          "column": 1
        }
      },
      "27": {
        "start": {
          "line": 139,
          "column": 2
        },
        "end": {
          "line": 143,
          "column": 3
        }
      },
      "28": {
        "start": {
          "line": 140,
          "column": 4
        },
        "end": {
          "line": 142,
          "column": 6
        }
      },
      "29": {
        "start": {
          "line": 144,
          "column": 2
        },
        "end": {
          "line": 151,
          "column": 5
        }
      },
      "30": {
        "start": {
          "line": 145,
          "column": 4
        },
        "end": {
          "line": 145,
          "column": 195
        }
      },
      "31": {
        "start": {
          "line": 146,
          "column": 4
        },
        "end": {
          "line": 150,
          "column": 7
        }
      },
      "32": {
        "start": {
          "line": 147,
          "column": 6
        },
        "end": {
          "line": 147,
          "column": 31
        }
      },
      "33": {
        "start": {
          "line": 147,
          "column": 24
        },
        "end": {
          "line": 147,
          "column": 31
        }
      },
      "34": {
        "start": {
          "line": 148,
          "column": 32
        },
        "end": {
          "line": 148,
          "column": 244
        }
      },
      "35": {
        "start": {
          "line": 149,
          "column": 6
        },
        "end": {
          "line": 149,
          "column": 75
        }
      },
      "36": {
        "start": {
          "line": 149,
          "column": 29
        },
        "end": {
          "line": 149,
          "column": 75
        }
      },
      "37": {
        "start": {
          "line": 154,
          "column": 2
        },
        "end": {
          "line": 154,
          "column": 174
        }
      },
      "38": {
        "start": {
          "line": 157,
          "column": 2
        },
        "end": {
          "line": 157,
          "column": 62
        }
      }
    },
    "fnMap": {
      "0": {
        "name": "CreateAccount",
        "decl": {
          "start": {
            "line": 14,
            "column": 9
          },
          "end": {
            "line": 14,
            "column": 22
          }
        },
        "loc": {
          "start": {
            "line": 14,
            "column": 25
          },
          "end": {
            "line": 128,
            "column": 1
          }
        },
        "line": 14
      },
      "1": {
        "name": "(anonymous_1)",
        "decl": {
          "start": {
            "line": 20,
            "column": 23
          },
          "end": {
            "line": 20,
            "column": 24
          }
        },
        "loc": {
          "start": {
            "line": 20,
            "column": 36
          },
          "end": {
            "line": 42,
            "column": 3
          }
        },
        "line": 20
      },
      "2": {
        "name": "(anonymous_2)",
        "decl": {
          "start": {
            "line": 58,
            "column": 20
          },
          "end": {
            "line": 58,
            "column": 21
          }
        },
        "loc": {
          "start": {
            "line": 58,
            "column": 27
          },
          "end": {
            "line": 58,
            "column": 54
          }
        },
        "line": 58
      },
      "3": {
        "name": "(anonymous_3)",
        "decl": {
          "start": {
            "line": 78,
            "column": 20
          },
          "end": {
            "line": 78,
            "column": 21
          }
        },
        "loc": {
          "start": {
            "line": 78,
            "column": 27
          },
          "end": {
            "line": 78,
            "column": 54
          }
        },
        "line": 78
      },
      "4": {
        "name": "(anonymous_4)",
        "decl": {
          "start": {
            "line": 129,
            "column": 57
          },
          "end": {
            "line": 129,
            "column": 58
          }
        },
        "loc": {
          "start": {
            "line": 129,
            "column": 68
          },
          "end": {
            "line": 131,
            "column": 1
          }
        },
        "line": 129
      },
      "5": {
        "name": "(anonymous_5)",
        "decl": {
          "start": {
            "line": 144,
            "column": 52
          },
          "end": {
            "line": 144,
            "column": 53
          }
        },
        "loc": {
          "start": {
            "line": 144,
            "column": 72
          },
          "end": {
            "line": 151,
            "column": 3
          }
        },
        "line": 144
      },
      "6": {
        "name": "(anonymous_6)",
        "decl": {
          "start": {
            "line": 146,
            "column": 27
          },
          "end": {
            "line": 146,
            "column": 28
          }
        },
        "loc": {
          "start": {
            "line": 146,
            "column": 44
          },
          "end": {
            "line": 150,
            "column": 5
          }
        },
        "line": 146
      },
      "7": {
        "name": "$RefreshReg$",
        "decl": {
          "start": {
            "line": 153,
            "column": 9
          },
          "end": {
            "line": 153,
            "column": 21
          }
        },
        "loc": {
          "start": {
            "line": 153,
            "column": 32
          },
          "end": {
            "line": 155,
            "column": 1
          }
        },
        "line": 153
      },
      "8": {
        "name": "$RefreshSig$",
        "decl": {
          "start": {
            "line": 156,
            "column": 9
          },
          "end": {
            "line": 156,
            "column": 21
          }
        },
        "loc": {
          "start": {
            "line": 156,
            "column": 24
          },
          "end": {
            "line": 158,
            "column": 1
          }
        },
        "line": 156
      }
    },
    "branchMap": {
      "0": {
        "loc": {
          "start": {
            "line": 30,
            "column": 6
          },
          "end": {
            "line": 38,
            "column": 7
          }
        },
        "type": "if",
        "locations": [
          {
            "start": {
              "line": 30,
              "column": 6
            },
            "end": {
              "line": 38,
              "column": 7
            }
          },
          {
            "start": {
              "line": 35,
              "column": 13
            },
            "end": {
              "line": 38,
              "column": 7
            }
          }
        ],
        "line": 30
      },
      "1": {
        "loc": {
          "start": {
            "line": 114,
            "column": 4
          },
          "end": {
            "line": 118,
            "column": 12
          }
        },
        "type": "binary-expr",
        "locations": [
          {
            "start": {
              "line": 114,
              "column": 4
            },
            "end": {
              "line": 114,
              "column": 11
            }
          },
          {
            "start": {
              "line": 114,
              "column": 31
            },
            "end": {
              "line": 118,
              "column": 12
            }
          }
        ],
        "line": 114
      },
      "2": {
        "loc": {
          "start": {
            "line": 114,
            "column": 57
          },
          "end": {
            "line": 114,
            "column": 106
          }
        },
        "type": "cond-expr",
        "locations": [
          {
            "start": {
              "line": 114,
              "column": 87
            },
            "end": {
              "line": 114,
              "column": 94
            }
          },
          {
            "start": {
              "line": 114,
              "column": 97
            },
            "end": {
              "line": 114,
              "column": 106
            }
          }
        ],
        "line": 114
      },
      "3": {
        "loc": {
          "start": {
            "line": 137,
            "column": 20
          },
          "end": {
            "line": 137,
            "column": 97
          }
        },
        "type": "binary-expr",
        "locations": [
          {
            "start": {
              "line": 137,
              "column": 20
            },
            "end": {
              "line": 137,
              "column": 60
            }
          },
          {
            "start": {
              "line": 137,
              "column": 64
            },
            "end": {
              "line": 137,
              "column": 97
            }
          }
        ],
        "line": 137
      },
      "4": {
        "loc": {
          "start": {
            "line": 138,
            "column": 0
          },
          "end": {
            "line": 152,
            "column": 1
          }
        },
        "type": "if",
        "locations": [
          {
            "start": {
              "line": 138,
              "column": 0
            },
            "end": {
              "line": 152,
              "column": 1
            }
          },
          {
            "start": {},
            "end": {}
          }
        ],
        "line": 138
      },
      "5": {
        "loc": {
          "start": {
            "line": 138,
            "column": 4
          },
          "end": {
            "line": 138,
            "column": 35
          }
        },
        "type": "binary-expr",
        "locations": [
          {
            "start": {
              "line": 138,
              "column": 4
            },
            "end": {
              "line": 138,
              "column": 19
            }
          },
          {
            "start": {
              "line": 138,
              "column": 23
            },
            "end": {
              "line": 138,
              "column": 35
            }
          }
        ],
        "line": 138
      },
      "6": {
        "loc": {
          "start": {
            "line": 139,
            "column": 2
          },
          "end": {
            "line": 143,
            "column": 3
          }
        },
        "type": "if",
        "locations": [
          {
            "start": {
              "line": 139,
              "column": 2
            },
            "end": {
              "line": 143,
              "column": 3
            }
          },
          {
            "start": {},
            "end": {}
          }
        ],
        "line": 139
      },
      "7": {
        "loc": {
          "start": {
            "line": 147,
            "column": 6
          },
          "end": {
            "line": 147,
            "column": 31
          }
        },
        "type": "if",
        "locations": [
          {
            "start": {
              "line": 147,
              "column": 6
            },
            "end": {
              "line": 147,
              "column": 31
            }
          },
          {
            "start": {},
            "end": {}
          }
        ],
        "line": 147
      },
      "8": {
        "loc": {
          "start": {
            "line": 149,
            "column": 6
          },
          "end": {
            "line": 149,
            "column": 75
          }
        },
        "type": "if",
        "locations": [
          {
            "start": {
              "line": 149,
              "column": 6
            },
            "end": {
              "line": 149,
              "column": 75
            }
          },
          {
            "start": {},
            "end": {}
          }
        ],
        "line": 149
      }
    },
    "s": {
      "0": 9,
      "1": 144,
      "2": 144,
      "3": 144,
      "4": 144,
      "5": 144,
      "6": 144,
      "7": 3,
      "8": 3,
      "9": 3,
      "10": 3,
      "11": 1,
      "12": 1,
      "13": 1,
      "14": 1,
      "15": 2,
      "16": 2,
      "17": 0,
      "18": 144,
      "19": 32,
      "20": 35,
      "21": 9,
      "22": 3,
      "23": 9,
      "24": 9,
      "25": 9,
      "26": 9,
      "27": 9,
      "28": 0,
      "29": 9,
      "30": 9,
      "31": 9,
      "32": 0,
      "33": 0,
      "34": 0,
      "35": 0,
      "36": 0,
      "37": 9,
      "38": 9
    },
    "f": {
      "0": 144,
      "1": 3,
      "2": 32,
      "3": 35,
      "4": 3,
      "5": 9,
      "6": 0,
      "7": 9,
      "8": 9
    },
    "b": {
      "0": [
        1,
        2
      ],
      "1": [
        144,
        4
      ],
      "2": [
        4,
        0
      ],
      "3": [
        9,
        0
      ],
      "4": [
        9,
        0
      ],
      "5": [
        9,
        9
      ],
      "6": [
        0,
        9
      ],
      "7": [
        0,
        0
      ],
      "8": [
        0,
        0
      ]
    },
    "inputSourceMap": {
      "version": 3,
      "mappings": "AA+CY;;AA/CZ,SAASA,gBAAgB;AACzB,SAASC,mBAAmB;AAC5B;AAAA,EACEC;AAAAA,EACAC;AAAAA,EACAC;AAAAA,EACAC;AAAAA,EACAC;AAAAA,OACK;AACP,SAASC,iBAAiB;AAC1B,SAASC,oBAAoB;AAE7B,SAASC,gBAAgB;AAAAC,KAAA;AACvB,QAAM,CAACC,UAAUC,WAAW,IAAIZ,SAAS,EAAE;AAC3C,QAAM,CAACa,UAAUC,WAAW,IAAId,SAAS,EAAE;AAC3C,QAAM,CAACe,SAASC,UAAU,IAAIhB,SAAS,EAAE;AACzC,QAAMiB,WAAWhB,YAAY;AAE7B,QAAMiB,eAAe,OAAOC,MAAM;AAChCA,MAAEC,eAAe;AAEjB,QAAI;AACF,YAAMC,WAAW,MAAMC,MAAM,GAAGd,YAAY,sBAAsB;AAAA,QAChEe,QAAQ;AAAA,QACRC,SAAS;AAAA,UACP,gBAAgB;AAAA,QAClB;AAAA,QACAC,MAAMC,KAAKC,UAAU,EAAEhB,UAAUE,SAAS,CAAC;AAAA,MAC7C,CAAC;AAED,UAAIQ,SAASO,IAAI;AACf,cAAMC,OAAO,MAAMR,SAASS,KAAK;AACjC,cAAMC,QAAQF,KAAKE;AACnBxB,kBAAUwB,KAAK;AACfd,iBAAS,OAAO;AAAA,MAClB,OAAO;AACL,cAAMe,QAAQ,MAAMX,SAASY,KAAK;AAClCjB,mBAAW,UAAUgB,KAAK,EAAE;AAAA,MAC9B;AAAA,IACF,SAASE,KAAK;AACZlB,iBAAW,YAAYkB,IAAInB,OAAO;AAAA,IACpC;AAAA,EACF;AAEA,SACE,uBAAC,OAAI,SAAQ,QAAO,gBAAe,UAAS,YAAW,UAAS,QAAQ,SAAQ,OAAM,SAAQ,eAAc,UACxG,iCAAC,OAAK,SAAQ,QAAO,gBAAe,UAAS,eAAc,UAAS,YAAW,UAAS,QAAQ,SAAQ,OAAM,SAAQ,GAAG,GAAG,WAAW,GAAG,cAAc,GACpJ;AAAA,2BAAC,cAAW,WAAU,MAAK,SAAQ,MAAK,cAAY,MAAC,8BAArD;AAAA;AAAA;AAAA;AAAA,WAEA;AAAA,IACA,uBAAC,OAAI,WAAU,QAAO,UAAUG,cAAc,IAAI,EAAEiB,IAAI,EAAE,GACtD;AAAA;AAAA,QAAC;AAAA;AAAA,UACG,QAAO;AAAA,UACP;AAAA,UACA,OAAM;AAAA,UACN,MAAK;AAAA,UACL,OAAOxB;AAAAA,UACP,UAAU,CAACQ,MAAMP,YAAYO,EAAEiB,OAAOC,KAAK;AAAA,UAC3C,UAAQ;AAAA;AAAA,QAPZ;AAAA;AAAA;AAAA;AAAA;AAAA;AAAA;AAAA;AAAA,MAOY;AAAA,MACZ;AAAA,QAAC;AAAA;AAAA,UACG,QAAO;AAAA,UACP;AAAA,UACA,OAAM;AAAA,UACN,MAAK;AAAA,UACL,OAAOxB;AAAAA,UACP,UAAU,CAACM,MAAML,YAAYK,EAAEiB,OAAOC,KAAK;AAAA,UAC3C,UAAQ;AAAA;AAAA,QAPZ;AAAA;AAAA;AAAA;AAAA;AAAA;AAAA;AAAA;AAAA,MAOY;AAAA,MACZ;AAAA,QAAC;AAAA;AAAA,UACG,MAAK;AAAA,UACL;AAAA,UACA,SAAQ;AAAA,UACR,OAAM;AAAA,UACN,IAAI,EAAEF,IAAI,GAAGG,IAAI,EAAE;AAAA,UAAG;AAAA;AAAA,QAL1B;AAAA;AAAA;AAAA;AAAA;AAAA;AAAA;AAAA;AAAA,MAOA;AAAA,SAxBJ;AAAA;AAAA;AAAA;AAAA,WAyBA;AAAA,IACCvB,WACG,uBAAC,SAAM,UAAUA,QAAQwB,WAAW,OAAO,IAAI,UAAU,WACpDxB,qBADL;AAAA;AAAA;AAAA;AAAA,WAEA;AAAA,OAjCR;AAAA;AAAA;AAAA;AAAA,SAmCA,KApCJ;AAAA;AAAA;AAAA;AAAA,SAqCA;AAEJ;AAACL,GAxEQD,eAAa;AAAA,UAIHR,WAAW;AAAA;AAAAuC,KAJrB/B;AA0ET,eAAeA;AAAc,IAAA+B;AAAAC,aAAAD,IAAA",
      "names": [
        "useState",
        "useNavigate",
        "Box",
        "Typography",
        "TextField",
        "Button",
        "Alert",
        "saveToken",
        "API_BASE_URL",
        "CreateAccount",
        "_s",
        "username",
        "setUsername",
        "password",
        "setPassword",
        "message",
        "setMessage",
        "navigate",
        "handleSubmit",
        "e",
        "preventDefault",
        "response",
        "fetch",
        "method",
        "headers",
        "body",
        "JSON",
        "stringify",
        "ok",
        "data",
        "json",
        "token",
        "error",
        "text",
        "err",
        "mt",
        "target",
        "value",
        "mb",
        "startsWith",
        "_c",
        "$RefreshReg$"
      ],
      "ignoreList": [],
      "sources": [
        "D:/Documents/School/Penn State/Fall 2025/Capstone Project/Source code/BasePaths_Capstone/frontend/src/pages/CreateAccount.jsx"
      ],
      "file": "D:/Documents/School/Penn State/Fall 2025/Capstone Project/Source code/BasePaths_Capstone/frontend/src/pages/CreateAccount.jsx"
    },
    "_coverageSchema": "1a1c01bbd47fc00a2c39e90264f33305004495a9",
    "hash": "23249c74125390dcbf61b71a88020e4351d7c643"
  },
  "D:/Documents/School/Penn State/Fall 2025/Capstone Project/Source code/BasePaths_Capstone/frontend/src/pages/Login.jsx": {
    "path": "D:/Documents/School/Penn State/Fall 2025/Capstone Project/Source code/BasePaths_Capstone/frontend/src/pages/Login.jsx",
    "statementMap": {
      "0": {
        "start": {
          "line": 2,
          "column": 9
        },
        "end": {
          "line": 2,
          "column": 23
        }
      },
      "1": {
        "start": {
          "line": 16,
          "column": 2
        },
        "end": {
          "line": 16,
          "column": 7
        }
      },
      "2": {
        "start": {
          "line": 17,
          "column": 34
        },
        "end": {
          "line": 17,
          "column": 46
        }
      },
      "3": {
        "start": {
          "line": 18,
          "column": 34
        },
        "end": {
          "line": 18,
          "column": 46
        }
      },
      "4": {
        "start": {
          "line": 19,
          "column": 32
        },
        "end": {
          "line": 19,
          "column": 44
        }
      },
      "5": {
        "start": {
          "line": 20,
          "column": 19
        },
        "end": {
          "line": 20,
          "column": 32
        }
      },
      "6": {
        "start": {
          "line": 21,
          "column": 23
        },
        "end": {
          "line": 44,
          "column": 3
        }
      },
      "7": {
        "start": {
          "line": 22,
          "column": 4
        },
        "end": {
          "line": 22,
          "column": 23
        }
      },
      "8": {
        "start": {
          "line": 23,
          "column": 4
        },
        "end": {
          "line": 43,
          "column": 5
        }
      },
      "9": {
        "start": {
          "line": 24,
          "column": 23
        },
        "end": {
          "line": 30,
          "column": 8
        }
      },
      "10": {
        "start": {
          "line": 31,
          "column": 6
        },
        "end": {
          "line": 40,
          "column": 7
        }
      },
      "11": {
        "start": {
          "line": 32,
          "column": 21
        },
        "end": {
          "line": 32,
          "column": 42
        }
      },
      "12": {
        "start": {
          "line": 33,
          "column": 22
        },
        "end": {
          "line": 33,
          "column": 32
        }
      },
      "13": {
        "start": {
          "line": 34,
          "column": 8
        },
        "end": {
          "line": 34,
          "column": 25
        }
      },
      "14": {
        "start": {
          "line": 35,
          "column": 8
        },
        "end": {
          "line": 35,
          "column": 26
        }
      },
      "15": {
        "start": {
          "line": 37,
          "column": 26
        },
        "end": {
          "line": 37,
          "column": 47
        }
      },
      "16": {
        "start": {
          "line": 38,
          "column": 22
        },
        "end": {
          "line": 38,
          "column": 37
        }
      },
      "17": {
        "start": {
          "line": 39,
          "column": 8
        },
        "end": {
          "line": 39,
          "column": 38
        }
      },
      "18": {
        "start": {
          "line": 42,
          "column": 6
        },
        "end": {
          "line": 42,
          "column": 42
        }
      },
      "19": {
        "start": {
          "line": 45,
          "column": 2
        },
        "end": {
          "line": 146,
          "column": 11
        }
      },
      "20": {
        "start": {
          "line": 60,
          "column": 27
        },
        "end": {
          "line": 60,
          "column": 54
        }
      },
      "21": {
        "start": {
          "line": 80,
          "column": 27
        },
        "end": {
          "line": 80,
          "column": 54
        }
      },
      "22": {
        "start": {
          "line": 116,
          "column": 25
        },
        "end": {
          "line": 116,
          "column": 51
        }
      },
      "23": {
        "start": {
          "line": 148,
          "column": 0
        },
        "end": {
          "line": 150,
          "column": 3
        }
      },
      "24": {
        "start": {
          "line": 149,
          "column": 2
        },
        "end": {
          "line": 149,
          "column": 23
        }
      },
      "25": {
        "start": {
          "line": 151,
          "column": 0
        },
        "end": {
          "line": 151,
          "column": 11
        }
      },
      "26": {
        "start": {
          "line": 154,
          "column": 0
        },
        "end": {
          "line": 154,
          "column": 26
        }
      },
      "27": {
        "start": {
          "line": 156,
          "column": 20
        },
        "end": {
          "line": 156,
          "column": 97
        }
      },
      "28": {
        "start": {
          "line": 157,
          "column": 0
        },
        "end": {
          "line": 171,
          "column": 1
        }
      },
      "29": {
        "start": {
          "line": 158,
          "column": 2
        },
        "end": {
          "line": 162,
          "column": 3
        }
      },
      "30": {
        "start": {
          "line": 159,
          "column": 4
        },
        "end": {
          "line": 161,
          "column": 6
        }
      },
      "31": {
        "start": {
          "line": 163,
          "column": 2
        },
        "end": {
          "line": 170,
          "column": 5
        }
      },
      "32": {
        "start": {
          "line": 164,
          "column": 4
        },
        "end": {
          "line": 164,
          "column": 187
        }
      },
      "33": {
        "start": {
          "line": 165,
          "column": 4
        },
        "end": {
          "line": 169,
          "column": 7
        }
      },
      "34": {
        "start": {
          "line": 166,
          "column": 6
        },
        "end": {
          "line": 166,
          "column": 31
        }
      },
      "35": {
        "start": {
          "line": 166,
          "column": 24
        },
        "end": {
          "line": 166,
          "column": 31
        }
      },
      "36": {
        "start": {
          "line": 167,
          "column": 32
        },
        "end": {
          "line": 167,
          "column": 236
        }
      },
      "37": {
        "start": {
          "line": 168,
          "column": 6
        },
        "end": {
          "line": 168,
          "column": 75
        }
      },
      "38": {
        "start": {
          "line": 168,
          "column": 29
        },
        "end": {
          "line": 168,
          "column": 75
        }
      },
      "39": {
        "start": {
          "line": 173,
          "column": 2
        },
        "end": {
          "line": 173,
          "column": 166
        }
      },
      "40": {
        "start": {
          "line": 176,
          "column": 2
        },
        "end": {
          "line": 176,
          "column": 62
        }
      }
    },
    "fnMap": {
      "0": {
        "name": "Login",
        "decl": {
          "start": {
            "line": 15,
            "column": 9
          },
          "end": {
            "line": 15,
            "column": 14
          }
        },
        "loc": {
          "start": {
            "line": 15,
            "column": 17
          },
          "end": {
            "line": 147,
            "column": 1
          }
        },
        "line": 15
      },
      "1": {
        "name": "(anonymous_1)",
        "decl": {
          "start": {
            "line": 21,
            "column": 23
          },
          "end": {
            "line": 21,
            "column": 24
          }
        },
        "loc": {
          "start": {
            "line": 21,
            "column": 36
          },
          "end": {
            "line": 44,
            "column": 3
          }
        },
        "line": 21
      },
      "2": {
        "name": "(anonymous_2)",
        "decl": {
          "start": {
            "line": 60,
            "column": 20
          },
          "end": {
            "line": 60,
            "column": 21
          }
        },
        "loc": {
          "start": {
            "line": 60,
            "column": 27
          },
          "end": {
            "line": 60,
            "column": 54
          }
        },
        "line": 60
      },
      "3": {
        "name": "(anonymous_3)",
        "decl": {
          "start": {
            "line": 80,
            "column": 20
          },
          "end": {
            "line": 80,
            "column": 21
          }
        },
        "loc": {
          "start": {
            "line": 80,
            "column": 27
          },
          "end": {
            "line": 80,
            "column": 54
          }
        },
        "line": 80
      },
      "4": {
        "name": "(anonymous_4)",
        "decl": {
          "start": {
            "line": 116,
            "column": 19
          },
          "end": {
            "line": 116,
            "column": 20
          }
        },
        "loc": {
          "start": {
            "line": 116,
            "column": 25
          },
          "end": {
            "line": 116,
            "column": 51
          }
        },
        "line": 116
      },
      "5": {
        "name": "(anonymous_5)",
        "decl": {
          "start": {
            "line": 148,
            "column": 49
          },
          "end": {
            "line": 148,
            "column": 50
          }
        },
        "loc": {
          "start": {
            "line": 148,
            "column": 60
          },
          "end": {
            "line": 150,
            "column": 1
          }
        },
        "line": 148
      },
      "6": {
        "name": "(anonymous_6)",
        "decl": {
          "start": {
            "line": 163,
            "column": 52
          },
          "end": {
            "line": 163,
            "column": 53
          }
        },
        "loc": {
          "start": {
            "line": 163,
            "column": 72
          },
          "end": {
            "line": 170,
            "column": 3
          }
        },
        "line": 163
      },
      "7": {
        "name": "(anonymous_7)",
        "decl": {
          "start": {
            "line": 165,
            "column": 27
          },
          "end": {
            "line": 165,
            "column": 28
          }
        },
        "loc": {
          "start": {
            "line": 165,
            "column": 44
          },
          "end": {
            "line": 169,
            "column": 5
          }
        },
        "line": 165
      },
      "8": {
        "name": "$RefreshReg$",
        "decl": {
          "start": {
            "line": 172,
            "column": 9
          },
          "end": {
            "line": 172,
            "column": 21
          }
        },
        "loc": {
          "start": {
            "line": 172,
            "column": 32
          },
          "end": {
            "line": 174,
            "column": 1
          }
        },
        "line": 172
      },
      "9": {
        "name": "$RefreshSig$",
        "decl": {
          "start": {
            "line": 175,
            "column": 9
          },
          "end": {
            "line": 175,
            "column": 21
          }
        },
        "loc": {
          "start": {
            "line": 175,
            "column": 24
          },
          "end": {
            "line": 177,
            "column": 1
          }
        },
        "line": 175
      }
    },
    "branchMap": {
      "0": {
        "loc": {
          "start": {
            "line": 31,
            "column": 6
          },
          "end": {
            "line": 40,
            "column": 7
          }
        },
        "type": "if",
        "locations": [
          {
            "start": {
              "line": 31,
              "column": 6
            },
            "end": {
              "line": 40,
              "column": 7
            }
          },
          {
            "start": {
              "line": 36,
              "column": 13
            },
            "end": {
              "line": 40,
              "column": 7
            }
          }
        ],
        "line": 31
      },
      "1": {
        "loc": {
          "start": {
            "line": 133,
            "column": 4
          },
          "end": {
            "line": 137,
            "column": 12
          }
        },
        "type": "binary-expr",
        "locations": [
          {
            "start": {
              "line": 133,
              "column": 4
            },
            "end": {
              "line": 133,
              "column": 11
            }
          },
          {
            "start": {
              "line": 133,
              "column": 31
            },
            "end": {
              "line": 137,
              "column": 12
            }
          }
        ],
        "line": 133
      },
      "2": {
        "loc": {
          "start": {
            "line": 133,
            "column": 57
          },
          "end": {
            "line": 133,
            "column": 106
          }
        },
        "type": "cond-expr",
        "locations": [
          {
            "start": {
              "line": 133,
              "column": 87
            },
            "end": {
              "line": 133,
              "column": 94
            }
          },
          {
            "start": {
              "line": 133,
              "column": 97
            },
            "end": {
              "line": 133,
              "column": 106
            }
          }
        ],
        "line": 133
      },
      "3": {
        "loc": {
          "start": {
            "line": 156,
            "column": 20
          },
          "end": {
            "line": 156,
            "column": 97
          }
        },
        "type": "binary-expr",
        "locations": [
          {
            "start": {
              "line": 156,
              "column": 20
            },
            "end": {
              "line": 156,
              "column": 60
            }
          },
          {
            "start": {
              "line": 156,
              "column": 64
            },
            "end": {
              "line": 156,
              "column": 97
            }
          }
        ],
        "line": 156
      },
      "4": {
        "loc": {
          "start": {
            "line": 157,
            "column": 0
          },
          "end": {
            "line": 171,
            "column": 1
          }
        },
        "type": "if",
        "locations": [
          {
            "start": {
              "line": 157,
              "column": 0
            },
            "end": {
              "line": 171,
              "column": 1
            }
          },
          {
            "start": {},
            "end": {}
          }
        ],
        "line": 157
      },
      "5": {
        "loc": {
          "start": {
            "line": 157,
            "column": 4
          },
          "end": {
            "line": 157,
            "column": 35
          }
        },
        "type": "binary-expr",
        "locations": [
          {
            "start": {
              "line": 157,
              "column": 4
            },
            "end": {
              "line": 157,
              "column": 19
            }
          },
          {
            "start": {
              "line": 157,
              "column": 23
            },
            "end": {
              "line": 157,
              "column": 35
            }
          }
        ],
        "line": 157
      },
      "6": {
        "loc": {
          "start": {
            "line": 158,
            "column": 2
          },
          "end": {
            "line": 162,
            "column": 3
          }
        },
        "type": "if",
        "locations": [
          {
            "start": {
              "line": 158,
              "column": 2
            },
            "end": {
              "line": 162,
              "column": 3
            }
          },
          {
            "start": {},
            "end": {}
          }
        ],
        "line": 158
      },
      "7": {
        "loc": {
          "start": {
            "line": 166,
            "column": 6
          },
          "end": {
            "line": 166,
            "column": 31
          }
        },
        "type": "if",
        "locations": [
          {
            "start": {
              "line": 166,
              "column": 6
            },
            "end": {
              "line": 166,
              "column": 31
            }
          },
          {
            "start": {},
            "end": {}
          }
        ],
        "line": 166
      },
      "8": {
        "loc": {
          "start": {
            "line": 168,
            "column": 6
          },
          "end": {
            "line": 168,
            "column": 75
          }
        },
        "type": "if",
        "locations": [
          {
            "start": {
              "line": 168,
              "column": 6
            },
            "end": {
              "line": 168,
              "column": 75
            }
          },
          {
            "start": {},
            "end": {}
          }
        ],
        "line": 168
      }
    },
    "s": {
      "0": 9,
      "1": 98,
      "2": 98,
      "3": 98,
      "4": 98,
      "5": 98,
      "6": 98,
      "7": 2,
      "8": 2,
      "9": 2,
      "10": 2,
      "11": 1,
      "12": 1,
      "13": 1,
      "14": 1,
      "15": 1,
      "16": 1,
      "17": 1,
      "18": 0,
      "19": 98,
      "20": 21,
      "21": 24,
      "22": 0,
      "23": 9,
      "24": 3,
      "25": 9,
      "26": 9,
      "27": 9,
      "28": 9,
      "29": 9,
      "30": 0,
      "31": 9,
      "32": 9,
      "33": 9,
      "34": 0,
      "35": 0,
      "36": 0,
      "37": 0,
      "38": 0,
      "39": 9,
      "40": 9
    },
    "f": {
      "0": 98,
      "1": 2,
      "2": 21,
      "3": 24,
      "4": 0,
      "5": 3,
      "6": 9,
      "7": 0,
      "8": 9,
      "9": 9
    },
    "b": {
      "0": [
        1,
        1
      ],
      "1": [
        98,
        2
      ],
      "2": [
        2,
        0
      ],
      "3": [
        9,
        0
      ],
      "4": [
        9,
        0
      ],
      "5": [
        9,
        9
      ],
      "6": [
        0,
        9
      ],
      "7": [
        0,
        0
      ],
      "8": [
        0,
        0
      ]
    },
    "inputSourceMap": {
      "version": 3,
      "mappings": "AAiDY;;AAjDZ,SAASA,gBAAgB;AACzB,SAASC,mBAAmB;AAC5B;AAAA,EACEC;AAAAA,EACAC;AAAAA,EACAC;AAAAA,EACAC;AAAAA,EACAC;AAAAA,EACAC;AAAAA,OACK;AACP,SAASC,iBAAiB;AAC1B,SAASC,oBAAoB;AAE7B,SAASC,QAAQ;AAAAC,KAAA;AACf,QAAM,CAACC,UAAUC,WAAW,IAAIb,SAAS,EAAE;AAC3C,QAAM,CAACc,UAAUC,WAAW,IAAIf,SAAS,EAAE;AAC3C,QAAM,CAACgB,SAASC,UAAU,IAAIjB,SAAS,EAAE;AACzC,QAAMkB,WAAWjB,YAAY;AAE7B,QAAMkB,eAAe,OAAOC,MAAM;AAChCA,MAAEC,eAAe;AAEjB,QAAI;AACF,YAAMC,WAAW,MAAMC,MAAM,GAAGd,YAAY,mBAAmB;AAAA,QAC7De,QAAQ;AAAA,QACRC,SAAS;AAAA,UACP,gBAAgB;AAAA,QAClB;AAAA,QACAC,MAAMC,KAAKC,UAAU,EAAEhB,UAAUE,SAAS,CAAC;AAAA,MAC7C,CAAC;AAED,UAAIQ,SAASO,IAAI;AACf,cAAMC,OAAO,MAAMR,SAASS,KAAK;AACjC,cAAMC,QAAQF,KAAKE;AACnBxB,kBAAUwB,KAAK;AACfd,iBAAS,OAAO;AAAA,MAClB,OAAO;AACL,cAAMe,YAAY,MAAMX,SAASS,KAAK;AACtC,cAAMG,QAAQD,UAAUC;AACxBjB,mBAAW,UAAUiB,KAAK,EAAE;AAAA,MAC9B;AAAA,IACF,SAASC,KAAK;AACZlB,iBAAW,YAAYkB,IAAInB,OAAO;AAAA,IACpC;AAAA,EACF;AAEA,SACE,uBAAC,OAAI,SAAQ,QAAO,gBAAe,UAAS,YAAW,UAAS,QAAQ,SAAQ,OAAM,SAAQ,eAAc,UACxG,iCAAC,OAAK,SAAQ,QAAO,gBAAe,UAAS,eAAc,UAAS,YAAW,UAAS,QAAQ,SAAQ,OAAM,SAAQ,GAAG,GAAG,WAAW,GAAG,cAAc,GACpJ;AAAA,2BAAC,cAAW,WAAU,MAAK,SAAQ,MAAK,cAAY,MAAC,qBAArD;AAAA;AAAA;AAAA;AAAA,WAEA;AAAA,IACA,uBAAC,OAAI,WAAU,QAAO,UAAUG,cAAc,IAAI,EAAEiB,IAAI,EAAE,GACtD;AAAA;AAAA,QAAC;AAAA;AAAA,UACG,QAAO;AAAA,UACP;AAAA,UACA,OAAM;AAAA,UACN,MAAK;AAAA,UACL,OAAOxB;AAAAA,UACP,UAAU,CAACQ,MAAMP,YAAYO,EAAEiB,OAAOC,KAAK;AAAA,UAC3C,UAAQ;AAAA;AAAA,QAPZ;AAAA;AAAA;AAAA;AAAA;AAAA;AAAA;AAAA;AAAA,MAOY;AAAA,MACZ;AAAA,QAAC;AAAA;AAAA,UACG,QAAO;AAAA,UACP;AAAA,UACA,OAAM;AAAA,UACN,MAAK;AAAA,UACL,OAAOxB;AAAAA,UACP,UAAU,CAACM,MAAML,YAAYK,EAAEiB,OAAOC,KAAK;AAAA,UAC3C,UAAQ;AAAA;AAAA,QAPZ;AAAA;AAAA;AAAA;AAAA;AAAA;AAAA;AAAA;AAAA,MAOY;AAAA,MACZ;AAAA,QAAC;AAAA;AAAA,UACG,MAAK;AAAA,UACL;AAAA,UACA,SAAQ;AAAA,UACR,IAAI,EAAEF,IAAI,GAAGG,IAAI,EAAE;AAAA,UAAG;AAAA;AAAA,QAJ1B;AAAA;AAAA;AAAA;AAAA;AAAA;AAAA;AAAA;AAAA,MAMA;AAAA,MACA;AAAA,QAAC;AAAA;AAAA,UACG;AAAA,UACA,SAAQ;AAAA,UACR,IAAM,EAAEH,IAAG,EAAE;AAAA,UACb,SAAS,MAAMlB,SAAS,gBAAgB;AAAA,UAAG;AAAA;AAAA,QAJ/C;AAAA;AAAA;AAAA;AAAA;AAAA;AAAA;AAAA;AAAA,MAMA;AAAA,SA9BJ;AAAA;AAAA;AAAA;AAAA,WA+BA;AAAA,IACCF,WACG,uBAAC,SAAM,UAAUA,QAAQwB,WAAW,OAAO,IAAI,UAAU,WACpDxB,qBADL;AAAA;AAAA;AAAA;AAAA,WAEA;AAAA,OAvCR;AAAA;AAAA;AAAA;AAAA,SAyCA,KA1CJ;AAAA;AAAA;AAAA;AAAA,SA2CA;AAEJ;AAACL,GA/EQD,OAAK;AAAA,UAIKT,WAAW;AAAA;AAAAwC,KAJrB/B;AAiFT,eAAeA;AAAM,IAAA+B;AAAAC,aAAAD,IAAA",
      "names": [
        "useState",
        "useNavigate",
        "Container",
        "Box",
        "Typography",
        "TextField",
        "Button",
        "Alert",
        "saveToken",
        "API_BASE_URL",
        "Login",
        "_s",
        "username",
        "setUsername",
        "password",
        "setPassword",
        "message",
        "setMessage",
        "navigate",
        "handleSubmit",
        "e",
        "preventDefault",
        "response",
        "fetch",
        "method",
        "headers",
        "body",
        "JSON",
        "stringify",
        "ok",
        "data",
        "json",
        "token",
        "errorData",
        "error",
        "err",
        "mt",
        "target",
        "value",
        "mb",
        "startsWith",
        "_c",
        "$RefreshReg$"
      ],
      "ignoreList": [],
      "sources": [
        "D:/Documents/School/Penn State/Fall 2025/Capstone Project/Source code/BasePaths_Capstone/frontend/src/pages/Login.jsx"
      ],
      "file": "D:/Documents/School/Penn State/Fall 2025/Capstone Project/Source code/BasePaths_Capstone/frontend/src/pages/Login.jsx"
    },
    "_coverageSchema": "1a1c01bbd47fc00a2c39e90264f33305004495a9",
    "hash": "57c5f2433966f906fd796ee09185c3c1d79368f1"
  },
  "D:/Documents/School/Penn State/Fall 2025/Capstone Project/Source code/BasePaths_Capstone/frontend/src/components/MuiNavbar.jsx": {
    "path": "D:/Documents/School/Penn State/Fall 2025/Capstone Project/Source code/BasePaths_Capstone/frontend/src/components/MuiNavbar.jsx",
    "statementMap": {
      "0": {
        "start": {
          "line": 2,
          "column": 9
        },
        "end": {
          "line": 2,
          "column": 23
        }
      },
      "1": {
        "start": {
          "line": 7,
          "column": 25
        },
        "end": {
          "line": 58,
          "column": 1
        }
      },
      "2": {
        "start": {
          "line": 8,
          "column": 2
        },
        "end": {
          "line": 8,
          "column": 7
        }
      },
      "3": {
        "start": {
          "line": 9,
          "column": 19
        },
        "end": {
          "line": 9,
          "column": 32
        }
      },
      "4": {
        "start": {
          "line": 10,
          "column": 23
        },
        "end": {
          "line": 13,
          "column": 3
        }
      },
      "5": {
        "start": {
          "line": 11,
          "column": 4
        },
        "end": {
          "line": 11,
          "column": 17
        }
      },
      "6": {
        "start": {
          "line": 12,
          "column": 4
        },
        "end": {
          "line": 12,
          "column": 23
        }
      },
      "7": {
        "start": {
          "line": 14,
          "column": 2
        },
        "end": {
          "line": 57,
          "column": 11
        }
      },
      "8": {
        "start": {
          "line": 16,
          "column": 91
        },
        "end": {
          "line": 16,
          "column": 108
        }
      },
      "9": {
        "start": {
          "line": 30,
          "column": 72
        },
        "end": {
          "line": 30,
          "column": 90
        }
      },
      "10": {
        "start": {
          "line": 59,
          "column": 0
        },
        "end": {
          "line": 61,
          "column": 3
        }
      },
      "11": {
        "start": {
          "line": 60,
          "column": 2
        },
        "end": {
          "line": 60,
          "column": 23
        }
      },
      "12": {
        "start": {
          "line": 62,
          "column": 0
        },
        "end": {
          "line": 62,
          "column": 15
        }
      },
      "13": {
        "start": {
          "line": 64,
          "column": 0
        },
        "end": {
          "line": 64,
          "column": 30
        }
      },
      "14": {
        "start": {
          "line": 66,
          "column": 20
        },
        "end": {
          "line": 66,
          "column": 97
        }
      },
      "15": {
        "start": {
          "line": 67,
          "column": 0
        },
        "end": {
          "line": 81,
          "column": 1
        }
      },
      "16": {
        "start": {
          "line": 68,
          "column": 2
        },
        "end": {
          "line": 72,
          "column": 3
        }
      },
      "17": {
        "start": {
          "line": 69,
          "column": 4
        },
        "end": {
          "line": 71,
          "column": 6
        }
      },
      "18": {
        "start": {
          "line": 73,
          "column": 2
        },
        "end": {
          "line": 80,
          "column": 5
        }
      },
      "19": {
        "start": {
          "line": 74,
          "column": 4
        },
        "end": {
          "line": 74,
          "column": 196
        }
      },
      "20": {
        "start": {
          "line": 75,
          "column": 4
        },
        "end": {
          "line": 79,
          "column": 7
        }
      },
      "21": {
        "start": {
          "line": 76,
          "column": 6
        },
        "end": {
          "line": 76,
          "column": 31
        }
      },
      "22": {
        "start": {
          "line": 76,
          "column": 24
        },
        "end": {
          "line": 76,
          "column": 31
        }
      },
      "23": {
        "start": {
          "line": 77,
          "column": 32
        },
        "end": {
          "line": 77,
          "column": 245
        }
      },
      "24": {
        "start": {
          "line": 78,
          "column": 6
        },
        "end": {
          "line": 78,
          "column": 75
        }
      },
      "25": {
        "start": {
          "line": 78,
          "column": 29
        },
        "end": {
          "line": 78,
          "column": 75
        }
      },
      "26": {
        "start": {
          "line": 83,
          "column": 2
        },
        "end": {
          "line": 83,
          "column": 175
        }
      },
      "27": {
        "start": {
          "line": 86,
          "column": 2
        },
        "end": {
          "line": 86,
          "column": 62
        }
      }
    },
    "fnMap": {
      "0": {
        "name": "(anonymous_0)",
        "decl": {
          "start": {
            "line": 7,
            "column": 25
          },
          "end": {
            "line": 7,
            "column": 26
          }
        },
        "loc": {
          "start": {
            "line": 7,
            "column": 31
          },
          "end": {
            "line": 58,
            "column": 1
          }
        },
        "line": 7
      },
      "1": {
        "name": "(anonymous_1)",
        "decl": {
          "start": {
            "line": 10,
            "column": 23
          },
          "end": {
            "line": 10,
            "column": 24
          }
        },
        "loc": {
          "start": {
            "line": 10,
            "column": 29
          },
          "end": {
            "line": 13,
            "column": 3
          }
        },
        "line": 10
      },
      "2": {
        "name": "(anonymous_2)",
        "decl": {
          "start": {
            "line": 16,
            "column": 85
          },
          "end": {
            "line": 16,
            "column": 86
          }
        },
        "loc": {
          "start": {
            "line": 16,
            "column": 91
          },
          "end": {
            "line": 16,
            "column": 108
          }
        },
        "line": 16
      },
      "3": {
        "name": "(anonymous_3)",
        "decl": {
          "start": {
            "line": 30,
            "column": 66
          },
          "end": {
            "line": 30,
            "column": 67
          }
        },
        "loc": {
          "start": {
            "line": 30,
            "column": 72
          },
          "end": {
            "line": 30,
            "column": 90
          }
        },
        "line": 30
      },
      "4": {
        "name": "(anonymous_4)",
        "decl": {
          "start": {
            "line": 59,
            "column": 53
          },
          "end": {
            "line": 59,
            "column": 54
          }
        },
        "loc": {
          "start": {
            "line": 59,
            "column": 64
          },
          "end": {
            "line": 61,
            "column": 1
          }
        },
        "line": 59
      },
      "5": {
        "name": "(anonymous_5)",
        "decl": {
          "start": {
            "line": 73,
            "column": 52
          },
          "end": {
            "line": 73,
            "column": 53
          }
        },
        "loc": {
          "start": {
            "line": 73,
            "column": 72
          },
          "end": {
            "line": 80,
            "column": 3
          }
        },
        "line": 73
      },
      "6": {
        "name": "(anonymous_6)",
        "decl": {
          "start": {
            "line": 75,
            "column": 27
          },
          "end": {
            "line": 75,
            "column": 28
          }
        },
        "loc": {
          "start": {
            "line": 75,
            "column": 44
          },
          "end": {
            "line": 79,
            "column": 5
          }
        },
        "line": 75
      },
      "7": {
        "name": "$RefreshReg$",
        "decl": {
          "start": {
            "line": 82,
            "column": 9
          },
          "end": {
            "line": 82,
            "column": 21
          }
        },
        "loc": {
          "start": {
            "line": 82,
            "column": 32
          },
          "end": {
            "line": 84,
            "column": 1
          }
        },
        "line": 82
      },
      "8": {
        "name": "$RefreshSig$",
        "decl": {
          "start": {
            "line": 85,
            "column": 9
          },
          "end": {
            "line": 85,
            "column": 21
          }
        },
        "loc": {
          "start": {
            "line": 85,
            "column": 24
          },
          "end": {
            "line": 87,
            "column": 1
          }
        },
        "line": 85
      }
    },
    "branchMap": {
      "0": {
        "loc": {
          "start": {
            "line": 66,
            "column": 20
          },
          "end": {
            "line": 66,
            "column": 97
          }
        },
        "type": "binary-expr",
        "locations": [
          {
            "start": {
              "line": 66,
              "column": 20
            },
            "end": {
              "line": 66,
              "column": 60
            }
          },
          {
            "start": {
              "line": 66,
              "column": 64
            },
            "end": {
              "line": 66,
              "column": 97
            }
          }
        ],
        "line": 66
      },
      "1": {
        "loc": {
          "start": {
            "line": 67,
            "column": 0
          },
          "end": {
            "line": 81,
            "column": 1
          }
        },
        "type": "if",
        "locations": [
          {
            "start": {
              "line": 67,
              "column": 0
            },
            "end": {
              "line": 81,
              "column": 1
            }
          },
          {
            "start": {},
            "end": {}
          }
        ],
        "line": 67
      },
      "2": {
        "loc": {
          "start": {
            "line": 67,
            "column": 4
          },
          "end": {
            "line": 67,
            "column": 35
          }
        },
        "type": "binary-expr",
        "locations": [
          {
            "start": {
              "line": 67,
              "column": 4
            },
            "end": {
              "line": 67,
              "column": 19
            }
          },
          {
            "start": {
              "line": 67,
              "column": 23
            },
            "end": {
              "line": 67,
              "column": 35
            }
          }
        ],
        "line": 67
      },
      "3": {
        "loc": {
          "start": {
            "line": 68,
            "column": 2
          },
          "end": {
            "line": 72,
            "column": 3
          }
        },
        "type": "if",
        "locations": [
          {
            "start": {
              "line": 68,
              "column": 2
            },
            "end": {
              "line": 72,
              "column": 3
            }
          },
          {
            "start": {},
            "end": {}
          }
        ],
        "line": 68
      },
      "4": {
        "loc": {
          "start": {
            "line": 76,
            "column": 6
          },
          "end": {
            "line": 76,
            "column": 31
          }
        },
        "type": "if",
        "locations": [
          {
            "start": {
              "line": 76,
              "column": 6
            },
            "end": {
              "line": 76,
              "column": 31
            }
          },
          {
            "start": {},
            "end": {}
          }
        ],
        "line": 76
      },
      "5": {
        "loc": {
          "start": {
            "line": 78,
            "column": 6
          },
          "end": {
            "line": 78,
            "column": 75
          }
        },
        "type": "if",
        "locations": [
          {
            "start": {
              "line": 78,
              "column": 6
            },
            "end": {
              "line": 78,
              "column": 75
            }
          },
          {
            "start": {},
            "end": {}
          }
        ],
        "line": 78
      }
    },
    "s": {
      "0": 9,
      "1": 9,
      "2": 30,
      "3": 30,
      "4": 30,
      "5": 1,
      "6": 1,
      "7": 30,
      "8": 0,
      "9": 0,
      "10": 9,
      "11": 6,
      "12": 9,
      "13": 9,
      "14": 9,
      "15": 9,
      "16": 9,
      "17": 0,
      "18": 9,
      "19": 9,
      "20": 9,
      "21": 0,
      "22": 0,
      "23": 0,
      "24": 0,
      "25": 0,
      "26": 9,
      "27": 9
    },
    "f": {
      "0": 30,
      "1": 1,
      "2": 0,
      "3": 0,
      "4": 6,
      "5": 9,
      "6": 0,
      "7": 9,
      "8": 9
    },
    "b": {
      "0": [
        9,
        0
      ],
      "1": [
        9,
        0
      ],
      "2": [
        9,
        9
      ],
      "3": [
        0,
        9
      ],
      "4": [
        0,
        0
      ],
      "5": [
        0,
        0
      ]
    },
    "inputSourceMap": {
      "version": 3,
      "mappings": "AAkBwB;;AAlBxB,SAASA,QAAQC,QAAQC,SAASC,YAAYC,OAAOC,WAAW;AAChE,OAAOC,YAAY;AACnB,SAASC,kBAAkB;AAC3B,SAASC,mBAAmB;AAErB,aAAMC,YAAYA,MAAM;AAAAC,KAAA;AAC3B,QAAMC,WAAWH,YAAY;AAE7B,QAAMI,eAAeA,MAAM;AACvBL,eAAW;AACXI,aAAS,QAAQ;AAAA,EACrB;AAEA,SACI,uBAAC,UAAO,UAAS,UACb,iCAAC,WACG;AAAA,2BAAC,OAAI,IAAI,EAAEE,SAAS,QAAQC,YAAY,UAAUC,UAAU,EAAE,GAC1D;AAAA,6BAAC,UAAO,MAAK,SAAQ,cAAW,QAAO,SAAS,MAAMJ,SAAS,OAAO,GAClE,iCAAC,SAAI,KAAKL,QAAQ,OAAO,EAAEU,QAAQ,IAAIC,OAAO,QAAO,KAArD;AAAA;AAAA;AAAA;AAAA,aAAuD,KAD3D;AAAA;AAAA;AAAA;AAAA,aAEA;AAAA,MACA,uBAAC,cAAW,SAAQ,MAAK,WAAU,OAAM,IAAI,EAAEC,IAAI,GAAGC,QAAQ,UAAU,GAAG,yBAA3E;AAAA;AAAA;AAAA;AAAA,aAEA;AAAA,MACA,uBAAC,UAAO,OAAM,WAAU,SAAS,MAAMR,SAAS,QAAQ,GAAG,qBAA3D;AAAA;AAAA;AAAA;AAAA,aAEA;AAAA,SATJ;AAAA;AAAA;AAAA;AAAA,WAUA;AAAA,IACA,uBAAC,SAAM,WAAU,OAAM,SAAS,GAC5B,iCAAC,UAAO,OAAM,WAAU,SAASC,cAAc,sBAA/C;AAAA;AAAA;AAAA;AAAA,WAEA,KAHJ;AAAA;AAAA;AAAA;AAAA,WAIA;AAAA,OAhBJ;AAAA;AAAA;AAAA;AAAA,SAiBA,KAlBJ;AAAA;AAAA;AAAA;AAAA,SAmBA;AAER;AAACF,GA9BYD,WAAS;AAAA,UACDD,WAAW;AAAA;AAAAY,KADnBX;AAAS,IAAAW;AAAAC,aAAAD,IAAA",
      "names": [
        "AppBar",
        "Button",
        "Toolbar",
        "Typography",
        "Stack",
        "Box",
        "MyLogo",
        "clearToken",
        "useNavigate",
        "MuiNavbar",
        "_s",
        "navigate",
        "handleLogout",
        "display",
        "alignItems",
        "flexGrow",
        "height",
        "width",
        "mr",
        "cursor",
        "_c",
        "$RefreshReg$"
      ],
      "ignoreList": [],
      "sources": [
        "D:/Documents/School/Penn State/Fall 2025/Capstone Project/Source code/BasePaths_Capstone/frontend/src/components/MuiNavbar.jsx"
      ],
      "file": "D:/Documents/School/Penn State/Fall 2025/Capstone Project/Source code/BasePaths_Capstone/frontend/src/components/MuiNavbar.jsx"
    },
    "_coverageSchema": "1a1c01bbd47fc00a2c39e90264f33305004495a9",
    "hash": "873a80811d0dd0dd58c6efdbeb113843baf9689f"
  },
  "D:/Documents/School/Penn State/Fall 2025/Capstone Project/Source code/BasePaths_Capstone/frontend/src/pages/Home.jsx": {
    "path": "D:/Documents/School/Penn State/Fall 2025/Capstone Project/Source code/BasePaths_Capstone/frontend/src/pages/Home.jsx",
    "statementMap": {
      "0": {
        "start": {
          "line": 5,
          "column": 2
        },
        "end": {
          "line": 24,
          "column": 11
        }
      },
      "1": {
        "start": {
          "line": 26,
          "column": 0
        },
        "end": {
          "line": 26,
          "column": 10
        }
      },
      "2": {
        "start": {
          "line": 29,
          "column": 0
        },
        "end": {
          "line": 29,
          "column": 25
        }
      },
      "3": {
        "start": {
          "line": 31,
          "column": 20
        },
        "end": {
          "line": 31,
          "column": 97
        }
      },
      "4": {
        "start": {
          "line": 32,
          "column": 0
        },
        "end": {
          "line": 46,
          "column": 1
        }
      },
      "5": {
        "start": {
          "line": 33,
          "column": 2
        },
        "end": {
          "line": 37,
          "column": 3
        }
      },
      "6": {
        "start": {
          "line": 34,
          "column": 4
        },
        "end": {
          "line": 36,
          "column": 6
        }
      },
      "7": {
        "start": {
          "line": 38,
          "column": 2
        },
        "end": {
          "line": 45,
          "column": 5
        }
      },
      "8": {
        "start": {
          "line": 39,
          "column": 4
        },
        "end": {
          "line": 39,
          "column": 186
        }
      },
      "9": {
        "start": {
          "line": 40,
          "column": 4
        },
        "end": {
          "line": 44,
          "column": 7
        }
      },
      "10": {
        "start": {
          "line": 41,
          "column": 6
        },
        "end": {
          "line": 41,
          "column": 31
        }
      },
      "11": {
        "start": {
          "line": 41,
          "column": 24
        },
        "end": {
          "line": 41,
          "column": 31
        }
      },
      "12": {
        "start": {
          "line": 42,
          "column": 32
        },
        "end": {
          "line": 42,
          "column": 235
        }
      },
      "13": {
        "start": {
          "line": 43,
          "column": 6
        },
        "end": {
          "line": 43,
          "column": 75
        }
      },
      "14": {
        "start": {
          "line": 43,
          "column": 29
        },
        "end": {
          "line": 43,
          "column": 75
        }
      },
      "15": {
        "start": {
          "line": 48,
          "column": 2
        },
        "end": {
          "line": 48,
          "column": 165
        }
      },
      "16": {
        "start": {
          "line": 51,
          "column": 2
        },
        "end": {
          "line": 51,
          "column": 62
        }
      }
    },
    "fnMap": {
      "0": {
        "name": "Home",
        "decl": {
          "start": {
            "line": 4,
            "column": 9
          },
          "end": {
            "line": 4,
            "column": 13
          }
        },
        "loc": {
          "start": {
            "line": 4,
            "column": 16
          },
          "end": {
            "line": 25,
            "column": 1
          }
        },
        "line": 4
      },
      "1": {
        "name": "(anonymous_1)",
        "decl": {
          "start": {
            "line": 38,
            "column": 52
          },
          "end": {
            "line": 38,
            "column": 53
          }
        },
        "loc": {
          "start": {
            "line": 38,
            "column": 72
          },
          "end": {
            "line": 45,
            "column": 3
          }
        },
        "line": 38
      },
      "2": {
        "name": "(anonymous_2)",
        "decl": {
          "start": {
            "line": 40,
            "column": 27
          },
          "end": {
            "line": 40,
            "column": 28
          }
        },
        "loc": {
          "start": {
            "line": 40,
            "column": 44
          },
          "end": {
            "line": 44,
            "column": 5
          }
        },
        "line": 40
      },
      "3": {
        "name": "$RefreshReg$",
        "decl": {
          "start": {
            "line": 47,
            "column": 9
          },
          "end": {
            "line": 47,
            "column": 21
          }
        },
        "loc": {
          "start": {
            "line": 47,
            "column": 32
          },
          "end": {
            "line": 49,
            "column": 1
          }
        },
        "line": 47
      },
      "4": {
        "name": "$RefreshSig$",
        "decl": {
          "start": {
            "line": 50,
            "column": 9
          },
          "end": {
            "line": 50,
            "column": 21
          }
        },
        "loc": {
          "start": {
            "line": 50,
            "column": 24
          },
          "end": {
            "line": 52,
            "column": 1
          }
        },
        "line": 50
      }
    },
    "branchMap": {
      "0": {
        "loc": {
          "start": {
            "line": 31,
            "column": 20
          },
          "end": {
            "line": 31,
            "column": 97
          }
        },
        "type": "binary-expr",
        "locations": [
          {
            "start": {
              "line": 31,
              "column": 20
            },
            "end": {
              "line": 31,
              "column": 60
            }
          },
          {
            "start": {
              "line": 31,
              "column": 64
            },
            "end": {
              "line": 31,
              "column": 97
            }
          }
        ],
        "line": 31
      },
      "1": {
        "loc": {
          "start": {
            "line": 32,
            "column": 0
          },
          "end": {
            "line": 46,
            "column": 1
          }
        },
        "type": "if",
        "locations": [
          {
            "start": {
              "line": 32,
              "column": 0
            },
            "end": {
              "line": 46,
              "column": 1
            }
          },
          {
            "start": {},
            "end": {}
          }
        ],
        "line": 32
      },
      "2": {
        "loc": {
          "start": {
            "line": 32,
            "column": 4
          },
          "end": {
            "line": 32,
            "column": 35
          }
        },
        "type": "binary-expr",
        "locations": [
          {
            "start": {
              "line": 32,
              "column": 4
            },
            "end": {
              "line": 32,
              "column": 19
            }
          },
          {
            "start": {
              "line": 32,
              "column": 23
            },
            "end": {
              "line": 32,
              "column": 35
            }
          }
        ],
        "line": 32
      },
      "3": {
        "loc": {
          "start": {
            "line": 33,
            "column": 2
          },
          "end": {
            "line": 37,
            "column": 3
          }
        },
        "type": "if",
        "locations": [
          {
            "start": {
              "line": 33,
              "column": 2
            },
            "end": {
              "line": 37,
              "column": 3
            }
          },
          {
            "start": {},
            "end": {}
          }
        ],
        "line": 33
      },
      "4": {
        "loc": {
          "start": {
            "line": 41,
            "column": 6
          },
          "end": {
            "line": 41,
            "column": 31
          }
        },
        "type": "if",
        "locations": [
          {
            "start": {
              "line": 41,
              "column": 6
            },
            "end": {
              "line": 41,
              "column": 31
            }
          },
          {
            "start": {},
            "end": {}
          }
        ],
        "line": 41
      },
      "5": {
        "loc": {
          "start": {
            "line": 43,
            "column": 6
          },
          "end": {
            "line": 43,
            "column": 75
          }
        },
        "type": "if",
        "locations": [
          {
            "start": {
              "line": 43,
              "column": 6
            },
            "end": {
              "line": 43,
              "column": 75
            }
          },
          {
            "start": {},
            "end": {}
          }
        ],
        "line": 43
      }
    },
    "s": {
      "0": 6,
      "1": 9,
      "2": 9,
      "3": 9,
      "4": 9,
      "5": 9,
      "6": 0,
      "7": 9,
      "8": 9,
      "9": 9,
      "10": 0,
      "11": 0,
      "12": 0,
      "13": 0,
      "14": 0,
      "15": 9,
      "16": 0
    },
    "f": {
      "0": 6,
      "1": 9,
      "2": 0,
      "3": 9,
      "4": 0
    },
    "b": {
      "0": [
        9,
        0
      ],
      "1": [
        9,
        0
      ],
      "2": [
        9,
        9
      ],
      "3": [
        0,
        9
      ],
      "4": [
        0,
        0
      ],
      "5": [
        0,
        0
      ]
    },
    "inputSourceMap": {
      "version": 3,
      "mappings": "AAMI,mBACA,cADA;AANJ,SAASA,WAAWC,kBAAkB;AACtC,SAASC,iBAAiB;AAE1B,SAASC,OAAO;AAEd,SACE,mCACA;AAAA,2BAAC,eAAD;AAAA;AAAA;AAAA;AAAA,WAAU;AAAA,IACV,uBAAC,aAAU,UAAU,OAAO,IAAK,EAACC,SAAQ,QAAQC,YAAW,UAAUC,gBAAe,UAAUC,QAAQ,SAASC,OAAM,SAASC,eAAc,SAAQ,GACpJ,iCAAC,cAAW,SAAQ,MAAK,WAAU,MAAK,oCAAxC;AAAA;AAAA;AAAA;AAAA,WAEA,KAHF;AAAA;AAAA;AAAA;AAAA,WAIA;AAAA,OANA;AAAA;AAAA;AAAA;AAAA,SAOA;AAEJ;AAACC,KAZQP;AAcT,eAAeA;AAAK,IAAAO;AAAAC,aAAAD,IAAA",
      "names": [
        "Container",
        "Typography",
        "MuiNavbar",
        "Home",
        "display",
        "alignItems",
        "justifyContent",
        "height",
        "width",
        "flexDirection",
        "_c",
        "$RefreshReg$"
      ],
      "ignoreList": [],
      "sources": [
        "D:/Documents/School/Penn State/Fall 2025/Capstone Project/Source code/BasePaths_Capstone/frontend/src/pages/Home.jsx"
      ],
      "file": "D:/Documents/School/Penn State/Fall 2025/Capstone Project/Source code/BasePaths_Capstone/frontend/src/pages/Home.jsx"
    },
    "_coverageSchema": "1a1c01bbd47fc00a2c39e90264f33305004495a9",
    "hash": "0393af838483603dd852c0031c9797c0ed6ab2ef"
  },
  "D:/Documents/School/Penn State/Fall 2025/Capstone Project/Source code/BasePaths_Capstone/frontend/src/components/CreateTripForm.jsx": {
    "path": "D:/Documents/School/Penn State/Fall 2025/Capstone Project/Source code/BasePaths_Capstone/frontend/src/components/CreateTripForm.jsx",
    "statementMap": {
      "0": {
        "start": {
          "line": 2,
          "column": 9
        },
        "end": {
          "line": 2,
          "column": 23
        }
      },
      "1": {
        "start": {
          "line": 18,
          "column": 23
        },
        "end": {
          "line": 167,
          "column": 1
        }
      },
      "2": {
        "start": {
          "line": 19,
          "column": 2
        },
        "end": {
          "line": 19,
          "column": 7
        }
      },
      "3": {
        "start": {
          "line": 20,
          "column": 32
        },
        "end": {
          "line": 20,
          "column": 44
        }
      },
      "4": {
        "start": {
          "line": 21,
          "column": 34
        },
        "end": {
          "line": 25,
          "column": 4
        }
      },
      "5": {
        "start": {
          "line": 26,
          "column": 23
        },
        "end": {
          "line": 28,
          "column": 3
        }
      },
      "6": {
        "start": {
          "line": 27,
          "column": 4
        },
        "end": {
          "line": 27,
          "column": 55
        }
      },
      "7": {
        "start": {
          "line": 27,
          "column": 27
        },
        "end": {
          "line": 27,
          "column": 52
        }
      },
      "8": {
        "start": {
          "line": 29,
          "column": 23
        },
        "end": {
          "line": 65,
          "column": 3
        }
      },
      "9": {
        "start": {
          "line": 30,
          "column": 4
        },
        "end": {
          "line": 30,
          "column": 23
        }
      },
      "10": {
        "start": {
          "line": 31,
          "column": 4
        },
        "end": {
          "line": 64,
          "column": 5
        }
      },
      "11": {
        "start": {
          "line": 32,
          "column": 23
        },
        "end": {
          "line": 43,
          "column": 8
        }
      },
      "12": {
        "start": {
          "line": 44,
          "column": 6
        },
        "end": {
          "line": 61,
          "column": 7
        }
      },
      "13": {
        "start": {
          "line": 45,
          "column": 24
        },
        "end": {
          "line": 45,
          "column": 45
        }
      },
      "14": {
        "start": {
          "line": 46,
[...]
            "column": 5
          }
        },
        "line": 24
      },
      "3": {
        "name": "$RefreshReg$",
        "decl": {
          "start": {
            "line": 31,
            "column": 9
          },
          "end": {
            "line": 31,
            "column": 21
          }
        },
        "loc": {
          "start": {
            "line": 31,
            "column": 32
          },
          "end": {
            "line": 33,
            "column": 1
          }
        },
        "line": 31
      },
      "4": {
        "name": "$RefreshSig$",
        "decl": {
          "start": {
            "line": 34,
            "column": 9
          },
          "end": {
            "line": 34,
            "column": 21
          }
        },
        "loc": {
          "start": {
            "line": 34,
            "column": 24
          },
          "end": {
            "line": 36,
            "column": 1
          }
        },
        "line": 34
      }
    },
    "branchMap": {
      "0": {
        "loc": {
          "start": {
            "line": 5,
            "column": 9
          },
          "end": {
            "line": 9,
            "column": 10
          }
        },
        "type": "cond-expr",
        "locations": [
          {
            "start": {
              "line": 5,
              "column": 24
            },
            "end": {
              "line": 5,
              "column": 32
            }
          },
          {
            "start": {
              "line": 5,
              "column": 51
            },
            "end": {
              "line": 9,
              "column": 10
            }
          }
        ],
        "line": 5
      },
      "1": {
        "loc": {
          "start": {
            "line": 15,
            "column": 20
          },
          "end": {
            "line": 15,
            "column": 97
          }
        },
        "type": "binary-expr",
        "locations": [
          {
            "start": {
              "line": 15,
              "column": 20
            },
            "end": {
              "line": 15,
              "column": 60
            }
          },
          {
            "start": {
              "line": 15,
              "column": 64
            },
            "end": {
              "line": 15,
              "column": 97
            }
          }
        ],
        "line": 15
      },
      "2": {
        "loc": {
          "start": {
            "line": 16,
            "column": 0
          },
          "end": {
            "line": 30,
            "column": 1
          }
        },
        "type": "if",
        "locations": [
          {
            "start": {
              "line": 16,
              "column": 0
            },
            "end": {
              "line": 30,
              "column": 1
            }
          },
          {
            "start": {},
            "end": {}
          }
        ],
        "line": 16
      },
      "3": {
        "loc": {
          "start": {
            "line": 16,
            "column": 4
          },
          "end": {
            "line": 16,
            "column": 35
          }
        },
        "type": "binary-expr",
        "locations": [
          {
            "start": {
              "line": 16,
              "column": 4
            },
            "end": {
              "line": 16,
              "column": 19
            }
          },
          {
            "start": {
              "line": 16,
              "column": 23
            },
            "end": {
              "line": 16,
              "column": 35
            }
          }
        ],
        "line": 16
      },
      "4": {
        "loc": {
          "start": {
            "line": 17,
            "column": 2
          },
          "end": {
            "line": 21,
            "column": 3
          }
        },
        "type": "if",
        "locations": [
          {
            "start": {
              "line": 17,
              "column": 2
            },
            "end": {
              "line": 21,
              "column": 3
            }
          },
          {
            "start": {},
            "end": {}
          }
        ],
        "line": 17
      },
      "5": {
        "loc": {
          "start": {
            "line": 25,
            "column": 6
          },
          "end": {
            "line": 25,
            "column": 31
          }
        },
        "type": "if",
        "locations": [
          {
            "start": {
              "line": 25,
              "column": 6
            },
            "end": {
              "line": 25,
              "column": 31
            }
          },
          {
            "start": {},
            "end": {}
          }
        ],
        "line": 25
      },
      "6": {
        "loc": {
          "start": {
            "line": 27,
            "column": 6
          },
          "end": {
            "line": 27,
            "column": 75
          }
        },
        "type": "if",
        "locations": [
          {
            "start": {
              "line": 27,
              "column": 6
            },
            "end": {
              "line": 27,
              "column": 75
            }
          },
          {
            "start": {},
            "end": {}
          }
        ],
        "line": 27
      }
    },
    "s": {
      "0": 12,
      "1": 9,
      "2": 9,
      "3": 9,
      "4": 9,
      "5": 9,
      "6": 0,
      "7": 9,
      "8": 9,
      "9": 9,
      "10": 0,
      "11": 0,
      "12": 0,
      "13": 0,
      "14": 0,
      "15": 9,
      "16": 0
    },
    "f": {
      "0": 12,
      "1": 9,
      "2": 0,
      "3": 9,
      "4": 0
    },
    "b": {
      "0": [
        12,
        0
      ],
      "1": [
        9,
        0
      ],
      "2": [
        9,
        0
      ],
      "3": [
        9,
        9
      ],
      "4": [
        0,
        9
      ],
      "5": [
        0,
        0
      ],
      "6": [
        0,
        0
      ]
    },
    "inputSourceMap": {
      "version": 3,
      "mappings": "AAIqC;AAJrC,SAASA,gBAAgB;AACzB,SAASC,kBAAkB;AAE3B,wBAAwBC,YAAY,EAAEC,SAAS,GAAG;AAC9C,SAAOF,WAAW,IAAIE,WAAW,uBAAC,YAAS,IAAG,UAAS,SAAO,QAA7B;AAAA;AAAA;AAAA;AAAA,SAA6B;AAClE;AAACC,KAFuBF;AAAW,IAAAE;AAAAC,aAAAD,IAAA",
      "names": [
        "Navigate",
        "isLoggedIn",
        "RequireAuth",
        "children",
        "_c",
        "$RefreshReg$"
      ],
      "ignoreList": [],
      "sources": [
        "D:/Documents/School/Penn State/Fall 2025/Capstone Project/Source code/BasePaths_Capstone/frontend/src/utils/RequireAuth.jsx"
      ],
      "file": "D:/Documents/School/Penn State/Fall 2025/Capstone Project/Source code/BasePaths_Capstone/frontend/src/utils/RequireAuth.jsx"
    },
    "_coverageSchema": "1a1c01bbd47fc00a2c39e90264f33305004495a9",
    "hash": "c3647c919251427d05f14afea8f9cc96d9010b3c"
  },
  "D:/Documents/School/Penn State/Fall 2025/Capstone Project/Source code/BasePaths_Capstone/frontend/src/App.jsx": {
    "path": "D:/Documents/School/Penn State/Fall 2025/Capstone Project/Source code/BasePaths_Capstone/frontend/src/App.jsx",
    "statementMap": {
      "0": {
        "start": {
          "line": 10,
          "column": 2
        },
        "end": {
          "line": 89,
          "column": 11
        }
      },
      "1": {
        "start": {
          "line": 91,
          "column": 0
        },
        "end": {
          "line": 91,
          "column": 9
        }
      },
      "2": {
        "start": {
          "line": 94,
          "column": 0
        },
        "end": {
          "line": 94,
          "column": 24
        }
      },
      "3": {
        "start": {
          "line": 96,
          "column": 20
        },
        "end": {
          "line": 96,
          "column": 97
        }
      },
      "4": {
        "start": {
          "line": 97,
          "column": 0
        },
        "end": {
          "line": 111,
          "column": 1
        }
      },
      "5": {
        "start": {
          "line": 98,
          "column": 2
        },
        "end": {
          "line": 102,
          "column": 3
        }
      },
      "6": {
        "start": {
          "line": 99,
          "column": 4
        },
        "end": {
          "line": 101,
          "column": 6
        }
      },
      "7": {
        "start": {
          "line": 103,
          "column": 2
        },
        "end": {
          "line": 110,
          "column": 5
        }
      },
      "8": {
        "start": {
          "line": 104,
          "column": 4
        },
        "end": {
          "line": 104,
          "column": 179
        }
      },
      "9": {
        "start": {
          "line": 105,
          "column": 4
        },
        "end": {
          "line": 109,
          "column": 7
        }
      },
      "10": {
        "start": {
          "line": 106,
          "column": 6
        },
        "end": {
          "line": 106,
          "column": 31
        }
      },
      "11": {
        "start": {
          "line": 106,
          "column": 24
        },
        "end": {
          "line": 106,
          "column": 31
        }
      },
      "12": {
        "start": {
          "line": 107,
          "column": 32
        },
        "end": {
          "line": 107,
          "column": 228
        }
      },
      "13": {
        "start": {
          "line": 108,
          "column": 6
        },
        "end": {
          "line": 108,
          "column": 75
        }
      },
      "14": {
        "start": {
          "line": 108,
          "column": 29
        },
        "end": {
          "line": 108,
          "column": 75
        }
      },
      "15": {
        "start": {
          "line": 113,
          "column": 2
        },
        "end": {
          "line": 113,
          "column": 158
        }
      },
      "16": {
        "start": {
          "line": 116,
          "column": 2
        },
        "end": {
          "line": 116,
          "column": 62
        }
      }
    },
    "fnMap": {
      "0": {
        "name": "App",
        "decl": {
          "start": {
            "line": 9,
            "column": 9
          },
          "end": {
            "line": 9,
            "column": 12
          }
        },
        "loc": {
          "start": {
            "line": 9,
            "column": 15
          },
          "end": {
            "line": 90,
            "column": 1
          }
        },
        "line": 9
      },
      "1": {
        "name": "(anonymous_1)",
        "decl": {
          "start": {
            "line": 103,
            "column": 52
          },
          "end": {
            "line": 103,
            "column": 53
          }
        },
        "loc": {
          "start": {
            "line": 103,
            "column": 72
          },
          "end": {
            "line": 110,
            "column": 3
          }
        },
        "line": 103
      },
      "2": {
        "name": "(anonymous_2)",
        "decl": {
          "start": {
            "line": 105,
            "column": 27
          },
          "end": {
            "line": 105,
            "column": 28
          }
        },
        "loc": {
          "start": {
            "line": 105,
            "column": 44
          },
          "end": {
            "line": 109,
            "column": 5
          }
        },
        "line": 105
      },
      "3": {
        "name": "$RefreshReg$",
        "decl": {
          "start": {
            "line": 112,
            "column": 9
          },
          "end": {
            "line": 112,
            "column": 21
          }
        },
        "loc": {
          "start": {
            "line": 112,
            "column": 32
          },
          "end": {
            "line": 114,
            "column": 1
          }
        },
        "line": 112
      },
      "4": {
        "name": "$RefreshSig$",
        "decl": {
          "start": {
            "line": 115,
            "column": 9
          },
          "end": {
            "line": 115,
            "column": 21
          }
        },
        "loc": {
          "start": {
            "line": 115,
            "column": 24
          },
          "end": {
            "line": 117,
            "column": 1
          }
        },
        "line": 115
      }
    },
    "branchMap": {
      "0": {
        "loc": {
          "start": {
            "line": 96,
            "column": 20
          },
          "end": {
            "line": 96,
            "column": 97
          }
        },
        "type": "binary-expr",
        "locations": [
          {
            "start": {
              "line": 96,
              "column": 20
            },
            "end": {
              "line": 96,
              "column": 60
            }
          },
          {
            "start": {
              "line": 96,
              "column": 64
            },
            "end": {
              "line": 96,
              "column": 97
            }
          }
        ],
        "line": 96
      },
      "1": {
        "loc": {
          "start": {
            "line": 97,
            "column": 0
          },
          "end": {
            "line": 111,
            "column": 1
          }
        },
        "type": "if",
        "locations": [
          {
            "start": {
              "line": 97,
              "column": 0
            },
            "end": {
              "line": 111,
              "column": 1
            }
          },
          {
            "start": {},
            "end": {}
          }
        ],
        "line": 97
      },
      "2": {
        "loc": {
          "start": {
            "line": 97,
            "column": 4
          },
          "end": {
            "line": 97,
            "column": 35
          }
        },
        "type": "binary-expr",
        "locations": [
          {
            "start": {
              "line": 97,
              "column": 4
            },
            "end": {
              "line": 97,
              "column": 19
            }
          },
          {
            "start": {
              "line": 97,
              "column": 23
            },
            "end": {
              "line": 97,
              "column": 35
            }
          }
        ],
        "line": 97
      },
      "3": {
        "loc": {
          "start": {
            "line": 98,
            "column": 2
          },
          "end": {
            "line": 102,
            "column": 3
          }
        },
        "type": "if",
        "locations": [
          {
            "start": {
              "line": 98,
              "column": 2
            },
            "end": {
              "line": 102,
              "column": 3
            }
          },
          {
            "start": {},
            "end": {}
          }
        ],
        "line": 98
      },
      "4": {
        "loc": {
          "start": {
            "line": 106,
            "column": 6
          },
          "end": {
            "line": 106,
            "column": 31
          }
        },
        "type": "if",
        "locations": [
          {
            "start": {
              "line": 106,
              "column": 6
            },
            "end": {
              "line": 106,
              "column": 31
            }
          },
          {
            "start": {},
            "end": {}
          }
        ],
        "line": 106
      },
      "5": {
        "loc": {
          "start": {
            "line": 108,
            "column": 6
          },
          "end": {
            "line": 108,
            "column": 75
          }
        },
        "type": "if",
        "locations": [
          {
            "start": {
              "line": 108,
              "column": 6
            },
            "end": {
              "line": 108,
              "column": 75
            }
          },
          {
            "start": {},
            "end": {}
          }
        ],
        "line": 108
      }
    },
    "s": {
      "0": 18,
      "1": 9,
      "2": 9,
      "3": 9,
      "4": 9,
      "5": 9,
      "6": 0,
      "7": 9,
      "8": 9,
      "9": 9,
      "10": 0,
      "11": 0,
      "12": 0,
      "13": 0,
      "14": 0,
      "15": 9,
      "16": 0
    },
    "f": {
      "0": 18,
      "1": 9,
      "2": 0,
      "3": 9,
      "4": 0
    },
    "b": {
      "0": [
        9,
        0
      ],
      "1": [
        9,
        0
      ],
      "2": [
        9,
        9
      ],
      "3": [
        0,
        9
      ],
      "4": [
        0,
        0
      ],
      "5": [
        0,
        0
      ]
    },
    "inputSourceMap": {
      "version": 3,
      "mappings": "AAY8C;AAZ9C,SAASA,iBAAiBC,QAAQC,QAAQC,OAAOC,gBAAgB;AACjE,OAAOC,mBAAmB;AAC1B,OAAOC,WAAW;AAClB,OAAOC,UAAU;AACjB,OAAOC,eAAe;AACtB,OAAOC,sBAAsB;AAC7B,OAAOC,iBAAkB;AAEzB,SAASC,MAAM;AACb,SACE,uBAAC,UACC,iCAAC,UACC;AAAA,2BAAC,SAAM,MAAK,KAAI,SAAS,uBAAC,eAAY,iCAAC,UAAD;AAAA;AAAA;AAAA;AAAA,WAAK,KAAlB;AAAA;AAAA;AAAA;AAAA,WAAoB,KAA7C;AAAA;AAAA;AAAA;AAAA,WAA4D;AAAA,IAC5D,uBAAC,SAAM,MAAK,UAAS,SAAS,uBAAC,WAAD;AAAA;AAAA;AAAA;AAAA,WAAM,KAApC;AAAA;AAAA;AAAA;AAAA,WAAwC;AAAA,IACxC,uBAAC,SAAM,MAAK,kBAAiB,SAAS,uBAAC,mBAAD;AAAA;AAAA;AAAA;AAAA,WAAc,KAApD;AAAA;AAAA;AAAA;AAAA,WAAwD;AAAA,IACxD,uBAAC,SAAM,MAAK,SAAQ,SAAS,uBAAC,eAAY,iCAAC,UAAD;AAAA;AAAA;AAAA;AAAA,WAAK,KAAlB;AAAA;AAAA;AAAA;AAAA,WAAoB,KAAjD;AAAA;AAAA;AAAA;AAAA,WAAgE;AAAA,IAChE,uBAAC,SAAM,MAAK,UAAS,SAAS,uBAAC,eAAY,iCAAC,eAAD;AAAA;AAAA;AAAA;AAAA,WAAU,KAAvB;AAAA;AAAA;AAAA;AAAA,WAAyB,KAAvD;AAAA;AAAA;AAAA;AAAA,WAAsE;AAAA,IACtE,uBAAC,SAAM,MAAK,kBAAiB,SAAS,uBAAC,eAAY,iCAAC,sBAAD;AAAA;AAAA;AAAA;AAAA,WAAiB,KAA9B;AAAA;AAAA;AAAA;AAAA,WAAgC,KAAtE;AAAA;AAAA;AAAA;AAAA,WAAqF;AAAA,OANvF;AAAA;AAAA;AAAA;AAAA,SAOA,KARF;AAAA;AAAA;AAAA;AAAA,SASA;AAEJ;AAACC,KAbQD;AAeT,eAAeA;AAAI,IAAAC;AAAAC,aAAAD,IAAA",
      "names": [
        "BrowserRouter",
        "Router",
        "Routes",
        "Route",
        "Navigate",
        "CreateAccount",
        "Login",
        "Home",
        "TripsPage",
        "TripsDetailsPage",
        "RequireAuth",
        "App",
        "_c",
        "$RefreshReg$"
      ],
      "ignoreList": [],
      "sources": [
        "D:/Documents/School/Penn State/Fall 2025/Capstone Project/Source code/BasePaths_Capstone/frontend/src/App.jsx"
      ],
      "file": "D:/Documents/School/Penn State/Fall 2025/Capstone Project/Source code/BasePaths_Capstone/frontend/src/App.jsx"
    },
    "_coverageSchema": "1a1c01bbd47fc00a2c39e90264f33305004495a9",
    "hash": "69065e3d8691333de3c6600ba48612c6d06ca08e"
  },
  "D:/Documents/School/Penn State/Fall 2025/Capstone Project/Source code/BasePaths_Capstone/frontend/src/main.jsx": {
    "path": "D:/Documents/School/Penn State/Fall 2025/Capstone Project/Source code/BasePaths_Capstone/frontend/src/main.jsx",
    "statementMap": {
      "0": {
        "start": {
          "line": 6,
          "column": 0
        },
        "end": {
          "line": 16,
          "column": 2
        }
      }
    },
    "fnMap": {},
    "branchMap": {},
    "s": {
      "0": 9
    },
    "f": {},
    "b": {},
    "inputSourceMap": {
      "version": 3,
      "mappings": "AAOI;AAPJ,SAASA,kBAAkB;AAC3B,SAASC,kBAAkB;AAC3B,OAAO;AACP,OAAOC,SAAS;AAEhBD,WAAWE,SAASC,eAAe,MAAM,CAAC,EAAEC;AAAAA,EAC1C,uBAAC,cACC,iCAAC,SAAD;AAAA;AAAA;AAAA;AAAA,SAAI,KADN;AAAA;AAAA;AAAA;AAAA,SAEA;AACF",
      "names": [
        "StrictMode",
        "createRoot",
        "App",
        "document",
        "getElementById",
        "render"
      ],
      "ignoreList": [],
      "sources": [
        "D:/Documents/School/Penn State/Fall 2025/Capstone Project/Source code/BasePaths_Capstone/frontend/src/main.jsx"
      ],
      "file": "D:/Documents/School/Penn State/Fall 2025/Capstone Project/Source code/BasePaths_Capstone/frontend/src/main.jsx"
    },
    "_coverageSchema": "1a1c01bbd47fc00a2c39e90264f33305004495a9",
    "hash": "a0b04c3dbe1e9d488f32f274b9c02a2896a5bd19"
  }
}