<?xml version="1.0" encoding="UTF-8"?>
<coverage generated="1762722789927" clover="3.2.0">
  <project timestamp="1762722789927" name="All files">
    <metrics statements="228" coveredstatements="128" conditionals="73" coveredconditionals="20" methods="67" coveredmethods="36" elements="368" coveredelements="184" complexity="0" loc="228" ncloc="228" packages="4" files="13" classes="13"/>
    <package name="src">
      <metrics statements="5" coveredstatements="5" conditionals="2" coveredconditionals="1" methods="1" coveredmethods="1"/>
      <file name="App.jsx" path="D:/Documents/School/Penn State/Fall 2025/Capstone Project/Source code/BasePaths_Capstone/frontend/src/App.jsx">
        <metrics statements="3" coveredstatements="3" conditionals="0" coveredconditionals="0" methods="1" coveredmethods="1"/>
        <line num="10" count="18" type="stmt"/>
        <line num="22" count="9" type="stmt"/>
        <line num="24" count="9" type="stmt"/>
      </file>
      <file name="config.js" path="D:/Documents/School/Penn State/Fall 2025/Capstone Project/Source code/BasePaths_Capstone/frontend/src/config.js">
        <metrics statements="1" coveredstatements="1" conditionals="2" coveredconditionals="1" methods="0" coveredmethods="0"/>
        <line num="1" count="9" type="cond" truecount="1" falsecount="1"/>
      </file>
      <file name="main.jsx" path="D:/Documents/School/Penn State/Fall 2025/Capstone Project/Source code/BasePaths_Capstone/frontend/src/main.jsx">
        <metrics statements="1" coveredstatements="1" conditionals="0" coveredconditionals="0" methods="0" coveredmethods="0"/>
        <line num="6" count="9" type="stmt"/>
      </file>
    </package>
    <package name="src.components">
      <metrics statements="69" coveredstatements="32" conditionals="18" coveredconditionals="6" methods="23" coveredmethods="8"/>
      <file name="CreateTripForm.jsx" path="D:/Documents/School/Penn State/Fall 2025/Capstone Project/Source code/BasePaths_Capstone/frontend/src/components/CreateTripForm.jsx">
        <metrics statements="27" coveredstatements="22" conditionals="6" coveredconditionals="6" methods="8" coveredmethods="5"/>
        <line num="17" count="60" type="stmt"/>
        <line num="18" count="60" type="stmt"/>
        <line num="19" count="60" type="stmt"/>
        <line num="25" count="60" type="stmt"/>
        <line num="26" count="34" type="stmt"/>
        <line num="29" count="60" type="stmt"/>
        <line num="30" count="2" type="stmt"/>
        <line num="32" count="2" type="stmt"/>
        <line num="33" count="2" type="stmt"/>
        <line num="46" count="2" type="cond" truecount="2" falsecount="0"/>
        <line num="47" count="1" type="stmt"/>
        <line num="48" count="1" type="stmt"/>
        <line num="49" count="1" type="stmt"/>
        <line num="54" count="1" type="stmt"/>
        <line num="55" count="1" type="stmt"/>
        <line num="56" count="0" type="stmt"/>
        <line num="57" count="0" type="stmt"/>
        <line num="60" count="1" type="stmt"/>
        <line num="61" count="1" type="stmt"/>
        <line num="62" count="1" type="stmt"/>
        <line num="65" count="0" type="stmt"/>
        <line num="68" count="60" type="stmt"/>
        <line num="77" count="17" type="stmt"/>
        <line num="84" count="0" type="stmt"/>
        <line num="91" count="0" type="stmt"/>
        <line num="110" count="9" type="stmt"/>
        <line num="112" count="9" type="stmt"/>
      </file>
      <file name="GenerateTripForm.jsx" path="D:/Documents/School/Penn State/Fall 2025/Capstone Project/Source code/BasePaths_Capstone/frontend/src/components/GenerateTripForm.jsx">
        <metrics statements="33" coveredstatements="3" conditionals="12" coveredconditionals="0" methods="10" coveredmethods="0"/>
        <line num="17" count="9" type="stmt"/>
        <line num="18" count="0" type="stmt"/>
        <line num="19" count="0" type="stmt"/>
        <line num="27" count="0" type="stmt"/>
        <line num="28" count="0" type="stmt"/>
        <line num="31" count="0" type="stmt"/>
        <line num="32" count="0" type="stmt"/>
        <line num="34" count="0" type="stmt"/>
        <line num="43" count="0" type="cond" truecount="0" falsecount="1"/>
        <line num="50" count="0" type="stmt"/>
        <line num="51" count="0" type="stmt"/>
        <line num="54" count="0" type="stmt"/>
        <line num="55" count="0" type="stmt"/>
        <line num="64" count="0" type="cond" truecount="0" falsecount="2"/>
        <line num="65" count="0" type="stmt"/>
        <line num="66" count="0" type="stmt"/>
        <line num="67" count="0" type="stmt"/>
        <line num="74" count="0" type="stmt"/>
        <line num="75" count="0" type="stmt"/>
        <line num="76" count="0" type="stmt"/>
        <line num="77" count="0" type="stmt"/>
        <line num="80" count="0" type="stmt"/>
        <line num="81" count="0" type="stmt"/>
        <line num="82" count="0" type="stmt"/>
        <line num="85" count="0" type="stmt"/>
        <line num="88" count="0" type="stmt"/>
        <line num="96" count="0" type="stmt"/>
        <line num="102" count="0" type="stmt"/>
        <line num="108" count="0" type="stmt"/>
        <line num="114" count="0" type="stmt"/>
        <line num="120" count="0" type="stmt"/>
        <line num="138" count="9" type="stmt"/>
        <line num="140" count="9" type="stmt"/>
      </file>
      <file name="MuiNavbar.jsx" path="D:/Documents/School/Penn State/Fall 2025/Capstone Project/Source code/BasePaths_Capstone/frontend/src/components/MuiNavbar.jsx">
        <metrics statements="9" coveredstatements="7" conditionals="0" coveredconditionals="0" methods="5" coveredmethods="3"/>
        <line num="6" count="30" type="stmt"/>
        <line num="7" count="30" type="stmt"/>
        <line num="9" count="30" type="stmt"/>
        <line num="10" count="1" type="stmt"/>
        <line num="11" count="1" type="stmt"/>
        <line num="14" count="30" type="stmt"/>
        <line num="18" count="0" type="stmt"/>
        <line num="24" count="0" type="stmt"/>
        <line num="36" count="9" type="stmt"/>
      </file>
    </package>
    <package name="src.pages">
      <metrics statements="143" coveredstatements="80" conditionals="51" coveredconditionals="12" methods="38" coveredmethods="22"/>
      <file name="CreateAccount.jsx" path="D:/Documents/School/Penn State/Fall 2025/Capstone Project/Source code/BasePaths_Capstone/frontend/src/pages/CreateAccount.jsx">
        <metrics statements="22" coveredstatements="21" conditionals="6" coveredconditionals="5" methods="5" coveredmethods="5"/>
        <line num="13" count="144" type="stmt"/>
        <line num="14" count="144" type="stmt"/>
        <line num="15" count="144" type="stmt"/>
        <line num="16" count="144" type="stmt"/>
        <line num="17" count="144" type="stmt"/>
        <line num="19" count="144" type="stmt"/>
        <line num="20" count="3" type="stmt"/>
        <line num="22" count="3" type="stmt"/>
        <line num="23" count="3" type="stmt"/>
        <line num="31" count="3" type="cond" truecount="2" falsecount="0"/>
        <line num="32" count="1" type="stmt"/>
        <line num="33" count="1" type="stmt"/>
        <line num="34" count="1" type="stmt"/>
        <line num="35" count="1" type="stmt"/>
        <line num="37" count="2" type="stmt"/>
        <line num="38" count="2" type="stmt"/>
        <line num="41" count="0" type="stmt"/>
        <line num="45" count="144" type="stmt"/>
        <line num="58" count="32" type="stmt"/>
        <line num="66" count="35" type="stmt"/>
        <line num="85" count="9" type="stmt"/>
        <line num="87" count="9" type="stmt"/>
      </file>
      <file name="Home.jsx" path="D:/Documents/School/Penn State/Fall 2025/Capstone Project/Source code/BasePaths_Capstone/frontend/src/pages/Home.jsx">
        <metrics statements="3" coveredstatements="3" conditionals="0" coveredconditionals="0" methods="1" coveredmethods="1"/>
        <line num="6" count="6" type="stmt"/>
        <line num="16" count="9" type="stmt"/>
        <line num="18" count="9" type="stmt"/>
      </file>
      <file name="Login.jsx" path="D:/Documents/School/Penn State/Fall 2025/Capstone Project/Source code/BasePaths_Capstone/frontend/src/pages/Login.jsx">
        <metrics statements="24" coveredstatements="22" conditionals="6" coveredconditionals="5" methods="6" coveredmethods="5"/>
        <line num="14" count="98" type="stmt"/>
        <line num="15" count="98" type="stmt"/>
        <line num="16" count="98" type="stmt"/>
        <line num="17" count="98" type="stmt"/>
        <line num="18" count="98" type="stmt"/>
        <line num="20" count="98" type="stmt"/>
        <line num="21" count="2" type="stmt"/>
        <line num="23" count="2" type="stmt"/>
        <line num="24" count="2" type="stmt"/>
        <line num="32" count="2" type="cond" truecount="2" falsecount="0"/>
        <line num="33" count="1" type="stmt"/>
        <line num="34" count="1" type="stmt"/>
        <line num="35" count="1" type="stmt"/>
        <line num="36" count="1" type="stmt"/>
        <line num="38" count="1" type="stmt"/>
        <line num="39" count="1" type="stmt"/>
        <line num="40" count="1" type="stmt"/>
        <line num="43" count="0" type="stmt"/>
        <line num="47" count="98" type="stmt"/>
        <line num="60" count="21" type="stmt"/>
        <line num="68" count="24" type="stmt"/>
        <line num="81" count="0" type="stmt"/>
        <line num="93" count="9" type="stmt"/>
        <line num="95" count="9" type="stmt"/>
      </file>
      <file name="TripsDetailsPage.jsx" path="D:/Documents/School/Penn State/Fall 2025/Capstone Project/Source code/BasePaths_Capstone/frontend/src/pages/TripsDetailsPage.jsx">
        <metrics statements="56" coveredstatements="3" conditionals="31" coveredconditionals="0" methods="13" coveredmethods="0"/>
        <line num="11" count="0" type="stmt"/>
        <line num="12" count="0" type="stmt"/>
        <line num="13" count="9" type="stmt"/>
        <line num="14" count="0" type="cond" truecount="0" falsecount="2"/>
        <line num="15" count="0" type="stmt"/>
        <line num="16" count="0" type="stmt"/>
        <line num="18" count="0" type="stmt"/>
        <line num="20" count="0" type="stmt"/>
        <line num="21" count="0" type="stmt"/>
        <line num="23" count="0" type="stmt"/>
        <line num="24" count="0" type="stmt"/>
        <line num="27" count="0" type="stmt"/>
        <line num="28" count="0" type="cond" truecount="0" falsecount="1"/>
        <line num="29" count="0" type="stmt"/>
        <line num="30" count="0" type="stmt"/>
        <line num="31" count="0" type="stmt"/>
        <line num="35" count="0" type="cond" truecount="0" falsecount="1"/>
        <line num="36" count="0" type="stmt"/>
        <line num="37" count="0" type="cond" truecount="0" falsecount="2"/>
        <line num="40" count="0" type="stmt"/>
        <line num="41" count="0" type="stmt"/>
        <line num="43" count="0" type="stmt"/>
        <line num="47" count="0" type="stmt"/>
        <line num="51" count="0" type="stmt"/>
        <line num="52" count="0" type="cond" truecount="0" falsecount="1"/>
        <line num="53" count="0" type="stmt"/>
        <line num="56" count="0" type="stmt"/>
        <line num="57" count="0" type="stmt"/>
        <line num="59" count="0" type="stmt"/>
        <line num="60" count="0" type="stmt"/>
        <line num="62" count="0" type="cond" truecount="0" falsecount="1"/>
        <line num="63" count="0" type="stmt"/>
        <line num="64" count="0" type="stmt"/>
        <line num="67" count="0" type="cond" truecount="0" falsecount="1"/>
        <line num="68" count="0" type="stmt"/>
        <line num="69" count="0" type="stmt"/>
        <line num="74" count="0" type="cond" truecount="0" falsecount="1"/>
        <line num="75" count="0" type="stmt"/>
        <line num="76" count="0" type="stmt"/>
        <line num="79" count="0" type="cond" truecount="0" falsecount="1"/>
        <line num="80" count="0" type="stmt"/>
        <line num="81" count="0" type="stmt"/>
        <line num="86" count="0" type="stmt"/>
        <line num="94" count="0" type="stmt"/>
        <line num="97" count="0" type="stmt"/>
        <line num="100" count="0" type="stmt"/>
        <line num="104" count="0" type="stmt"/>
        <line num="106" count="0" type="cond" truecount="0" falsecount="2"/>
        <line num="111" count="0" type="stmt"/>
        <line num="112" count="0" type="cond" truecount="0" falsecount="2"/>
        <line num="119" count="0" type="cond" truecount="0" falsecount="1"/>
        <line num="120" count="0" type="stmt"/>
        <line num="127" count="0" type="cond" truecount="0" falsecount="1"/>
        <line num="129" count="0" type="stmt"/>
        <line num="184" count="9" type="stmt"/>
        <line num="186" count="9" type="stmt"/>
      </file>
      <file name="TripsPage.jsx" path="D:/Documents/School/Penn State/Fall 2025/Capstone Project/Source code/BasePaths_Capstone/frontend/src/pages/TripsPage.jsx">
        <metrics statements="38" coveredstatements="31" conditionals="8" coveredconditionals="2" methods="13" coveredmethods="11"/>
        <line num="10" count="24" type="stmt"/>
        <line num="11" count="24" type="stmt"/>
        <line num="13" count="24" type="stmt"/>
        <line num="14" count="24" type="stmt"/>
        <line num="15" count="24" type="stmt"/>
        <line num="17" count="24" type="stmt"/>
        <line num="18" count="24" type="stmt"/>
        <line num="20" count="24" type="stmt"/>
        <line num="21" count="2" type="stmt"/>
        <line num="24" count="24" type="stmt"/>
        <line num="25" count="6" type="stmt"/>
        <line num="28" count="24" type="stmt"/>
        <line num="29" count="6" type="stmt"/>
        <line num="30" count="6" type="stmt"/>
        <line num="33" count="6" type="cond" truecount="1" falsecount="1"/>
        <line num="34" count="6" type="stmt"/>
        <line num="35" count="6" type="stmt"/>
        <line num="38" count="0" type="stmt"/>
        <line num="39" count="0" type="stmt"/>
        <line num="40" count="0" type="stmt"/>
        <line num="43" count="0" type="stmt"/>
        <line num="47" count="24" type="stmt"/>
        <line num="48" count="8" type="stmt"/>
        <line num="49" count="8" type="stmt"/>
        <line num="57" count="24" type="stmt"/>
        <line num="63" count="4" type="stmt"/>
        <line num="64" count="4" type="cond" truecount="0" falsecount="1"/>
        <line num="65" count="0" type="stmt"/>
        <line num="67" count="4" type="stmt"/>
        <line num="74" count="4" type="stmt"/>
        <line num="75" count="4" type="cond" truecount="0" falsecount="1"/>
        <line num="76" count="0" type="stmt"/>
        <line num="78" count="4" type="stmt"/>
        <line num="83" count="24" type="stmt"/>
        <line num="109" count="4" type="stmt"/>
        <line num="110" count="0" type="stmt"/>
        <line num="117" count="9" type="stmt"/>
        <line num="119" count="9" type="stmt"/>
      </file>
    </package>
    <package name="src.utils">
      <metrics statements="11" coveredstatements="11" conditionals="2" coveredconditionals="1" methods="5" coveredmethods="5"/>
      <file name="RequireAuth.jsx" path="D:/Documents/School/Penn State/Fall 2025/Capstone Project/Source code/BasePaths_Capstone/frontend/src/utils/RequireAuth.jsx">
        <metrics statements="3" coveredstatements="3" conditionals="2" coveredconditionals="1" methods="1" coveredmethods="1"/>
        <line num="4" count="9" type="stmt"/>
        <line num="5" count="12" type="cond" truecount="1" falsecount="1"/>
        <line num="6" count="9" type="stmt"/>
      </file>
      <file name="authUtils.js" path="D:/Documents/School/Penn State/Fall 2025/Capstone Project/Source code/BasePaths_Capstone/frontend/src/utils/authUtils.js">
        <metrics statements="8" coveredstatements="8" conditionals="0" coveredconditionals="0" methods="4" coveredmethods="4"/>
        <line num="1" count="9" type="stmt"/>
        <line num="2" count="2" type="stmt"/>
        <line num="5" count="9" type="stmt"/>
        <line num="6" count="20" type="stmt"/>
        <line num="9" count="9" type="stmt"/>
        <line num="10" count="1" type="stmt"/>
        <line num="13" count="9" type="stmt"/>
        <line num="14" count="12" type="stmt"/>
      </file>
    </package>
  </project>
</coverage>
