{"total": {"lines":{"total":228,"covered":128,"skipped":0,"pct":56.14},"statements":{"total":252,"covered":144,"skipped":0,"pct":57.14},"functions":{"total":67,"covered":36,"skipped":0,"pct":53.73},"branches":{"total":73,"covered":20,"skipped":0,"pct":27.39},"branchesTrue":{"total":0,"covered":0,"skipped":0,"pct":100}}
,"D:/Documents/School/Penn State/Fall 2025/Capstone Project/Source code/BasePaths_Capstone/frontend/src/App.jsx": {"lines":{"total":3,"covered":3,"skipped":0,"pct":100},"functions":{"total":1,"covered":1,"skipped":0,"pct":100},"statements":{"total":3,"covered":3,"skipped":0,"pct":100},"branches":{"total":0,"covered":0,"skipped":0,"pct":100}}
,"D:/Documents/School/Penn State/Fall 2025/Capstone Project/Source code/BasePaths_Capstone/frontend/src/config.js": {"lines":{"total":1,"covered":1,"skipped":0,"pct":100},"functions":{"total":0,"covered":0,"skipped":0,"pct":100},"statements":{"total":1,"covered":1,"skipped":0,"pct":100},"branches":{"total":2,"covered":1,"skipped":0,"pct":50}}
,"D:/Documents/School/Penn State/Fall 2025/Capstone Project/Source code/BasePaths_Capstone/frontend/src/main.jsx": {"lines":{"total":1,"covered":1,"skipped":0,"pct":100},"functions":{"total":0,"covered":0,"skipped":0,"pct":100},"statements":{"total":1,"covered":1,"skipped":0,"pct":100},"branches":{"total":0,"covered":0,"skipped":0,"pct":100}}
,"D:/Documents/School/Penn State/Fall 2025/Capstone Project/Source code/BasePaths_Capstone/frontend/src/components/CreateTripForm.jsx": {"lines":{"total":27,"covered":22,"skipped":0,"pct":81.48},"functions":{"total":8,"covered":5,"skipped":0,"pct":62.5},"statements":{"total":30,"covered":25,"skipped":0,"pct":83.33},"branches":{"total":6,"covered":6,"skipped":0,"pct":100}}
,"D:/Documents/School/Penn State/Fall 2025/Capstone Project/Source code/BasePaths_Capstone/frontend/src/components/GenerateTripForm.jsx": {"lines":{"total":33,"covered":3,"skipped":0,"pct":9.09},"functions":{"total":10,"covered":0,"skipped":0,"pct":0},"statements":{"total":36,"covered":4,"skipped":0,"pct":11.11},"branches":{"total":12,"covered":0,"skipped":0,"pct":0}}
,"D:/Documents/School/Penn State/Fall 2025/Capstone Project/Source code/BasePaths_Capstone/frontend/src/components/MuiNavbar.jsx": {"lines":{"total":9,"covered":7,"skipped":0,"pct":77.77},"functions":{"total":5,"covered":3,"skipped":0,"pct":60},"statements":{"total":13,"covered":11,"skipped":0,"pct":84.61},"branches":{"total":0,"covered":0,"skipped":0,"pct":100}}
,"D:/Documents/School/Penn State/Fall 2025/Capstone Project/Source code/BasePaths_Capstone/frontend/src/pages/CreateAccount.jsx": {"lines":{"total":22,"covered":21,"skipped":0,"pct":95.45},"functions":{"total":5,"covered":5,"skipped":0,"pct":100},"statements":{"total":24,"covered":23,"skipped":0,"pct":95.83},"branches":{"total":6,"covered":5,"skipped":0,"pct":83.33}}
,"D:/Documents/School/Penn State/Fall 2025/Capstone Project/Source code/BasePaths_Capstone/frontend/src/pages/Home.jsx": {"lines":{"total":3,"covered":3,"skipped":0,"pct":100},"functions":{"total":1,"covered":1,"skipped":0,"pct":100},"statements":{"total":3,"covered":3,"skipped":0,"pct":100},"branches":{"total":0,"covered":0,"skipped":0,"pct":100}}
,"D:/Documents/School/Penn State/Fall 2025/Capstone Project/Source code/BasePaths_Capstone/frontend/src/pages/Login.jsx": {"lines":{"total":24,"covered":22,"skipped":0,"pct":91.66},"functions":{"total":6,"covered":5,"skipped":0,"pct":83.33},"statements":{"total":26,"covered":24,"skipped":0,"pct":92.3},"branches":{"total":6,"covered":5,"skipped":0,"pct":83.33}}
,"D:/Documents/School/Penn State/Fall 2025/Capstone Project/Source code/BasePaths_Capstone/frontend/src/pages/TripsDetailsPage.jsx": {"lines":{"total":56,"covered":3,"skipped":0,"pct":5.35},"functions":{"total":13,"covered":0,"skipped":0,"pct":0},"statements":{"total":61,"covered":3,"skipped":0,"pct":4.91},"branches":{"total":31,"covered":0,"skipped":0,"pct":0}}
,"D:/Documents/School/Penn State/Fall 2025/Capstone Project/Source code/BasePaths_Capstone/frontend/src/pages/TripsPage.jsx": {"lines":{"total":38,"covered":31,"skipped":0,"pct":81.57},"functions":{"total":13,"covered":11,"skipped":0,"pct":84.61},"statements":{"total":43,"covered":35,"skipped":0,"pct":81.39},"branches":{"total":8,"covered":2,"skipped":0,"pct":25}}
,"D:/Documents/School/Penn State/Fall 2025/Capstone Project/Source code/BasePaths_Capstone/frontend/src/utils/RequireAuth.jsx": {"lines":{"total":3,"covered":3,"skipped":0,"pct":100},"functions":{"total":1,"covered":1,"skipped":0,"pct":100},"statements":{"total":3,"covered":3,"skipped":0,"pct":100},"branches":{"total":2,"covered":1,"skipped":0,"pct":50}}
,"D:/Documents/School/Penn State/Fall 2025/Capstone Project/Source code/BasePaths_Capstone/frontend/src/utils/authUtils.js": {"lines":{"total":8,"covered":8,"skipped":0,"pct":100},"functions":{"total":4,"covered":4,"skipped":0,"pct":100},"statements":{"total":8,"covered":8,"skipped":0,"pct":100},"branches":{"total":0,"covered":0,"skipped":0,"pct":100}}
}
