{"total": {"lines":{"total":71,"covered":64,"skipped":0,"pct":90.14},"statements":{"total":79,"covered":72,"skipped":0,"pct":91.13},"functions":{"total":21,"covered":20,"skipped":0,"pct":95.23},"branches":{"total":14,"covered":10,"skipped":0,"pct":71.42},"branchesTrue":{"total":0,"covered":0,"skipped":0,"pct":100}}
,"D:/Documents/School/Penn State/Fall 2025/Capstone Project/Source code/BasePaths_Capstone/frontend/src/App.jsx": {"lines":{"total":3,"covered":3,"skipped":0,"pct":100},"functions":{"total":1,"covered":1,"skipped":0,"pct":100},"statements":{"total":3,"covered":3,"skipped":0,"pct":100},"branches":{"total":0,"covered":0,"skipped":0,"pct":100}}
,"D:/Documents/School/Penn State/Fall 2025/Capstone Project/Source code/BasePaths_Capstone/frontend/src/main.jsx": {"lines":{"total":1,"covered":1,"skipped":0,"pct":100},"functions":{"total":0,"covered":0,"skipped":0,"pct":100},"statements":{"total":1,"covered":1,"skipped":0,"pct":100},"branches":{"total":0,"covered":0,"skipped":0,"pct":100}}
,"D:/Documents/School/Penn State/Fall 2025/Capstone Project/Source code/BasePaths_Capstone/frontend/src/components/MuiNavbar.jsx": {"lines":{"total":7,"covered":7,"skipped":0,"pct":100},"functions":{"total":3,"covered":3,"skipped":0,"pct":100},"statements":{"total":11,"covered":11,"skipped":0,"pct":100},"branches":{"total":0,"covered":0,"skipped":0,"pct":100}}
,"D:/Documents/School/Penn State/Fall 2025/Capstone Project/Source code/BasePaths_Capstone/frontend/src/pages/CreateAccount.jsx": {"lines":{"total":22,"covered":17,"skipped":0,"pct":77.27},"functions":{"total":5,"covered":5,"skipped":0,"pct":100},"statements":{"total":24,"covered":19,"skipped":0,"pct":79.16},"branches":{"total":6,"covered":4,"skipped":0,"pct":66.66}}
,"D:/Documents/School/Penn State/Fall 2025/Capstone Project/Source code/BasePaths_Capstone/frontend/src/pages/Home.jsx": {"lines":{"total":3,"covered":3,"skipped":0,"pct":100},"functions":{"total":1,"covered":1,"skipped":0,"pct":100},"statements":{"total":3,"covered":3,"skipped":0,"pct":100},"branches":{"total":0,"covered":0,"skipped":0,"pct":100}}
,"D:/Documents/School/Penn State/Fall 2025/Capstone Project/Source code/BasePaths_Capstone/frontend/src/pages/Login.jsx": {"lines":{"total":24,"covered":22,"skipped":0,"pct":91.66},"functions":{"total":6,"covered":5,"skipped":0,"pct":83.33},"statements":{"total":26,"covered":24,"skipped":0,"pct":92.3},"branches":{"total":6,"covered":5,"skipped":0,"pct":83.33}}
,"D:/Documents/School/Penn State/Fall 2025/Capstone Project/Source code/BasePaths_Capstone/frontend/src/utils/RequireAuth.jsx": {"lines":{"total":3,"covered":3,"skipped":0,"pct":100},"functions":{"total":1,"covered":1,"skipped":0,"pct":100},"statements":{"total":3,"covered":3,"skipped":0,"pct":100},"branches":{"total":2,"covered":1,"skipped":0,"pct":50}}
,"D:/Documents/School/Penn State/Fall 2025/Capstone Project/Source code/BasePaths_Capstone/frontend/src/utils/authUtils.js": {"lines":{"total":8,"covered":8,"skipped":0,"pct":100},"functions":{"total":4,"covered":4,"skipped":0,"pct":100},"statements":{"total":8,"covered":8,"skipped":0,"pct":100},"branches":{"total":0,"covered":0,"skipped":0,"pct":100}}
}
