{"D:/Documents/School/Penn State/Fall 2025/Capstone Project/Source code/BasePaths_Capstone/frontend/src/App.jsx": {"path":"D:/Documents/School/Penn State/Fall 2025/Capstone Project/Source code/BasePaths_Capstone/frontend/src/App.jsx","statementMap":{"0":{"start":{"line":10,"column":2},"end":{"line":20,"column":null}},"1":{"start":{"line":22,"column":1},"end":{"line":9,"column":15}},"2":{"start":{"line":24,"column":19},"end":{"line":24,"column":null}}},"fnMap":{"0":{"name":"App","decl":{"start":{"line":9,"column":9},"end":{"line":9,"column":15}},"loc":{"start":{"line":9,"column":15},"end":{"line":22,"column":1}}}},"branchMap":{},"s":{"0":18,"1":9,"2":9},"f":{"0":18},"b":{}}
,"D:/Documents/School/Penn State/Fall 2025/Capstone Project/Source code/BasePaths_Capstone/frontend/src/config.js": {"path":"D:/Documents/School/Penn State/Fall 2025/Capstone Project/Source code/BasePaths_Capstone/frontend/src/config.js","statementMap":{"0":{"start":{"line":1,"column":28},"end":{"line":1,"column":null}}},"fnMap":{},"branchMap":{"0":{"loc":{"start":{"line":1,"column":28},"end":{"line":1,"column":null}},"type":"binary-expr","locations":[{"start":{"line":1,"column":28},"end":{"line":1,"column":62}},{"start":{"line":1,"column":66},"end":{"line":1,"column":null}}]}},"s":{"0":9},"f":{},"b":{"0":[9,0]}}
,"D:/Documents/School/Penn State/Fall 2025/Capstone Project/Source code/BasePaths_Capstone/frontend/src/main.jsx": {"path":"D:/Documents/School/Penn State/Fall 2025/Capstone Project/Source code/BasePaths_Capstone/frontend/src/main.jsx","statementMap":{"0":{"start":{"line":6,"column":0},"end":{"line":10,"column":null}}},"fnMap":{},"branchMap":{},"s":{"0":9},"f":{},"b":{}}
,"D:/Documents/School/Penn State/Fall 2025/Capstone Project/Source code/BasePaths_Capstone/frontend/src/components/CreateTripForm.jsx": {"path":"D:/Documents/School/Penn State/Fall 2025/Capstone Project/Source code/BasePaths_Capstone/frontend/src/components/CreateTripForm.jsx","statementMap":{"0":{"start":{"line":17,"column":23},"end":{"line":110,"column":2}},"1":{"start":{"line":17,"column":62},"end":{"line":17,"column":null}},"2":{"start":{"line":18,"column":32},"end":{"line":18,"column":null}},"3":{"start":{"line":19,"column":34},"end":{"line":23,"column":null}},"4":{"start":{"line":25,"column":23},"end":{"line":27,"column":null}},"5":{"start":{"line":26,"column":6},"end":{"line":26,"column":null}},"6":{"start":{"line":26,"column":29},"end":{"line":26,"column":53}},"7":{"start":{"line":29,"column":23},"end":{"line":67,"column":null}},"8":{"start":{"line":30,"column":6},"end":{"line":30,"column":null}},"9":{"start":{"line":32,"column":6},"end":{"line":66,"column":null}},"10":{"start":{"line":33,"column":25},"end":{"line":44,"column":null}},"11":{"start":{"line":46,"column":8},"end":{"line":63,"column":null}},"12":{"start":{"line":47,"column":26},"end":{"line":47,"column":null}},"13":{"start":{"line":48,"column":10},"end":{"line":48,"column":null}},"14":{"start":{"line":49,"column":10},"end":{"line":53,"column":null}},"15":{"start":{"line":54,"column":10},"end":{"line":54,"column":null}},"16":{"start":{"line":55,"column":10},"end":{"line":58,"column":null}},"17":{"start":{"line":56,"column":12},"end":{"line":56,"column":null}},"18":{"start":{"line":57,"column":12},"end":{"line":57,"column":null}},"19":{"start":{"line":60,"column":28},"end":{"line":60,"column":null}},"20":{"start":{"line":61,"column":24},"end":{"line":61,"column":null}},"21":{"start":{"line":62,"column":10},"end":{"line":62,"column":null}},"22":{"start":{"line":65,"column":8},"end":{"line":65,"column":null}},"23":{"start":{"line":68,"column":2},"end":{"line":108,"column":null}},"24":{"start":{"line":77,"column":29},"end":{"line":77,"column":null}},"25":{"start":{"line":84,"column":38},"end":{"line":84,"column":null}},"26":{"start":{"line":91,"column":38},"end":{"line":91,"column":null}},"27":{"start":{"line":110,"column":2},"end":{"line":17,"column":23}},"28":{"start":{"line":17,"column":20},"end":{"line":null,"column":-1}},"29":{"start":{"line":112,"column":30},"end":{"line":112,"column":null}}},"fnMap":{"0":{"name":"(anonymous_0)","decl":{"start":{"line":17,"column":23},"end":{"line":17,"column":24}},"loc":{"start":{"line":17,"column":62},"end":{"line":110,"column":2}}},"1":{"name":"(anonymous_1)","decl":{"start":{"line":25,"column":23},"end":{"line":25,"column":24}},"loc":{"start":{"line":25,"column":39},"end":{"line":27,"column":null}}},"2":{"name":"(anonymous_2)","decl":{"start":{"line":26,"column":18},"end":{"line":26,"column":19}},"loc":{"start":{"line":26,"column":29},"end":{"line":26,"column":53}}},"3":{"name":"(anonymous_3)","decl":{"start":{"line":29,"column":23},"end":{"line":29,"column":30}},"loc":{"start":{"line":29,"column":36},"end":{"line":67,"column":null}}},"4":{"name":"(anonymous_4)","decl":{"start":{"line":55,"column":21},"end":{"line":55,"column":27}},"loc":{"start":{"line":55,"column":27},"end":{"line":58,"column":13}}},"5":{"name":"(anonymous_5)","decl":{"start":{"line":77,"column":22},"end":{"line":77,"column":23}},"loc":{"start":{"line":77,"column":29},"end":{"line":77,"column":null}}},"6":{"name":"(anonymous_6)","decl":{"start":{"line":84,"column":24},"end":{"line":84,"column":25}},"loc":{"start":{"line":84,"column":38},"end":{"line":84,"column":null}}},"7":{"name":"(anonymous_7)","decl":{"start":{"line":91,"column":24},"end":{"line":91,"column":25}},"loc":{"start":{"line":91,"column":38},"end":{"line":91,"column":null}}}},"branchMap":{"0":{"loc":{"start":{"line":46,"column":8},"end":{"line":63,"column":null}},"type":"if","locations":[{"start":{"line":46,"column":8},"end":{"line":63,"column":null}},{"start":{"line":59,"column":15},"end":{"line":63,"column":null}}]},"1":{"loc":{"start":{"line":95,"column":11},"end":{"line":98,"column":null}},"type":"binary-expr","locations":[{"start":{"line":95,"column":11},"end":{"line":95,"column":null}},{"start":{"line":96,"column":12},"end":{"line":98,"column":null}}]},"2":{"loc":{"start":{"line":96,"column":29},"end":{"line":96,"column":null}},"type":"cond-expr","locations":[{"start":{"line":96,"column":59},"end":{"line":96,"column":69}},{"start":{"line":96,"column":69},"end":{"line":96,"column":null}}]}},"s":{"0":9,"1":60,"2":60,"3":60,"4":60,"5":17,"6":34,"7":60,"8":2,"9":2,"10":2,"11":2,"12":1,"13":1,"14":1,"15":1,"16":1,"17":0,"18":0,"19":1,"20":1,"21":1,"22":0,"23":60,"24":17,"25":0,"26":0,"27":9,"28":9,"29":9},"f":{"0":60,"1":17,"2":34,"3":2,"4":0,"5":17,"6":0,"7":0},"b":{"0":[1,1],"1":[60,4],"2":[2,2]}}
,"D:/Documents/School/Penn State/Fall 2025/Capstone Project/Source code/BasePaths_Capstone/frontend/src/components/GenerateTripForm.jsx": {"path":"D:/Documents/School/Penn State/Fall 2025/Capstone Project/Source code/BasePaths_Capstone/frontend/src/components/GenerateTripForm.jsx","statementMap":{"0":{"start":{"line":17,"column":25},"end":{"line":138,"column":2}},"1":{"start":{"line":17,"column":72},"end":{"line":17,"column":null}},"2":{"start":{"line":18,"column":32},"end":{"line":18,"column":null}},"3":{"start":{"line":19,"column":34},"end":{"line":25,"column":null}},"4":{"start":{"line":27,"column":23},"end":{"line":29,"column":null}},"5":{"start":{"line":28,"column":6},"end":{"line":28,"column":null}},"6":{"start":{"line":28,"column":29},"end":{"line":28,"column":53}},"7":{"start":{"line":31,"column":23},"end":{"line":87,"column":null}},"8":{"start":{"line":32,"column":6},"end":{"line":32,"column":null}},"9":{"start":{"line":34,"column":18},"end":{"line":41,"column":null}},"10":{"start":{"line":43,"column":6},"end":{"line":52,"column":null}},"11":{"start":{"line":50,"column":8},"end":{"line":50,"column":null}},"12":{"start":{"line":51,"column":8},"end":{"line":51,"column":null}},"13":{"start":{"line":54,"column":6},"end":{"line":86,"column":null}},"14":{"start":{"line":55,"column":25},"end":{"line":62,"column":null}},"15":{"start":{"line":64,"column":8},"end":{"line":83,"column":null}},"16":{"start":{"line":65,"column":26},"end":{"line":65,"column":null}},"17":{"start":{"line":66,"column":10},"end":{"line":66,"column":null}},"18":{"start":{"line":67,"column":10},"end":{"line":73,"column":null}},"19":{"start":{"line":74,"column":10},"end":{"line":74,"column":null}},"20":{"start":{"line":75,"column":10},"end":{"line":78,"column":null}},"21":{"start":{"line":76,"column":12},"end":{"line":76,"column":null}},"22":{"start":{"line":77,"column":12},"end":{"line":77,"column":null}},"23":{"start":{"line":80,"column":28},"end":{"line":80,"column":null}},"24":{"start":{"line":81,"column":24},"end":{"line":81,"column":null}},"25":{"start":{"line":82,"column":10},"end":{"line":82,"column":null}},"26":{"start":{"line":85,"column":8},"end":{"line":85,"column":null}},"27":{"start":{"line":88,"column":2},"end":{"line":136,"column":null}},"28":{"start":{"line":96,"column":29},"end":{"line":96,"column":null}},"29":{"start":{"line":102,"column":29},"end":{"line":102,"column":null}},"30":{"start":{"line":108,"column":29},"end":{"line":108,"column":null}},"31":{"start":{"line":114,"column":29},"end":{"line":114,"column":null}},"32":{"start":{"line":120,"column":29},"end":{"line":120,"column":null}},"33":{"start":{"line":138,"column":2},"end":{"line":17,"column":25}},"34":{"start":{"line":17,"column":22},"end":{"line":null,"column":-1}},"35":{"start":{"line":140,"column":32},"end":{"line":140,"column":null}}},"fnMap":{"0":{"name":"(anonymous_0)","decl":{"start":{"line":17,"column":25},"end":{"line":17,"column":26}},"loc":{"start":{"line":17,"column":72},"end":{"line":138,"column":2}}},"1":{"name":"(anonymous_1)","decl":{"start":{"line":27,"column":23},"end":{"line":27,"column":24}},"loc":{"start":{"line":27,"column":39},"end":{"line":29,"column":null}}},"2":{"name":"(anonymous_2)","decl":{"start":{"line":28,"column":18},"end":{"line":28,"column":19}},"loc":{"start":{"line":28,"column":29},"end":{"line":28,"column":53}}},"3":{"name":"(anonymous_3)","decl":{"start":{"line":31,"column":23},"end":{"line":31,"column":30}},"loc":{"start":{"line":31,"column":36},"end":{"line":87,"column":null}}},"4":{"name":"(anonymous_4)","decl":{"start":{"line":75,"column":21},"end":{"line":75,"column":27}},"loc":{"start":{"line":75,"column":27},"end":{"line":78,"column":13}}},"5":{"name":"(anonymous_5)","decl":{"start":{"line":96,"column":22},"end":{"line":96,"column":23}},"loc":{"start":{"line":96,"column":29},"end":{"line":96,"column":null}}},"6":{"name":"(anonymous_6)","decl":{"start":{"line":102,"column":22},"end":{"line":102,"column":23}},"loc":{"start":{"line":102,"column":29},"end":{"line":102,"column":null}}},"7":{"name":"(anonymous_7)","decl":{"start":{"line":108,"column":22},"end":{"line":108,"column":23}},"loc":{"start":{"line":108,"column":29},"end":{"line":108,"column":null}}},"8":{"name":"(anonymous_8)","decl":{"start":{"line":114,"column":22},"end":{"line":114,"column":23}},"loc":{"start":{"line":114,"column":29},"end":{"line":114,"column":null}}},"9":{"name":"(anonymous_9)","decl":{"start":{"line":120,"column":22},"end":{"line":120,"column":23}},"loc":{"start":{"line":120,"column":29},"end":{"line":120,"column":null}}}},"branchMap":{"0":{"loc":{"start":{"line":43,"column":6},"end":{"line":52,"column":null}},"type":"if","locations":[{"start":{"line":43,"column":6},"end":{"line":52,"column":null}}]},"1":{"loc":{"start":{"line":44,"column":8},"end":{"line":48,"column":null}},"type":"binary-expr","locations":[{"start":{"line":44,"column":8},"end":{"line":44,"column":null}},{"start":{"line":45,"column":8},"end":{"line":45,"column":null}},{"start":{"line":46,"column":8},"end":{"line":46,"column":null}},{"start":{"line":47,"column":8},"end":{"line":47,"column":null}},{"start":{"line":48,"column":8},"end":{"line":48,"column":null}}]},"2":{"loc":{"start":{"line":64,"column":8},"end":{"line":83,"column":null}},"type":"if","locations":[{"start":{"line":64,"column":8},"end":{"line":83,"column":null}},{"start":{"line":79,"column":15},"end":{"line":83,"column":null}}]},"3":{"loc":{"start":{"line":123,"column":11},"end":{"line":126,"column":null}},"type":"binary-expr","locations":[{"start":{"line":123,"column":11},"end":{"line":123,"column":null}},{"start":{"line":124,"column":12},"end":{"line":126,"column":null}}]},"4":{"loc":{"start":{"line":124,"column":29},"end":{"line":124,"column":null}},"type":"cond-expr","locations":[{"start":{"line":124,"column":59},"end":{"line":124,"column":69}},{"start":{"line":124,"column":69},"end":{"line":124,"column":null}}]}},"s":{"0":9,"1":0,"2":0,"3":0,"4":0,"5":0,"6":0,"7":0,"8":0,"9":0,"10":0,"11":0,"12":0,"13":0,"14":0,"15":0,"16":0,"17":0,"18":0,"19":0,"20":0,"21":0,"22":0,"23":0,"24":0,"25":0,"26":0,"27":0,"28":0,"29":0,"30":0,"31":0,"32":0,"33":9,"34":9,"35":9},"f":{"0":0,"1":0,"2":0,"3":0,"4":0,"5":0,"6":0,"7":0,"8":0,"9":0},"b":{"0":[0],"1":[0,0,0,0,0],"2":[0,0],"3":[0,0],"4":[0,0]}}
,"D:/Documents/School/Penn State/Fall 2025/Capstone Project/Source code/BasePaths_Capstone/frontend/src/components/MuiNavbar.jsx": {"path":"D:/Documents/School/Penn State/Fall 2025/Capstone Project/Source code/BasePaths_Capstone/frontend/src/components/MuiNavbar.jsx","statementMap":{"0":{"start":{"line":6,"column":25},"end":{"line":36,"column":1}},"1":{"start":{"line":6,"column":31},"end":{"line":6,"column":null}},"2":{"start":{"line":7,"column":21},"end":{"line":7,"column":null}},"3":{"start":{"line":9,"column":25},"end":{"line":12,"column":null}},"4":{"start":{"line":10,"column":8},"end":{"line":10,"column":null}},"5":{"start":{"line":11,"column":8},"end":{"line":11,"column":null}},"6":{"start":{"line":14,"column":4},"end":{"line":34,"column":null}},"7":{"start":{"line":18,"column":74},"end":{"line":18,"column":null}},"8":{"start":{"line":24,"column":59},"end":{"line":24,"column":79}},"9":{"start":{"line":36,"column":1},"end":{"line":7,"column":33}},"10":{"start":{"line":6,"column":22},"end":{"line":7,"column":33}},"11":{"start":{"line":7,"column":32},"end":{"line":6,"column":22}},"12":{"start":{"line":6,"column":22},"end":{"line":6,"column":25}}},"fnMap":{"0":{"name":"(anonymous_0)","decl":{"start":{"line":6,"column":25},"end":{"line":6,"column":31}},"loc":{"start":{"line":6,"column":31},"end":{"line":36,"column":1}}},"1":{"name":"(anonymous_1)","decl":{"start":{"line":9,"column":25},"end":{"line":9,"column":31}},"loc":{"start":{"line":9,"column":31},"end":{"line":12,"column":null}}},"2":{"name":"(anonymous_2)","decl":{"start":{"line":18,"column":68},"end":{"line":18,"column":74}},"loc":{"start":{"line":18,"column":74},"end":{"line":18,"column":null}}},"3":{"name":"(anonymous_3)","decl":{"start":{"line":24,"column":53},"end":{"line":24,"column":59}},"loc":{"start":{"line":24,"column":59},"end":{"line":24,"column":79}}},"4":{"name":"(anonymous_4)","decl":{"start":{"line":6,"column":22},"end":{"line":6,"column":25}},"loc":{"start":{"line":6,"column":22},"end":{"line":7,"column":33}}}},"branchMap":{},"s":{"0":9,"1":30,"2":30,"3":30,"4":1,"5":1,"6":30,"7":0,"8":0,"9":9,"10":6,"11":9,"12":9},"f":{"0":30,"1":1,"2":0,"3":0,"4":6},"b":{}}
,"D:/Documents/School/Penn State/Fall 2025/Capstone Project/Source code/BasePaths_Capstone/frontend/src/pages/CreateAccount.jsx": {"path":"D:/Documents/School/Penn State/Fall 2025/Capstone Project/Source code/BasePaths_Capstone/frontend/src/pages/CreateAccount.jsx","statementMap":{"0":{"start":{"line":13,"column":25},"end":{"line":13,"column":null}},"1":{"start":{"line":14,"column":34},"end":{"line":14,"column":null}},"2":{"start":{"line":15,"column":34},"end":{"line":15,"column":null}},"3":{"start":{"line":16,"column":32},"end":{"line":16,"column":null}},"4":{"start":{"line":17,"column":19},"end":{"line":17,"column":null}},"5":{"start":{"line":19,"column":23},"end":{"line":43,"column":null}},"6":{"start":{"line":20,"column":4},"end":{"line":20,"column":null}},"7":{"start":{"line":22,"column":4},"end":{"line":42,"column":null}},"8":{"start":{"line":23,"column":23},"end":{"line":29,"column":null}},"9":{"start":{"line":31,"column":6},"end":{"line":39,"column":null}},"10":{"start":{"line":32,"column":21},"end":{"line":32,"column":null}},"11":{"start":{"line":33,"column":22},"end":{"line":33,"column":null}},"12":{"start":{"line":34,"column":8},"end":{"line":34,"column":null}},"13":{"start":{"line":35,"column":8},"end":{"line":35,"column":null}},"14":{"start":{"line":37,"column":22},"end":{"line":37,"column":null}},"15":{"start":{"line":38,"column":8},"end":{"line":38,"column":null}},"16":{"start":{"line":41,"column":6},"end":{"line":41,"column":null}},"17":{"start":{"line":45,"column":2},"end":{"line":83,"column":null}},"18":{"start":{"line":58,"column":37},"end":{"line":58,"column":null}},"19":{"start":{"line":66,"column":37},"end":{"line":66,"column":null}},"20":{"start":{"line":85,"column":1},"end":{"line":17,"column":31}},"21":{"start":{"line":13,"column":22},"end":{"line":17,"column":31}},"22":{"start":{"line":17,"column":30},"end":{"line":13,"column":22}},"23":{"start":{"line":87,"column":29},"end":{"line":87,"column":null}}},"fnMap":{"0":{"name":"CreateAccount","decl":{"start":{"line":13,"column":9},"end":{"line":13,"column":22}},"loc":{"start":{"line":13,"column":25},"end":{"line":85,"column":1}}},"1":{"name":"(anonymous_1)","decl":{"start":{"line":19,"column":23},"end":{"line":19,"column":30}},"loc":{"start":{"line":19,"column":36},"end":{"line":43,"column":null}}},"2":{"name":"(anonymous_2)","decl":{"start":{"line":58,"column":30},"end":{"line":58,"column":31}},"loc":{"start":{"line":58,"column":37},"end":{"line":58,"column":null}}},"3":{"name":"(anonymous_3)","decl":{"start":{"line":66,"column":30},"end":{"line":66,"column":31}},"loc":{"start":{"line":66,"column":37},"end":{"line":66,"column":null}}},"4":{"name":"(anonymous_4)","decl":{"start":{"line":13,"column":22},"end":{"line":13,"column":25}},"loc":{"start":{"line":13,"column":22},"end":{"line":17,"column":31}}}},"branchMap":{"0":{"loc":{"start":{"line":31,"column":6},"end":{"line":39,"column":null}},"type":"if","locations":[{"start":{"line":31,"column":6},"end":{"line":39,"column":null}},{"start":{"line":36,"column":13},"end":{"line":39,"column":null}}]},"1":{"loc":{"start":{"line":77,"column":13},"end":{"line":80,"column":null}},"type":"binary-expr","locations":[{"start":{"line":77,"column":13},"end":{"line":77,"column":null}},{"start":{"line":78,"column":16},"end":{"line":80,"column":null}}]},"2":{"loc":{"start":{"line":78,"column":33},"end":{"line":78,"column":null}},"type":"cond-expr","locations":[{"start":{"line":78,"column":63},"end":{"line":78,"column":73}},{"start":{"line":78,"column":73},"end":{"line":78,"column":null}}]}},"s":{"0":144,"1":144,"2":144,"3":144,"4":144,"5":144,"6":3,"7":3,"8":3,"9":3,"10":1,"11":1,"12":1,"13":1,"14":2,"15":2,"16":0,"17":144,"18":32,"19":35,"20":9,"21":3,"22":9,"23":9},"f":{"0":144,"1":3,"2":32,"3":35,"4":3},"b":{"0":[1,2],"1":[144,4],"2":[4,0]}}
,"D:/Documents/School/Penn State/Fall 2025/Capstone Project/Source code/BasePaths_Capstone/frontend/src/pages/Home.jsx": {"path":"D:/Documents/School/Penn State/Fall 2025/Capstone Project/Source code/BasePaths_Capstone/frontend/src/pages/Home.jsx","statementMap":{"0":{"start":{"line":6,"column":2},"end":{"line":14,"column":null}},"1":{"start":{"line":16,"column":1},"end":{"line":4,"column":16}},"2":{"start":{"line":18,"column":20},"end":{"line":18,"column":null}}},"fnMap":{"0":{"name":"Home","decl":{"start":{"line":4,"column":9},"end":{"line":4,"column":16}},"loc":{"start":{"line":4,"column":16},"end":{"line":16,"column":1}}}},"branchMap":{},"s":{"0":6,"1":9,"2":9},"f":{"0":6},"b":{}}
,"D:/Documents/School/Penn State/Fall 2025/Capstone Project/Source code/BasePaths_Capstone/frontend/src/pages/Login.jsx": {"path":"D:/Documents/School/Penn State/Fall 2025/Capstone Project/Source code/BasePaths_Capstone/frontend/src/pages/Login.jsx","statementMap":{"0":{"start":{"line":14,"column":17},"end":{"line":14,"column":null}},"1":{"start":{"line":15,"column":34},"end":{"line":15,"column":null}},"2":{"start":{"line":16,"column":34},"end":{"line":16,"column":null}},"3":{"start":{"line":17,"column":32},"end":{"line":17,"column":null}},"4":{"start":{"line":18,"column":19},"end":{"line":18,"column":null}},"5":{"start":{"line":20,"column":23},"end":{"line":45,"column":null}},"6":{"start":{"line":21,"column":4},"end":{"line":21,"column":null}},"7":{"start":{"line":23,"column":4},"end":{"line":44,"column":null}},"8":{"start":{"line":24,"column":23},"end":{"line":30,"column":null}},"9":{"start":{"line":32,"column":6},"end":{"line":41,"column":null}},"10":{"start":{"line":33,"column":21},"end":{"line":33,"column":null}},"11":{"start":{"line":34,"column":22},"end":{"line":34,"column":null}},"12":{"start":{"line":35,"column":8},"end":{"line":35,"column":null}},"13":{"start":{"line":36,"column":8},"end":{"line":36,"column":null}},"14":{"start":{"line":38,"column":26},"end":{"line":38,"column":null}},"15":{"start":{"line":39,"column":22},"end":{"line":39,"column":null}},"16":{"start":{"line":40,"column":8},"end":{"line":40,"column":null}},"17":{"start":{"line":43,"column":6},"end":{"line":43,"column":null}},"18":{"start":{"line":47,"column":2},"end":{"line":91,"column":null}},"19":{"start":{"line":60,"column":37},"end":{"line":60,"column":null}},"20":{"start":{"line":68,"column":37},"end":{"line":68,"column":null}},"21":{"start":{"line":81,"column":35},"end":{"line":81,"column":63}},"22":{"start":{"line":93,"column":1},"end":{"line":18,"column":31}},"23":{"start":{"line":14,"column":14},"end":{"line":18,"column":31}},"24":{"start":{"line":18,"column":30},"end":{"line":14,"column":14}},"25":{"start":{"line":95,"column":21},"end":{"line":95,"column":null}}},"fnMap":{"0":{"name":"Login","decl":{"start":{"line":14,"column":9},"end":{"line":14,"column":14}},"loc":{"start":{"line":14,"column":17},"end":{"line":93,"column":1}}},"1":{"name":"(anonymous_1)","decl":{"start":{"line":20,"column":23},"end":{"line":20,"column":30}},"loc":{"start":{"line":20,"column":36},"end":{"line":45,"column":null}}},"2":{"name":"(anonymous_2)","decl":{"start":{"line":60,"column":30},"end":{"line":60,"column":31}},"loc":{"start":{"line":60,"column":37},"end":{"line":60,"column":null}}},"3":{"name":"(anonymous_3)","decl":{"start":{"line":68,"column":30},"end":{"line":68,"column":31}},"loc":{"start":{"line":68,"column":37},"end":{"line":68,"column":null}}},"4":{"name":"(anonymous_4)","decl":{"start":{"line":81,"column":29},"end":{"line":81,"column":35}},"loc":{"start":{"line":81,"column":35},"end":{"line":81,"column":63}}},"5":{"name":"(anonymous_5)","decl":{"start":{"line":14,"column":14},"end":{"line":14,"column":17}},"loc":{"start":{"line":14,"column":14},"end":{"line":18,"column":31}}}},"branchMap":{"0":{"loc":{"start":{"line":32,"column":6},"end":{"line":41,"column":null}},"type":"if","locations":[{"start":{"line":32,"column":6},"end":{"line":41,"column":null}},{"start":{"line":37,"column":13},"end":{"line":41,"column":null}}]},"1":{"loc":{"start":{"line":85,"column":13},"end":{"line":88,"column":null}},"type":"binary-expr","locations":[{"start":{"line":85,"column":13},"end":{"line":85,"column":null}},{"start":{"line":86,"column":16},"end":{"line":88,"column":null}}]},"2":{"loc":{"start":{"line":86,"column":33},"end":{"line":86,"column":null}},"type":"cond-expr","locations":[{"start":{"line":86,"column":63},"end":{"line":86,"column":73}},{"start":{"line":86,"column":73},"end":{"line":86,"column":null}}]}},"s":{"0":98,"1":98,"2":98,"3":98,"4":98,"5":98,"6":2,"7":2,"8":2,"9":2,"10":1,"11":1,"12":1,"13":1,"14":1,"15":1,"16":1,"17":0,"18":98,"19":21,"20":24,"21":0,"22":9,"23":3,"24":9,"25":9},"f":{"0":98,"1":2,"2":21,"3":24,"4":0,"5":3},"b":{"0":[1,1],"1":[98,2],"2":[2,0]}}
,"D:/Documents/School/Penn State/Fall 2025/Capstone Project/Source code/BasePaths_Capstone/frontend/src/pages/TripsDetailsPage.jsx": {"path":"D:/Documents/School/Penn State/Fall 2025/Capstone Project/Source code/BasePaths_Capstone/frontend/src/pages/TripsDetailsPage.jsx","statementMap":{"0":{"start":{"line":11,"column":28},"end":{"line":11,"column":null}},"1":{"start":{"line":12,"column":23},"end":{"line":12,"column":null}},"2":{"start":{"line":13,"column":22},"end":{"line":13,"column":null}},"3":{"start":{"line":14,"column":28},"end":{"line":14,"column":null}},"4":{"start":{"line":15,"column":30},"end":{"line":15,"column":null}},"5":{"start":{"line":16,"column":30},"end":{"line":16,"column":null}},"6":{"start":{"line":18,"column":36},"end":{"line":18,"column":null}},"7":{"start":{"line":20,"column":23},"end":{"line":20,"column":null}},"8":{"start":{"line":20,"column":29},"end":{"line":20,"column":null}},"9":{"start":{"line":21,"column":24},"end":{"line":21,"column":null}},"10":{"start":{"line":21,"column":30},"end":{"line":21,"column":null}},"11":{"start":{"line":23,"column":32},"end":{"line":25,"column":null}},"12":{"start":{"line":24,"column":8},"end":{"line":24,"column":null}},"13":{"start":{"line":27,"column":4},"end":{"line":49,"column":null}},"14":{"start":{"line":28,"column":8},"end":{"line":48,"column":null}},"15":{"start":{"line":29,"column":37},"end":{"line":45,"column":null}},"16":{"start":{"line":30,"column":16},"end":{"line":44,"column":null}},"17":{"start":{"line":31,"column":37},"end":{"line":33,"column":null}},"18":{"start":{"line":35,"column":20},"end":{"line":38,"column":null}},"19":{"start":{"line":36,"column":42},"end":{"line":36,"column":null}},"20":{"start":{"line":37,"column":24},"end":{"line":37,"column":null}},"21":{"start":{"line":40,"column":33},"end":{"line":40,"column":null}},"22":{"start":{"line":41,"column":20},"end":{"line":41,"column":null}},"23":{"start":{"line":43,"column":20},"end":{"line":43,"column":null}},"24":{"start":{"line":47,"column":12},"end":{"line":47,"column":null}},"25":{"start":{"line":51,"column":4},"end":{"line":98,"column":null}},"26":{"start":{"line":52,"column":8},"end":{"line":54,"column":null}},"27":{"start":{"line":53,"column":12},"end":{"line":53,"column":null}},"28":{"start":{"line":56,"column":33},"end":{"line":95,"column":null}},"29":{"start":{"line":57,"column":32},"end":{"line":92,"column":null}},"30":{"start":{"line":59,"column":39},"end":{"line":59,"column":null}},"31":{"start":{"line":60,"column":38},"end":{"line":60,"column":null}},"32":{"start":{"line":62,"column":20},"end":{"line":72,"column":null}},"33":{"start":{"line":63,"column":24},"end":{"line":71,"column":null}},"34":{"start":{"line":64,"column":53},"end":{"line":66,"column":null}},"35":{"start":{"line":67,"column":28},"end":{"line":70,"column":null}},"36":{"start":{"line":68,"column":45},"end":{"line":68,"column":null}},"37":{"start":{"line":69,"column":32},"end":{"line":69,"column":null}},"38":{"start":{"line":74,"column":20},"end":{"line":84,"column":null}},"39":{"start":{"line":75,"column":24},"end":{"line":83,"column":null}},"40":{"start":{"line":76,"column":49},"end":{"line":78,"column":null}},"41":{"start":{"line":79,"column":28},"end":{"line":82,"column":null}},"42":{"start":{"line":80,"column":45},"end":{"line":80,"column":null}},"43":{"start":{"line":81,"column":32},"end":{"line":81,"column":null}},"44":{"start":{"line":86,"column":20},"end":{"line":90,"column":null}},"45":{"start":{"line":94,"column":12},"end":{"line":94,"column":null}},"46":{"start":{"line":97,"column":8},"end":{"line":97,"column":null}},"47":{"start":{"line":100,"column":20},"end":{"line":108,"column":null}},"48":{"start":{"line":104,"column":32},"end":{"line":104,"column":null}},"49":{"start":{"line":106,"column":75},"end":{"line":106,"column":100}},"50":{"start":{"line":111,"column":23},"end":{"line":117,"column":null}},"51":{"start":{"line":112,"column":8},"end":{"line":117,"column":null}},"52":{"start":{"line":119,"column":4},"end":{"line":125,"column":null}},"53":{"start":{"line":120,"column":8},"end":{"line":123,"column":null}},"54":{"start":{"line":127,"column":4},"end":{"line":127,"column":null}},"55":{"start":{"line":127,"column":14},"end":{"line":127,"column":null}},"56":{"start":{"line":129,"column":4},"end":{"line":182,"column":null}},"57":{"start":{"line":184,"column":1},"end":{"line":13,"column":34}},"58":{"start":{"line":11,"column":25},"end":{"line":13,"column":34}},"59":{"start":{"line":13,"column":33},"end":{"line":11,"column":25}},"60":{"start":{"line":186,"column":32},"end":{"line":186,"column":null}}},"fnMap":{"0":{"name":"TripsDetailsPage","decl":{"start":{"line":11,"column":9},"end":{"line":11,"column":25}},"loc":{"start":{"line":11,"column":28},"end":{"line":184,"column":1}}},"1":{"name":"(anonymous_1)","decl":{"start":{"line":20,"column":23},"end":{"line":20,"column":29}},"loc":{"start":{"line":20,"column":29},"end":{"line":20,"column":null}}},"2":{"name":"(anonymous_2)","decl":{"start":{"line":21,"column":24},"end":{"line":21,"column":30}},"loc":{"start":{"line":21,"column":30},"end":{"line":21,"column":null}}},"3":{"name":"(anonymous_3)","decl":{"start":{"line":23,"column":32},"end":{"line":23,"column":33}},"loc":{"start":{"line":23,"column":45},"end":{"line":25,"column":null}}},"4":{"name":"(anonymous_4)","decl":{"start":{"line":27,"column":14},"end":{"line":27,"column":20}},"loc":{"start":{"line":27,"column":20},"end":{"line":49,"column":7}}},"5":{"name":"(anonymous_5)","decl":{"start":{"line":29,"column":37},"end":{"line":29,"column":49}},"loc":{"start":{"line":29,"column":49},"end":{"line":45,"column":null}}},"6":{"name":"(anonymous_6)","decl":{"start":{"line":51,"column":14},"end":{"line":51,"column":21}},"loc":{"start":{"line":51,"column":21},"end":{"line":98,"column":7}}},"7":{"name":"(anonymous_7)","decl":{"start":{"line":56,"column":33},"end":{"line":56,"column":45}},"loc":{"start":{"line":56,"column":45},"end":{"line":95,"column":null}}},"8":{"name":"(anonymous_8)","decl":{"start":{"line":58,"column":35},"end":{"line":58,"column":42}},"loc":{"start":{"line":58,"column":51},"end":{"line":91,"column":17}}},"9":{"name":"(anonymous_9)","decl":{"start":{"line":104,"column":18},"end":{"line":104,"column":19}},"loc":{"start":{"line":104,"column":32},"end":{"line":104,"column":null}}},"10":{"name":"(anonymous_10)","decl":{"start":{"line":106,"column":61},"end":{"line":106,"column":62}},"loc":{"start":{"line":106,"column":75},"end":{"line":106,"column":100}}},"11":{"name":"(anonymous_11)","decl":{"start":{"line":111,"column":23},"end":{"line":111,"column":24}},"loc":{"start":{"line":112,"column":8},"end":{"line":117,"column":null}}},"12":{"name":"(anonymous_12)","decl":{"start":{"line":11,"column":25},"end":{"line":11,"column":28}},"loc":{"start":{"line":11,"column":25},"end":{"line":13,"column":34}}}},"branchMap":{"0":{"loc":{"start":{"line":14,"column":37},"end":{"line":14,"column":56}},"type":"binary-expr","locations":[{"start":{"line":14,"column":37},"end":{"line":14,"column":52}},{"start":{"line":14,"column":52},"end":{"line":14,"column":56}}]},"1":{"loc":{"start":{"line":28,"column":8},"end":{"line":48,"column":null}},"type":"if","locations":[{"start":{"line":28,"column":8},"end":{"line":48,"column":null}}]},"2":{"loc":{"start":{"line":35,"column":20},"end":{"line":38,"column":null}},"type":"if","locations":[{"start":{"line":35,"column":20},"end":{"line":38,"column":null}}]},"3":{"loc":{"start":{"line":37,"column":40},"end":{"line":37,"column":89}},"type":"binary-expr","locations":[{"start":{"line":37,"column":40},"end":{"line":37,"column":59}},{"start":{"line":37,"column":59},"end":{"line":37,"column":89}}]},"4":{"loc":{"start":{"line":52,"column":8},"end":{"line":54,"column":null}},"type":"if","locations":[{"start":{"line":52,"column":8},"end":{"line":54,"column":null}}]},"5":{"loc":{"start":{"line":62,"column":20},"end":{"line":72,"column":null}},"type":"if","locations":[{"start":{"line":62,"column":20},"end":{"line":72,"column":null}}]},"6":{"loc":{"start":{"line":67,"column":28},"end":{"line":70,"column":null}},"type":"if","locations":[{"start":{"line":67,"column":28},"end":{"line":70,"column":null}}]},"7":{"loc":{"start":{"line":74,"column":20},"end":{"line":84,"column":null}},"type":"if","locations":[{"start":{"line":74,"column":20},"end":{"line":84,"column":null}}]},"8":{"loc":{"start":{"line":79,"column":28},"end":{"line":82,"column":null}},"type":"if","locations":[{"start":{"line":79,"column":28},"end":{"line":82,"column":null}}]},"9":{"loc":{"start":{"line":106,"column":75},"end":{"line":106,"column":100}},"type":"binary-expr","locations":[{"start":{"line":106,"column":75},"end":{"line":106,"column":94}},{"start":{"line":106,"column":94},"end":{"line":106,"column":100}}]},"10":{"loc":{"start":{"line":112,"column":8},"end":{"line":117,"column":null}},"type":"cond-expr","locations":[{"start":{"line":112,"column":8},"end":{"line":117,"column":8}},{"start":{"line":117,"column":8},"end":{"line":117,"column":null}}]},"11":{"loc":{"start":{"line":119,"column":4},"end":{"line":125,"column":null}},"type":"if","locations":[{"start":{"line":119,"column":4},"end":{"line":125,"column":null}}]},"12":{"loc":{"start":{"line":127,"column":4},"end":{"line":127,"column":null}},"type":"if","locations":[{"start":{"line":127,"column":4},"end":{"line":127,"column":null}}]},"13":{"loc":{"start":{"line":154,"column":69},"end":{"line":154,"column":101}},"type":"cond-expr","locations":[{"start":{"line":154,"column":88},"end":{"line":154,"column":96}},{"start":{"line":154,"column":96},"end":{"line":154,"column":101}}]},"14":{"loc":{"start":{"line":155,"column":77},"end":{"line":155,"column":127}},"type":"cond-expr","locations":[{"start":{"line":155,"column":99},"end":{"line":155,"column":121}},{"start":{"line":155,"column":121},"end":{"line":155,"column":127}}]},"15":{"loc":{"start":{"line":156,"column":76},"end":{"line":157,"column":90}},"type":"cond-expr","locations":[{"start":{"line":157,"column":34},"end":{"line":157,"column":84}},{"start":{"line":157,"column":84},"end":{"line":157,"column":90}}]},"16":{"loc":{"start":{"line":156,"column":76},"end":{"line":156,"column":null}},"type":"binary-expr","locations":[{"start":{"line":156,"column":76},"end":{"line":156,"column":106}},{"start":{"line":156,"column":106},"end":{"line":156,"column":null}}]},"17":{"loc":{"start":{"line":158,"column":74},"end":{"line":159,"column":86}},"type":"cond-expr","locations":[{"start":{"line":159,"column":34},"end":{"line":159,"column":80}},{"start":{"line":159,"column":80},"end":{"line":159,"column":86}}]},"18":{"loc":{"start":{"line":158,"column":74},"end":{"line":158,"column":null}},"type":"binary-expr","locations":[{"start":{"line":158,"column":74},"end":{"line":158,"column":102}},{"start":{"line":158,"column":102},"end":{"line":158,"column":null}}]},"19":{"loc":{"start":{"line":166,"column":21},"end":{"line":178,"column":null}},"type":"cond-expr","locations":[{"start":{"line":167,"column":24},"end":{"line":173,"column":null}},{"start":{"line":176,"column":24},"end":{"line":178,"column":null}}]}},"s":{"0":0,"1":0,"2":0,"3":0,"4":0,"5":0,"6":0,"7":0,"8":0,"9":0,"10":0,"11":0,"12":0,"13":0,"14":0,"15":0,"16":0,"17":0,"18":0,"19":0,"20":0,"21":0,"22":0,"23":0,"24":0,"25":0,"26":0,"27":0,"28":0,"29":0,"30":0,"31":0,"32":0,"33":0,"34":0,"35":0,"36":0,"37":0,"38":0,"39":0,"40":0,"41":0,"42":0,"43":0,"44":0,"45":0,"46":0,"47":0,"48":0,"49":0,"50":0,"51":0,"52":0,"53":0,"54":0,"55":0,"56":0,"57":9,"58":0,"59":9,"60":9},"f":{"0":0,"1":0,"2":0,"3":0,"4":0,"5":0,"6":0,"7":0,"8":0,"9":0,"10":0,"11":0,"12":0},"b":{"0":[0,0],"1":[0],"2":[0],"3":[0,0],"4":[0],"5":[0],"6":[0],"7":[0],"8":[0],"9":[0,0],"10":[0,0],"11":[0],"12":[0],"13":[0,0],"14":[0,0],"15":[0,0],"16":[0,0],"17":[0,0],"18":[0,0],"19":[0,0]}}
,"D:/Documents/School/Penn State/Fall 2025/Capstone Project/Source code/BasePaths_Capstone/frontend/src/pages/TripsPage.jsx": {"path":"D:/Documents/School/Penn State/Fall 2025/Capstone Project/Source code/BasePaths_Capstone/frontend/src/pages/TripsPage.jsx","statementMap":{"0":{"start":{"line":10,"column":21},"end":{"line":10,"column":null}},"1":{"start":{"line":11,"column":21},"end":{"line":11,"column":null}},"2":{"start":{"line":13,"column":30},"end":{"line":13,"column":null}},"3":{"start":{"line":14,"column":36},"end":{"line":14,"column":null}},"4":{"start":{"line":15,"column":34},"end":{"line":15,"column":null}},"5":{"start":{"line":17,"column":23},"end":{"line":17,"column":null}},"6":{"start":{"line":17,"column":29},"end":{"line":17,"column":null}},"7":{"start":{"line":18,"column":24},"end":{"line":18,"column":null}},"8":{"start":{"line":18,"column":30},"end":{"line":18,"column":null}},"9":{"start":{"line":20,"column":30},"end":{"line":22,"column":null}},"10":{"start":{"line":21,"column":8},"end":{"line":21,"column":null}},"11":{"start":{"line":21,"column":32},"end":{"line":21,"column":55}},"12":{"start":{"line":24,"column":4},"end":{"line":26,"column":null}},"13":{"start":{"line":25,"column":8},"end":{"line":25,"column":null}},"14":{"start":{"line":28,"column":23},"end":{"line":45,"column":null}},"15":{"start":{"line":29,"column":8},"end":{"line":44,"column":null}},"16":{"start":{"line":30,"column":29},"end":{"line":32,"column":null}},"17":{"start":{"line":33,"column":12},"end":{"line":41,"column":null}},"18":{"start":{"line":34,"column":29},"end":{"line":34,"column":null}},"19":{"start":{"line":35,"column":16},"end":{"line":35,"column":null}},"20":{"start":{"line":38,"column":34},"end":{"line":38,"column":null}},"21":{"start":{"line":39,"column":30},"end":{"line":39,"column":null}},"22":{"start":{"line":40,"column":16},"end":{"line":40,"column":null}},"23":{"start":{"line":43,"column":12},"end":{"line":43,"column":null}},"24":{"start":{"line":47,"column":23},"end":{"line":55,"column":null}},"25":{"start":{"line":48,"column":21},"end":{"line":48,"column":null}},"26":{"start":{"line":49,"column":8},"end":{"line":54,"column":null}},"27":{"start":{"line":57,"column":20},"end":{"line":80,"column":null}},"28":{"start":{"line":63,"column":29},"end":{"line":63,"column":null}},"29":{"start":{"line":64,"column":16},"end":{"line":66,"column":null}},"30":{"start":{"line":65,"column":20},"end":{"line":65,"column":null}},"31":{"start":{"line":67,"column":16},"end":{"line":67,"column":null}},"32":{"start":{"line":74,"column":29},"end":{"line":74,"column":null}},"33":{"start":{"line":75,"column":16},"end":{"line":77,"column":null}},"34":{"start":{"line":76,"column":20},"end":{"line":76,"column":null}},"35":{"start":{"line":78,"column":16},"end":{"line":78,"column":null}},"36":{"start":{"line":83,"column":4},"end":{"line":115,"column":null}},"37":{"start":{"line":109,"column":56},"end":{"line":112,"column":23}},"38":{"start":{"line":110,"column":45},"end":{"line":110,"column":null}},"39":{"start":{"line":117,"column":1},"end":{"line":11,"column":33}},"40":{"start":{"line":10,"column":18},"end":{"line":11,"column":33}},"41":{"start":{"line":11,"column":32},"end":{"line":10,"column":18}},"42":{"start":{"line":119,"column":25},"end":{"line":119,"column":null}}},"fnMap":{"0":{"name":"TripsPage","decl":{"start":{"line":10,"column":9},"end":{"line":10,"column":18}},"loc":{"start":{"line":10,"column":21},"end":{"line":117,"column":1}}},"1":{"name":"(anonymous_1)","decl":{"start":{"line":17,"column":23},"end":{"line":17,"column":29}},"loc":{"start":{"line":17,"column":29},"end":{"line":17,"column":null}}},"2":{"name":"(anonymous_2)","decl":{"start":{"line":18,"column":24},"end":{"line":18,"column":30}},"loc":{"start":{"line":18,"column":30},"end":{"line":18,"column":null}}},"3":{"name":"(anonymous_3)","decl":{"start":{"line":20,"column":30},"end":{"line":20,"column":31}},"loc":{"start":{"line":20,"column":43},"end":{"line":22,"column":null}}},"4":{"name":"(anonymous_4)","decl":{"start":{"line":21,"column":17},"end":{"line":21,"column":18}},"loc":{"start":{"line":21,"column":32},"end":{"line":21,"column":55}}},"5":{"name":"(anonymous_5)","decl":{"start":{"line":24,"column":14},"end":{"line":24,"column":20}},"loc":{"start":{"line":24,"column":20},"end":{"line":26,"column":7}}},"6":{"name":"(anonymous_6)","decl":{"start":{"line":28,"column":23},"end":{"line":28,"column":35}},"loc":{"start":{"line":28,"column":35},"end":{"line":45,"column":null}}},"7":{"name":"(anonymous_7)","decl":{"start":{"line":47,"column":23},"end":{"line":47,"column":24}},"loc":{"start":{"line":47,"column":39},"end":{"line":55,"column":null}}},"8":{"name":"(anonymous_8)","decl":{"start":{"line":62,"column":18},"end":{"line":62,"column":19}},"loc":{"start":{"line":62,"column":32},"end":{"line":68,"column":null}}},"9":{"name":"(anonymous_9)","decl":{"start":{"line":73,"column":18},"end":{"line":73,"column":19}},"loc":{"start":{"line":73,"column":32},"end":{"line":79,"column":null}}},"10":{"name":"(anonymous_10)","decl":{"start":{"line":109,"column":42},"end":{"line":109,"column":43}},"loc":{"start":{"line":109,"column":56},"end":{"line":112,"column":23}}},"11":{"name":"(anonymous_11)","decl":{"start":{"line":110,"column":39},"end":{"line":110,"column":45}},"loc":{"start":{"line":110,"column":45},"end":{"line":110,"column":null}}},"12":{"name":"(anonymous_12)","decl":{"start":{"line":10,"column":18},"end":{"line":10,"column":21}},"loc":{"start":{"line":10,"column":18},"end":{"line":11,"column":33}}}},"branchMap":{"0":{"loc":{"start":{"line":33,"column":12},"end":{"line":41,"column":null}},"type":"if","locations":[{"start":{"line":33,"column":12},"end":{"line":41,"column":null}},{"start":{"line":37,"column":17},"end":{"line":41,"column":null}}]},"1":{"loc":{"start":{"line":64,"column":16},"end":{"line":66,"column":null}},"type":"if","locations":[{"start":{"line":64,"column":16},"end":{"line":66,"column":null}}]},"2":{"loc":{"start":{"line":75,"column":16},"end":{"line":77,"column":null}},"type":"if","locations":[{"start":{"line":75,"column":16},"end":{"line":77,"column":null}}]},"3":{"loc":{"start":{"line":100,"column":17},"end":{"line":103,"column":null}},"type":"binary-expr","locations":[{"start":{"line":100,"column":17},"end":{"line":100,"column":null}},{"start":{"line":101,"column":20},"end":{"line":103,"column":null}}]},"4":{"loc":{"start":{"line":101,"column":37},"end":{"line":101,"column":88}},"type":"cond-expr","locations":[{"start":{"line":101,"column":67},"end":{"line":101,"column":77}},{"start":{"line":101,"column":77},"end":{"line":101,"column":88}}]}},"s":{"0":24,"1":24,"2":24,"3":24,"4":24,"5":24,"6":3,"7":24,"8":0,"9":24,"10":1,"11":2,"12":24,"13":6,"14":24,"15":6,"16":6,"17":6,"18":6,"19":6,"20":0,"21":0,"22":0,"23":0,"24":24,"25":8,"26":8,"27":24,"28":4,"29":4,"30":0,"31":4,"32":4,"33":4,"34":0,"35":4,"36":24,"37":4,"38":0,"39":9,"40":3,"41":9,"42":9},"f":{"0":24,"1":3,"2":0,"3":1,"4":2,"5":6,"6":6,"7":8,"8":4,"9":4,"10":4,"11":0,"12":3},"b":{"0":[6,0],"1":[0],"2":[0],"3":[24,0],"4":[0,0]}}
,"D:/Documents/School/Penn State/Fall 2025/Capstone Project/Source code/BasePaths_Capstone/frontend/src/utils/RequireAuth.jsx": {"path":"D:/Documents/School/Penn State/Fall 2025/Capstone Project/Source code/BasePaths_Capstone/frontend/src/utils/RequireAuth.jsx","statementMap":{"0":{"start":{"line":5,"column":4},"end":{"line":5,"column":null}},"1":{"start":{"line":6,"column":1},"end":{"line":4,"column":35}},"2":{"start":{"line":4,"column":35},"end":{"line":4,"column":36}}},"fnMap":{"0":{"name":"RequireAuth","decl":{"start":{"line":4,"column":24},"end":{"line":4,"column":35}},"loc":{"start":{"line":4,"column":50},"end":{"line":6,"column":1}}}},"branchMap":{"0":{"loc":{"start":{"line":5,"column":11},"end":{"line":5,"column":null}},"type":"cond-expr","locations":[{"start":{"line":5,"column":26},"end":{"line":5,"column":37}},{"start":{"line":5,"column":37},"end":{"line":5,"column":null}}]}},"s":{"0":12,"1":9,"2":9},"f":{"0":12},"b":{"0":[12,0]}}
,"D:/Documents/School/Penn State/Fall 2025/Capstone Project/Source code/BasePaths_Capstone/frontend/src/utils/authUtils.js": {"path":"D:/Documents/School/Penn State/Fall 2025/Capstone Project/Source code/BasePaths_Capstone/frontend/src/utils/authUtils.js","statementMap":{"0":{"start":{"line":1,"column":25},"end":{"line":3,"column":1}},"1":{"start":{"line":2,"column":4},"end":{"line":2,"column":41}},"2":{"start":{"line":5,"column":24},"end":{"line":7,"column":1}},"3":{"start":{"line":6,"column":4},"end":{"line":6,"column":41}},"4":{"start":{"line":9,"column":26},"end":{"line":11,"column":1}},"5":{"start":{"line":10,"column":4},"end":{"line":10,"column":37}},"6":{"start":{"line":13,"column":26},"end":{"line":15,"column":1}},"7":{"start":{"line":14,"column":4},"end":{"line":14,"column":24}}},"fnMap":{"0":{"name":"(anonymous_0)","decl":{"start":{"line":1,"column":25},"end":{"line":1,"column":26}},"loc":{"start":{"line":1,"column":36},"end":{"line":3,"column":1}}},"1":{"name":"(anonymous_1)","decl":{"start":{"line":5,"column":24},"end":{"line":5,"column":25}},"loc":{"start":{"line":5,"column":30},"end":{"line":7,"column":1}}},"2":{"name":"(anonymous_2)","decl":{"start":{"line":9,"column":26},"end":{"line":9,"column":27}},"loc":{"start":{"line":9,"column":32},"end":{"line":11,"column":1}}},"3":{"name":"(anonymous_3)","decl":{"start":{"line":13,"column":26},"end":{"line":13,"column":27}},"loc":{"start":{"line":13,"column":32},"end":{"line":15,"column":1}}}},"branchMap":{},"s":{"0":9,"1":2,"2":9,"3":20,"4":9,"5":1,"6":9,"7":12},"f":{"0":2,"1":20,"2":1,"3":12},"b":{}}
}
