TN:
SF:frontend\src\App.jsx
FN:7,App
FNF:1
FNH:1
FNDA:12,App
DA:8,12
DA:18,6
DA:20,6
LF:3
LH:3
BRF:0
BRH:0
end_of_record
TN:
SF:frontend\src\main.jsx
FNF:0
FNH:0
DA:6,6
LF:1
LH:1
BRF:0
BRH:0
end_of_record
TN:
SF:frontend\src\components\MuiNavbar.jsx
FN:6,(anonymous_0)
FN:9,(anonymous_1)
FN:6,(anonymous_2)
FNF:3
FNH:3
FNDA:4,(anonymous_0)
FNDA:1,(anonymous_1)
FNDA:2,(anonymous_2)
DA:6,6
DA:7,6
DA:9,4
DA:10,1
DA:11,1
DA:13,4
DA:30,6
LF:7
LH:7
BRF:0
BRH:0
end_of_record
TN:
SF:frontend\src\pages\CreateAccount.jsx
FN:12,CreateAccount
FN:18,(anonymous_1)
FN:57,(anonymous_2)
FN:65,(anonymous_3)
FN:12,(anonymous_4)
FNF:5
FNH:5
FNDA:146,CreateAccount
FNDA:3,(anonymous_1)
FNDA:32,(anonymous_2)
FNDA:35,(anonymous_3)
FNDA:3,(anonymous_4)
DA:12,146
DA:13,146
DA:14,146
DA:15,146
DA:16,146
DA:18,146
DA:19,3
DA:21,3
DA:22,3
DA:30,3
DA:31,0
DA:32,0
DA:33,0
DA:34,0
DA:36,3
DA:37,3
DA:40,0
DA:44,146
DA:57,32
DA:65,35
DA:84,6
DA:86,6
LF:22
LH:17
BRDA:30,0,0,0
BRDA:30,0,1,3
BRDA:76,1,0,146
BRDA:76,1,1,6
BRDA:77,2,0,6
BRDA:77,2,1,0
BRF:6
BRH:4
end_of_record
TN:
SF:frontend\src\pages\Home.jsx
FN:4,Home
FNF:1
FNH:1
FNDA:4,Home
DA:6,4
DA:16,6
DA:18,6
LF:3
LH:3
BRF:0
BRH:0
end_of_record
TN:
SF:frontend\src\pages\Login.jsx
FN:13,Login
FN:19,(anonymous_1)
FN:59,(anonymous_2)
FN:67,(anonymous_3)
FN:80,(anonymous_4)
FN:13,(anonymous_5)
FNF:6
FNH:5
FNDA:98,Login
FNDA:2,(anonymous_1)
FNDA:21,(anonymous_2)
FNDA:24,(anonymous_3)
FNDA:0,(anonymous_4)
FNDA:3,(anonymous_5)
DA:13,98
DA:14,98
DA:15,98
DA:16,98
DA:17,98
DA:19,98
DA:20,2
DA:22,2
DA:23,2
DA:31,2
DA:32,1
DA:33,1
DA:34,1
DA:35,1
DA:37,1
DA:38,1
DA:39,1
DA:42,0
DA:46,98
DA:59,21
DA:67,24
DA:80,0
DA:92,6
DA:94,6
LF:24
LH:22
BRDA:31,0,0,1
BRDA:31,0,1,1
BRDA:84,1,0,98
BRDA:84,1,1,2
BRDA:85,2,0,2
BRDA:85,2,1,0
BRF:6
BRH:5
end_of_record
TN:
SF:frontend\src\utils\RequireAuth.jsx
FN:4,RequireAuth
FNF:1
FNH:1
FNDA:4,RequireAuth
DA:4,6
DA:5,4
DA:6,6
LF:3
LH:3
BRDA:5,0,0,4
BRDA:5,0,1,0
BRF:2
BRH:1
end_of_record
TN:
SF:frontend\src\utils\authUtils.js
FN:1,(anonymous_0)
FN:5,(anonymous_1)
FN:9,(anonymous_2)
FN:13,(anonymous_3)
FNF:4
FNH:4
FNDA:1,(anonymous_0)
FNDA:4,(anonymous_1)
FNDA:1,(anonymous_2)
FNDA:4,(anonymous_3)
DA:1,6
DA:2,1
DA:5,6
DA:6,4
DA:9,6
DA:10,1
DA:13,6
DA:14,4
LF:8
LH:8
BRF:0
BRH:0
end_of_record
