TN:
SF:frontend\src\App.jsx
FN:9,App
FNF:1
FNH:1
FNDA:18,App
DA:10,18
DA:22,9
DA:24,9
LF:3
LH:3
BRF:0
BRH:0
end_of_record
TN:
SF:frontend\src\config.js
FNF:0
FNH:0
DA:1,9
LF:1
LH:1
BRDA:1,0,0,9
BRDA:1,0,1,0
BRF:2
BRH:1
end_of_record
TN:
SF:frontend\src\main.jsx
FNF:0
FNH:0
DA:6,9
LF:1
LH:1
BRF:0
BRH:0
end_of_record
TN:
SF:frontend\src\components\CreateTripForm.jsx
FN:17,(anonymous_0)
FN:25,(anonymous_1)
FN:26,(anonymous_2)
FN:29,(anonymous_3)
FN:55,(anonymous_4)
FN:77,(anonymous_5)
FN:84,(anonymous_6)
FN:91,(anonymous_7)
FNF:8
FNH:5
FNDA:60,(anonymous_0)
FNDA:17,(anonymous_1)
FNDA:34,(anonymous_2)
FNDA:2,(anonymous_3)
FNDA:0,(anonymous_4)
FNDA:17,(anonymous_5)
FNDA:0,(anonymous_6)
FNDA:0,(anonymous_7)
DA:17,60
DA:18,60
DA:19,60
DA:25,60
DA:26,34
DA:29,60
DA:30,2
DA:32,2
DA:33,2
DA:46,2
DA:47,1
DA:48,1
DA:49,1
DA:54,1
DA:55,1
DA:56,0
DA:57,0
DA:60,1
DA:61,1
DA:62,1
DA:65,0
DA:68,60
DA:77,17
DA:84,0
DA:91,0
DA:110,9
DA:112,9
LF:27
LH:22
BRDA:46,0,0,1
BRDA:46,0,1,1
BRDA:95,1,0,60
BRDA:95,1,1,4
BRDA:96,2,0,2
BRDA:96,2,1,2
BRF:6
BRH:6
end_of_record
TN:
SF:frontend\src\components\GenerateTripForm.jsx
FN:17,(anonymous_0)
FN:27,(anonymous_1)
FN:28,(anonymous_2)
FN:31,(anonymous_3)
FN:75,(anonymous_4)
FN:96,(anonymous_5)
FN:102,(anonymous_6)
FN:108,(anonymous_7)
FN:114,(anonymous_8)
FN:120,(anonymous_9)
FNF:10
FNH:0
FNDA:0,(anonymous_0)
FNDA:0,(anonymous_1)
FNDA:0,(anonymous_2)
FNDA:0,(anonymous_3)
FNDA:0,(anonymous_4)
FNDA:0,(anonymous_5)
FNDA:0,(anonymous_6)
FNDA:0,(anonymous_7)
FNDA:0,(anonymous_8)
FNDA:0,(anonymous_9)
DA:17,9
DA:18,0
DA:19,0
DA:27,0
DA:28,0
DA:31,0
DA:32,0
DA:34,0
DA:43,0
DA:50,0
DA:51,0
DA:54,0
DA:55,0
DA:64,0
DA:65,0
DA:66,0
DA:67,0
DA:74,0
DA:75,0
DA:76,0
DA:77,0
DA:80,0
DA:81,0
DA:82,0
DA:85,0
DA:88,0
DA:96,0
DA:102,0
DA:108,0
DA:114,0
DA:120,0
DA:138,9
DA:140,9
LF:33
LH:3
BRDA:43,0,0,0
BRDA:44,1,0,0
BRDA:44,1,1,0
BRDA:44,1,2,0
BRDA:44,1,3,0
BRDA:44,1,4,0
BRDA:64,2,0,0
BRDA:64,2,1,0
BRDA:123,3,0,0
BRDA:123,3,1,0
BRDA:124,4,0,0
BRDA:124,4,1,0
BRF:12
BRH:0
end_of_record
TN:
SF:frontend\src\components\MuiNavbar.jsx
FN:6,(anonymous_0)
FN:9,(anonymous_1)
FN:18,(anonymous_2)
FN:24,(anonymous_3)
FN:6,(anonymous_4)
FNF:5
FNH:3
FNDA:30,(anonymous_0)
FNDA:1,(anonymous_1)
FNDA:0,(anonymous_2)
FNDA:0,(anonymous_3)
FNDA:6,(anonymous_4)
DA:6,30
DA:7,30
DA:9,30
DA:10,1
DA:11,1
DA:14,30
DA:18,0
DA:24,0
DA:36,9
LF:9
LH:7
BRF:0
BRH:0
end_of_record
TN:
SF:frontend\src\pages\CreateAccount.jsx
FN:13,CreateAccount
FN:19,(anonymous_1)
FN:58,(anonymous_2)
FN:66,(anonymous_3)
FN:13,(anonymous_4)
FNF:5
FNH:5
FNDA:144,CreateAccount
FNDA:3,(anonymous_1)
FNDA:32,(anonymous_2)
FNDA:35,(anonymous_3)
FNDA:3,(anonymous_4)
DA:13,144
DA:14,144
DA:15,144
DA:16,144
DA:17,144
DA:19,144
DA:20,3
DA:22,3
DA:23,3
DA:31,3
DA:32,1
DA:33,1
DA:34,1
DA:35,1
DA:37,2
DA:38,2
DA:41,0
DA:45,144
DA:58,32
DA:66,35
DA:85,9
DA:87,9
LF:22
LH:21
BRDA:31,0,0,1
BRDA:31,0,1,2
BRDA:77,1,0,144
BRDA:77,1,1,4
BRDA:78,2,0,4
BRDA:78,2,1,0
BRF:6
BRH:5
end_of_record
TN:
SF:frontend\src\pages\Home.jsx
FN:4,Home
FNF:1
FNH:1
FNDA:6,Home
DA:6,6
DA:16,9
DA:18,9
LF:3
LH:3
BRF:0
BRH:0
end_of_record
TN:
SF:frontend\src\pages\Login.jsx
FN:14,Login
FN:20,(anonymous_1)
FN:60,(anonymous_2)
FN:68,(anonymous_3)
FN:81,(anonymous_4)
FN:14,(anonymous_5)
FNF:6
FNH:5
FNDA:98,Login
FNDA:2,(anonymous_1)
FNDA:21,(anonymous_2)
FNDA:24,(anonymous_3)
FNDA:0,(anonymous_4)
FNDA:3,(anonymous_5)
DA:14,98
DA:15,98
DA:16,98
DA:17,98
DA:18,98
DA:20,98
DA:21,2
DA:23,2
DA:24,2
DA:32,2
DA:33,1
DA:34,1
DA:35,1
DA:36,1
DA:38,1
DA:39,1
DA:40,1
DA:43,0
DA:47,98
DA:60,21
DA:68,24
DA:81,0
DA:93,9
DA:95,9
LF:24
LH:22
BRDA:32,0,0,1
BRDA:32,0,1,1
BRDA:85,1,0,98
BRDA:85,1,1,2
BRDA:86,2,0,2
BRDA:86,2,1,0
BRF:6
BRH:5
end_of_record
TN:
SF:frontend\src\pages\TripsDetailsPage.jsx
FN:11,TripsDetailsPage
FN:20,(anonymous_1)
FN:21,(anonymous_2)
FN:23,(anonymous_3)
FN:27,(anonymous_4)
FN:29,(anonymous_5)
FN:51,(anonymous_6)
FN:56,(anonymous_7)
FN:58,(anonymous_8)
FN:104,(anonymous_9)
FN:106,(anonymous_10)
FN:111,(anonymous_11)
FN:11,(anonymous_12)
FNF:13
FNH:0
FNDA:0,TripsDetailsPage
FNDA:0,(anonymous_1)
FNDA:0,(anonymous_2)
FNDA:0,(anonymous_3)
FNDA:0,(anonymous_4)
FNDA:0,(anonymous_5)
FNDA:0,(anonymous_6)
FNDA:0,(anonymous_7)
FNDA:0,(anonymous_8)
FNDA:0,(anonymous_9)
FNDA:0,(anonymous_10)
FNDA:0,(anonymous_11)
FNDA:0,(anonymous_12)
DA:11,0
DA:12,0
DA:13,9
DA:14,0
DA:15,0
DA:16,0
DA:18,0
DA:20,0
DA:21,0
DA:23,0
DA:24,0
DA:27,0
DA:28,0
DA:29,0
DA:30,0
DA:31,0
DA:35,0
DA:36,0
DA:37,0
DA:40,0
DA:41,0
DA:43,0
DA:47,0
DA:51,0
DA:52,0
DA:53,0
DA:56,0
DA:57,0
DA:59,0
DA:60,0
DA:62,0
DA:63,0
DA:64,0
DA:67,0
DA:68,0
DA:69,0
DA:74,0
DA:75,0
DA:76,0
DA:79,0
DA:80,0
DA:81,0
DA:86,0
DA:94,0
DA:97,0
DA:100,0
DA:104,0
DA:106,0
DA:111,0
DA:112,0
DA:119,0
DA:120,0
DA:127,0
DA:129,0
DA:184,9
DA:186,9
LF:56
LH:3
BRDA:14,0,0,0
BRDA:14,0,1,0
BRDA:28,1,0,0
BRDA:35,2,0,0
BRDA:37,3,0,0
BRDA:37,3,1,0
BRDA:52,4,0,0
BRDA:62,5,0,0
BRDA:67,6,0,0
BRDA:74,7,0,0
BRDA:79,8,0,0
BRDA:106,9,0,0
BRDA:106,9,1,0
BRDA:112,10,0,0
BRDA:112,10,1,0
BRDA:119,11,0,0
BRDA:127,12,0,0
BRDA:154,13,0,0
BRDA:154,13,1,0
BRDA:155,14,0,0
BRDA:155,14,1,0
BRDA:156,15,0,0
BRDA:156,15,1,0
BRDA:156,16,0,0
BRDA:156,16,1,0
BRDA:158,17,0,0
BRDA:158,17,1,0
BRDA:158,18,0,0
BRDA:158,18,1,0
BRDA:166,19,0,0
BRDA:166,19,1,0
BRF:31
BRH:0
end_of_record
TN:
SF:frontend\src\pages\TripsPage.jsx
FN:10,TripsPage
FN:17,(anonymous_1)
FN:18,(anonymous_2)
FN:20,(anonymous_3)
FN:21,(anonymous_4)
FN:24,(anonymous_5)
FN:28,(anonymous_6)
FN:47,(anonymous_7)
FN:62,(anonymous_8)
FN:73,(anonymous_9)
FN:109,(anonymous_10)
FN:110,(anonymous_11)
FN:10,(anonymous_12)
FNF:13
FNH:11
FNDA:24,TripsPage
FNDA:3,(anonymous_1)
FNDA:0,(anonymous_2)
FNDA:1,(anonymous_3)
FNDA:2,(anonymous_4)
FNDA:6,(anonymous_5)
FNDA:6,(anonymous_6)
FNDA:8,(anonymous_7)
FNDA:4,(anonymous_8)
FNDA:4,(anonymous_9)
FNDA:4,(anonymous_10)
FNDA:0,(anonymous_11)
FNDA:3,(anonymous_12)
DA:10,24
DA:11,24
DA:13,24
DA:14,24
DA:15,24
DA:17,24
DA:18,24
DA:20,24
DA:21,2
DA:24,24
DA:25,6
DA:28,24
DA:29,6
DA:30,6
DA:33,6
DA:34,6
DA:35,6
DA:38,0
DA:39,0
DA:40,0
DA:43,0
DA:47,24
DA:48,8
DA:49,8
DA:57,24
DA:63,4
DA:64,4
DA:65,0
DA:67,4
DA:74,4
DA:75,4
DA:76,0
DA:78,4
DA:83,24
DA:109,4
DA:110,0
DA:117,9
DA:119,9
LF:38
LH:31
BRDA:33,0,0,6
BRDA:33,0,1,0
BRDA:64,1,0,0
BRDA:75,2,0,0
BRDA:100,3,0,24
BRDA:100,3,1,0
BRDA:101,4,0,0
BRDA:101,4,1,0
BRF:8
BRH:2
end_of_record
TN:
SF:frontend\src\utils\RequireAuth.jsx
FN:4,RequireAuth
FNF:1
FNH:1
FNDA:12,RequireAuth
DA:4,9
DA:5,12
DA:6,9
LF:3
LH:3
BRDA:5,0,0,12
BRDA:5,0,1,0
BRF:2
BRH:1
end_of_record
TN:
SF:frontend\src\utils\authUtils.js
FN:1,(anonymous_0)
FN:5,(anonymous_1)
FN:9,(anonymous_2)
FN:13,(anonymous_3)
FNF:4
FNH:4
FNDA:2,(anonymous_0)
FNDA:20,(anonymous_1)
FNDA:1,(anonymous_2)
FNDA:12,(anonymous_3)
DA:1,9
DA:2,2
DA:5,9
DA:6,20
DA:9,9
DA:10,1
DA:13,9
DA:14,12
LF:8
LH:8
BRF:0
BRH:0
end_of_record
